{"D:\\MyRepo\\Idream2\\backend\\__tests__\\app.js": {"path":"D:\\MyRepo\\Idream2\\backend\\__tests__\\app.js","statementMap":{"0":{"start":{"line":2,"column":16},"end":{"line":2,"column":34}},"1":{"start":{"line":3,"column":17},"end":{"line":3,"column":36}},"2":{"start":{"line":4,"column":13},"end":{"line":4,"column":28}},"3":{"start":{"line":5,"column":13},"end":{"line":5,"column":28}},"4":{"start":{"line":7,"column":12},"end":{"line":7,"column":21}},"5":{"start":{"line":10,"column":0},"end":{"line":10,"column":16}},"6":{"start":{"line":11,"column":0},"end":{"line":11,"column":24}},"7":{"start":{"line":12,"column":0},"end":{"line":12,"column":48}},"8":{"start":{"line":13,"column":0},"end":{"line":13,"column":72}},"9":{"start":{"line":16,"column":0},"end":{"line":16,"column":48}},"10":{"start":{"line":17,"column":0},"end":{"line":17,"column":50}},"11":{"start":{"line":18,"column":0},"end":{"line":18,"column":50}},"12":{"start":{"line":19,"column":0},"end":{"line":19,"column":56}},"13":{"start":{"line":20,"column":0},"end":{"line":20,"column":60}},"14":{"start":{"line":21,"column":0},"end":{"line":21,"column":50}},"15":{"start":{"line":22,"column":0},"end":{"line":22,"column":62}},"16":{"start":{"line":23,"column":0},"end":{"line":23,"column":48}},"17":{"start":{"line":24,"column":0},"end":{"line":24,"column":54}},"18":{"start":{"line":25,"column":0},"end":{"line":25,"column":54}},"19":{"start":{"line":26,"column":0},"end":{"line":26,"column":52}},"20":{"start":{"line":27,"column":0},"end":{"line":27,"column":52}},"21":{"start":{"line":28,"column":0},"end":{"line":28,"column":66}},"22":{"start":{"line":29,"column":0},"end":{"line":29,"column":66}},"23":{"start":{"line":32,"column":0},"end":{"line":39,"column":3}},"24":{"start":{"line":33,"column":19},"end":{"line":33,"column":86}},"25":{"start":{"line":34,"column":2},"end":{"line":38,"column":5}},"26":{"start":{"line":41,"column":0},"end":{"line":41,"column":21}}},"fnMap":{"0":{"name":"(anonymous_0)","decl":{"start":{"line":32,"column":23},"end":{"line":32,"column":24}},"loc":{"start":{"line":32,"column":37},"end":{"line":39,"column":1}},"line":32}},"branchMap":{"0":{"loc":{"start":{"line":33,"column":19},"end":{"line":33,"column":86}},"type":"cond-expr","locations":[{"start":{"line":33,"column":58},"end":{"line":33,"column":69}},{"start":{"line":33,"column":72},"end":{"line":33,"column":86}}],"line":33}},"s":{"0":4,"1":4,"2":4,"3":4,"4":4,"5":4,"6":4,"7":4,"8":4,"9":4,"10":4,"11":4,"12":4,"13":4,"14":4,"15":4,"16":4,"17":4,"18":4,"19":4,"20":4,"21":4,"22":4,"23":4,"24":0,"25":0,"26":4},"f":{"0":0},"b":{"0":[0,0]},"_coverageSchema":"1a1c01bbd47fc00a2c39e90264f33305004495a9","hash":"16aaceee18bca4f09fea7a44c983306ef681cdcf"}
,"D:\\MyRepo\\Idream2\\backend\\__tests__\\helpers\\testHelpers.js": {"path":"D:\\MyRepo\\Idream2\\backend\\__tests__\\helpers\\testHelpers.js","statementMap":{"0":{"start":{"line":1,"column":12},"end":{"line":1,"column":35}},"1":{"start":{"line":2,"column":13},"end":{"line":2,"column":41}},"2":{"start":{"line":3,"column":13},"end":{"line":3,"column":41}},"3":{"start":{"line":4,"column":19},"end":{"line":4,"column":53}},"4":{"start":{"line":5,"column":13},"end":{"line":5,"column":41}},"5":{"start":{"line":6,"column":17},"end":{"line":6,"column":49}},"6":{"start":{"line":7,"column":15},"end":{"line":7,"column":34}},"7":{"start":{"line":12,"column":23},"end":{"line":69,"column":1}},"8":{"start":{"line":13,"column":13},"end":{"line":13,"column":26}},"9":{"start":{"line":14,"column":2},"end":{"line":44,"column":3}},"10":{"start":{"line":16,"column":4},"end":{"line":21,"column":7}},"11":{"start":{"line":22,"column":9},"end":{"line":44,"column":3}},"12":{"start":{"line":24,"column":4},"end":{"line":35,"column":5}},"13":{"start":{"line":26,"column":6},"end":{"line":26,"column":18}},"14":{"start":{"line":29,"column":6},"end":{"line":34,"column":9}},"15":{"start":{"line":36,"column":9},"end":{"line":44,"column":3}},"16":{"start":{"line":38,"column":4},"end":{"line":43,"column":7}},"17":{"start":{"line":47,"column":46},"end":{"line":47,"column":54}},"18":{"start":{"line":50,"column":22},"end":{"line":58,"column":3}},"19":{"start":{"line":62,"column":2},"end":{"line":64,"column":3}},"20":{"start":{"line":63,"column":4},"end":{"line":63,"column":41}},"21":{"start":{"line":66,"column":15},"end":{"line":66,"column":45}},"22":{"start":{"line":68,"column":2},"end":{"line":68,"column":24}},"23":{"start":{"line":74,"column":23},"end":{"line":90,"column":1}},"24":{"start":{"line":75,"column":15},"end":{"line":80,"column":4}},"25":{"start":{"line":82,"column":2},"end":{"line":87,"column":3}},"26":{"start":{"line":83,"column":27},"end":{"line":83,"column":67}},"27":{"start":{"line":84,"column":4},"end":{"line":84,"column":54}},"28":{"start":{"line":84,"column":47},"end":{"line":84,"column":52}},"29":{"start":{"line":85,"column":4},"end":{"line":85,"column":22}},"30":{"start":{"line":86,"column":4},"end":{"line":86,"column":49}},"31":{"start":{"line":89,"column":2},"end":{"line":89,"column":35}},"32":{"start":{"line":95,"column":30},"end":{"line":113,"column":1}},"33":{"start":{"line":96,"column":22},"end":{"line":96,"column":24}},"34":{"start":{"line":97,"column":2},"end":{"line":111,"column":3}},"35":{"start":{"line":98,"column":31},"end":{"line":98,"column":50}},"36":{"start":{"line":100,"column":17},"end":{"line":109,"column":5}},"37":{"start":{"line":110,"column":4},"end":{"line":110,"column":27}},"38":{"start":{"line":112,"column":2},"end":{"line":112,"column":21}},"39":{"start":{"line":118,"column":26},"end":{"line":124,"column":1}},"40":{"start":{"line":119,"column":2},"end":{"line":123,"column":4}},"41":{"start":{"line":129,"column":23},"end":{"line":134,"column":1}},"42":{"start":{"line":130,"column":2},"end":{"line":133,"column":4}},"43":{"start":{"line":139,"column":23},"end":{"line":162,"column":1}},"44":{"start":{"line":140,"column":17},"end":{"line":140,"column":34}},"45":{"start":{"line":141,"column":2},"end":{"line":147,"column":3}},"46":{"start":{"line":142,"column":4},"end":{"line":146,"column":7}},"47":{"start":{"line":149,"column":22},"end":{"line":159,"column":3}},"48":{"start":{"line":161,"column":2},"end":{"line":161,"column":40}},"49":{"start":{"line":167,"column":27},"end":{"line":176,"column":1}},"50":{"start":{"line":168,"column":26},"end":{"line":173,"column":3}},"51":{"start":{"line":175,"column":2},"end":{"line":175,"column":48}},"52":{"start":{"line":181,"column":25},"end":{"line":235,"column":1}},"53":{"start":{"line":183,"column":25},"end":{"line":190,"column":4}},"54":{"start":{"line":193,"column":2},"end":{"line":193,"column":54}},"55":{"start":{"line":196,"column":25},"end":{"line":201,"column":4}},"56":{"start":{"line":199,"column":41},"end":{"line":199,"column":46}},"57":{"start":{"line":204,"column":2},"end":{"line":206,"column":3}},"58":{"start":{"line":205,"column":4},"end":{"line":205,"column":73}},"59":{"start":{"line":209,"column":19},"end":{"line":209,"column":71}},"60":{"start":{"line":210,"column":2},"end":{"line":232,"column":3}},"61":{"start":{"line":212,"column":4},"end":{"line":219,"column":7}},"62":{"start":{"line":223,"column":4},"end":{"line":231,"column":6}},"63":{"start":{"line":234,"column":2},"end":{"line":234,"column":81}},"64":{"start":{"line":237,"column":0},"end":{"line":246,"column":2}}},"fnMap":{"0":{"name":"(anonymous_0)","decl":{"start":{"line":12,"column":23},"end":{"line":12,"column":24}},"loc":{"start":{"line":12,"column":48},"end":{"line":69,"column":1}},"line":12},"1":{"name":"(anonymous_1)","decl":{"start":{"line":74,"column":23},"end":{"line":74,"column":24}},"loc":{"start":{"line":74,"column":66},"end":{"line":90,"column":1}},"line":74},"2":{"name":"(anonymous_2)","decl":{"start":{"line":84,"column":42},"end":{"line":84,"column":43}},"loc":{"start":{"line":84,"column":47},"end":{"line":84,"column":52}},"line":84},"3":{"name":"(anonymous_3)","decl":{"start":{"line":95,"column":30},"end":{"line":95,"column":31}},"loc":{"start":{"line":95,"column":62},"end":{"line":113,"column":1}},"line":95},"4":{"name":"(anonymous_4)","decl":{"start":{"line":118,"column":26},"end":{"line":118,"column":27}},"loc":{"start":{"line":118,"column":38},"end":{"line":124,"column":1}},"line":118},"5":{"name":"(anonymous_5)","decl":{"start":{"line":129,"column":23},"end":{"line":129,"column":24}},"loc":{"start":{"line":129,"column":34},"end":{"line":134,"column":1}},"line":129},"6":{"name":"(anonymous_6)","decl":{"start":{"line":139,"column":23},"end":{"line":139,"column":24}},"loc":{"start":{"line":139,"column":48},"end":{"line":162,"column":1}},"line":139},"7":{"name":"(anonymous_7)","decl":{"start":{"line":167,"column":27},"end":{"line":167,"column":28}},"loc":{"start":{"line":167,"column":56},"end":{"line":176,"column":1}},"line":167},"8":{"name":"(anonymous_8)","decl":{"start":{"line":181,"column":25},"end":{"line":181,"column":26}},"loc":{"start":{"line":181,"column":37},"end":{"line":235,"column":1}},"line":181},"9":{"name":"(anonymous_9)","decl":{"start":{"line":199,"column":36},"end":{"line":199,"column":37}},"loc":{"start":{"line":199,"column":41},"end":{"line":199,"column":46}},"line":199}},"branchMap":{"0":{"loc":{"start":{"line":12,"column":30},"end":{"line":12,"column":43}},"type":"default-arg","locations":[{"start":{"line":12,"column":41},"end":{"line":12,"column":43}}],"line":12},"1":{"loc":{"start":{"line":14,"column":2},"end":{"line":44,"column":3}},"type":"if","locations":[{"start":{"line":14,"column":2},"end":{"line":44,"column":3}},{"start":{"line":22,"column":9},"end":{"line":44,"column":3}}],"line":14},"2":{"loc":{"start":{"line":22,"column":9},"end":{"line":44,"column":3}},"type":"if","locations":[{"start":{"line":22,"column":9},"end":{"line":44,"column":3}},{"start":{"line":36,"column":9},"end":{"line":44,"column":3}}],"line":22},"3":{"loc":{"start":{"line":24,"column":4},"end":{"line":35,"column":5}},"type":"if","locations":[{"start":{"line":24,"column":4},"end":{"line":35,"column":5}},{"start":{"line":27,"column":11},"end":{"line":35,"column":5}}],"line":24},"4":{"loc":{"start":{"line":30,"column":14},"end":{"line":30,"column":50}},"type":"binary-expr","locations":[{"start":{"line":30,"column":14},"end":{"line":30,"column":23}},{"start":{"line":30,"column":27},"end":{"line":30,"column":50}}],"line":30},"5":{"loc":{"start":{"line":31,"column":21},"end":{"line":31,"column":52}},"type":"binary-expr","locations":[{"start":{"line":31,"column":21},"end":{"line":31,"column":37}},{"start":{"line":31,"column":41},"end":{"line":31,"column":52}}],"line":31},"6":{"loc":{"start":{"line":32,"column":18},"end":{"line":32,"column":68}},"type":"cond-expr","locations":[{"start":{"line":32,"column":48},"end":{"line":32,"column":61}},{"start":{"line":32,"column":64},"end":{"line":32,"column":68}}],"line":32},"7":{"loc":{"start":{"line":33,"column":21},"end":{"line":33,"column":43}},"type":"binary-expr","locations":[{"start":{"line":33,"column":21},"end":{"line":33,"column":37}},{"start":{"line":33,"column":41},"end":{"line":33,"column":43}}],"line":33},"8":{"loc":{"start":{"line":36,"column":9},"end":{"line":44,"column":3}},"type":"if","locations":[{"start":{"line":36,"column":9},"end":{"line":44,"column":3}},{"start":{},"end":{}}],"line":36},"9":{"loc":{"start":{"line":38,"column":11},"end":{"line":43,"column":6}},"type":"binary-expr","locations":[{"start":{"line":38,"column":11},"end":{"line":38,"column":45}},{"start":{"line":38,"column":49},"end":{"line":43,"column":6}}],"line":38},"10":{"loc":{"start":{"line":52,"column":14},"end":{"line":52,"column":48}},"type":"binary-expr","locations":[{"start":{"line":52,"column":14},"end":{"line":52,"column":31}},{"start":{"line":52,"column":35},"end":{"line":52,"column":48}}],"line":52},"11":{"loc":{"start":{"line":62,"column":2},"end":{"line":64,"column":3}},"type":"if","locations":[{"start":{"line":62,"column":2},"end":{"line":64,"column":3}},{"start":{},"end":{}}],"line":62},"12":{"loc":{"start":{"line":74,"column":30},"end":{"line":74,"column":43}},"type":"default-arg","locations":[{"start":{"line":74,"column":41},"end":{"line":74,"column":43}}],"line":74},"13":{"loc":{"start":{"line":74,"column":45},"end":{"line":74,"column":61}},"type":"default-arg","locations":[{"start":{"line":74,"column":59},"end":{"line":74,"column":61}}],"line":74},"14":{"loc":{"start":{"line":76,"column":10},"end":{"line":76,"column":50}},"type":"binary-expr","locations":[{"start":{"line":76,"column":10},"end":{"line":76,"column":23}},{"start":{"line":76,"column":27},"end":{"line":76,"column":50}}],"line":76},"15":{"loc":{"start":{"line":77,"column":17},"end":{"line":77,"column":52}},"type":"binary-expr","locations":[{"start":{"line":77,"column":17},"end":{"line":77,"column":37}},{"start":{"line":77,"column":41},"end":{"line":77,"column":52}}],"line":77},"16":{"loc":{"start":{"line":78,"column":14},"end":{"line":78,"column":72}},"type":"cond-expr","locations":[{"start":{"line":78,"column":48},"end":{"line":78,"column":65}},{"start":{"line":78,"column":68},"end":{"line":78,"column":72}}],"line":78},"17":{"loc":{"start":{"line":82,"column":2},"end":{"line":87,"column":3}},"type":"if","locations":[{"start":{"line":82,"column":2},"end":{"line":87,"column":3}},{"start":{},"end":{}}],"line":82},"18":{"loc":{"start":{"line":95,"column":37},"end":{"line":95,"column":57}},"type":"default-arg","locations":[{"start":{"line":95,"column":55},"end":{"line":95,"column":57}}],"line":95},"19":{"loc":{"start":{"line":121,"column":4},"end":{"line":121,"column":55}},"type":"binary-expr","locations":[{"start":{"line":121,"column":4},"end":{"line":121,"column":26}},{"start":{"line":121,"column":30},"end":{"line":121,"column":55}}],"line":121},"20":{"loc":{"start":{"line":122,"column":17},"end":{"line":122,"column":47}},"type":"binary-expr","locations":[{"start":{"line":122,"column":17},"end":{"line":122,"column":39}},{"start":{"line":122,"column":43},"end":{"line":122,"column":47}}],"line":122},"21":{"loc":{"start":{"line":139,"column":30},"end":{"line":139,"column":43}},"type":"default-arg","locations":[{"start":{"line":139,"column":41},"end":{"line":139,"column":43}}],"line":139},"22":{"loc":{"start":{"line":141,"column":2},"end":{"line":147,"column":3}},"type":"if","locations":[{"start":{"line":141,"column":2},"end":{"line":147,"column":3}},{"start":{},"end":{}}],"line":141},"23":{"loc":{"start":{"line":167,"column":34},"end":{"line":167,"column":51}},"type":"default-arg","locations":[{"start":{"line":167,"column":49},"end":{"line":167,"column":51}}],"line":167},"24":{"loc":{"start":{"line":204,"column":2},"end":{"line":206,"column":3}},"type":"if","locations":[{"start":{"line":204,"column":2},"end":{"line":206,"column":3}},{"start":{},"end":{}}],"line":204},"25":{"loc":{"start":{"line":204,"column":6},"end":{"line":204,"column":76}},"type":"binary-expr","locations":[{"start":{"line":204,"column":6},"end":{"line":204,"column":33}},{"start":{"line":204,"column":37},"end":{"line":204,"column":76}}],"line":204},"26":{"loc":{"start":{"line":210,"column":2},"end":{"line":232,"column":3}},"type":"if","locations":[{"start":{"line":210,"column":2},"end":{"line":232,"column":3}},{"start":{"line":220,"column":9},"end":{"line":232,"column":3}}],"line":210}},"s":{"0":5,"1":5,"2":5,"3":5,"4":5,"5":5,"6":5,"7":5,"8":41,"9":41,"10":15,"11":26,"12":26,"13":0,"14":26,"15":0,"16":0,"17":41,"18":41,"19":41,"20":0,"21":41,"22":41,"23":5,"24":0,"25":0,"26":0,"27":0,"28":0,"29":0,"30":0,"31":0,"32":5,"33":50,"34":50,"35":629,"36":629,"37":629,"38":50,"39":5,"40":58,"41":5,"42":0,"43":5,"44":26,"45":26,"46":7,"47":26,"48":26,"49":5,"50":17,"51":17,"52":5,"53":24,"54":24,"55":24,"56":552,"57":24,"58":0,"59":24,"60":24,"61":24,"62":0,"63":24,"64":5},"f":{"0":41,"1":0,"2":0,"3":50,"4":58,"5":0,"6":26,"7":17,"8":24,"9":552},"b":{"0":[6],"1":[15,26],"2":[26,0],"3":[0,26],"4":[26,0],"5":[26,26],"6":[26,0],"7":[26,0],"8":[0,0],"9":[0,0],"10":[41,36],"11":[0,41],"12":[0],"13":[0],"14":[0,0],"15":[0,0],"16":[0,0],"17":[0,0],"18":[0],"19":[58,0],"20":[58,0],"21":[0],"22":[7,19],"23":[17],"24":[0,24],"25":[24,24],"26":[24,0]},"_coverageSchema":"1a1c01bbd47fc00a2c39e90264f33305004495a9","hash":"2e54eeeec009a663e52ebda0f88b38abc168b33d"}
,"D:\\MyRepo\\Idream2\\backend\\controllers\\authController.js": {"path":"D:\\MyRepo\\Idream2\\backend\\controllers\\authController.js","statementMap":{"0":{"start":{"line":1,"column":12},"end":{"line":1,"column":35}},"1":{"start":{"line":2,"column":13},"end":{"line":2,"column":38}},"2":{"start":{"line":3,"column":13},"end":{"line":3,"column":38}},"3":{"start":{"line":4,"column":13},"end":{"line":4,"column":38}},"4":{"start":{"line":5,"column":25},"end":{"line":5,"column":50}},"5":{"start":{"line":7,"column":22},"end":{"line":11,"column":1}},"6":{"start":{"line":8,"column":2},"end":{"line":10,"column":5}},"7":{"start":{"line":14,"column":0},"end":{"line":92,"column":2}},"8":{"start":{"line":15,"column":2},"end":{"line":15,"column":46}},"9":{"start":{"line":16,"column":2},"end":{"line":16,"column":51}},"10":{"start":{"line":18,"column":2},"end":{"line":91,"column":3}},"11":{"start":{"line":19,"column":39},"end":{"line":19,"column":47}},"12":{"start":{"line":20,"column":4},"end":{"line":20,"column":53}},"13":{"start":{"line":21,"column":4},"end":{"line":21,"column":53}},"14":{"start":{"line":22,"column":4},"end":{"line":22,"column":65}},"15":{"start":{"line":25,"column":4},"end":{"line":28,"column":5}},"16":{"start":{"line":26,"column":6},"end":{"line":26,"column":68}},"17":{"start":{"line":27,"column":6},"end":{"line":27,"column":90}},"18":{"start":{"line":31,"column":4},"end":{"line":31,"column":57}},"19":{"start":{"line":32,"column":25},"end":{"line":32,"column":54}},"20":{"start":{"line":33,"column":4},"end":{"line":36,"column":5}},"21":{"start":{"line":34,"column":6},"end":{"line":34,"column":85}},"22":{"start":{"line":35,"column":6},"end":{"line":35,"column":70}},"23":{"start":{"line":37,"column":4},"end":{"line":37,"column":40}},"24":{"start":{"line":40,"column":20},"end":{"line":40,"column":57}},"25":{"start":{"line":41,"column":4},"end":{"line":59,"column":5}},"26":{"start":{"line":43,"column":25},"end":{"line":43,"column":56}},"27":{"start":{"line":44,"column":30},"end":{"line":50,"column":8}},"28":{"start":{"line":52,"column":6},"end":{"line":57,"column":9}},"29":{"start":{"line":55,"column":46},"end":{"line":55,"column":51}},"30":{"start":{"line":58,"column":6},"end":{"line":58,"column":54}},"31":{"start":{"line":62,"column":4},"end":{"line":64,"column":5}},"32":{"start":{"line":63,"column":6},"end":{"line":63,"column":75}},"33":{"start":{"line":67,"column":17},"end":{"line":74,"column":6}},"34":{"start":{"line":77,"column":16},"end":{"line":77,"column":70}},"35":{"start":{"line":78,"column":4},"end":{"line":78,"column":36}},"36":{"start":{"line":79,"column":4},"end":{"line":79,"column":66}},"37":{"start":{"line":80,"column":4},"end":{"line":80,"column":22}},"38":{"start":{"line":82,"column":4},"end":{"line":82,"column":35}},"39":{"start":{"line":84,"column":4},"end":{"line":87,"column":7}},"40":{"start":{"line":89,"column":4},"end":{"line":89,"column":48}},"41":{"start":{"line":90,"column":4},"end":{"line":90,"column":53}},"42":{"start":{"line":95,"column":0},"end":{"line":264,"column":2}},"43":{"start":{"line":96,"column":2},"end":{"line":263,"column":3}},"44":{"start":{"line":97,"column":112},"end":{"line":97,"column":120}},"45":{"start":{"line":99,"column":4},"end":{"line":101,"column":5}},"46":{"start":{"line":100,"column":6},"end":{"line":100,"column":105}},"47":{"start":{"line":104,"column":4},"end":{"line":106,"column":5}},"48":{"start":{"line":105,"column":6},"end":{"line":105,"column":99}},"49":{"start":{"line":109,"column":23},"end":{"line":109,"column":51}},"50":{"start":{"line":110,"column":4},"end":{"line":112,"column":5}},"51":{"start":{"line":111,"column":6},"end":{"line":111,"column":85}},"52":{"start":{"line":115,"column":25},"end":{"line":117,"column":6}},"53":{"start":{"line":118,"column":4},"end":{"line":120,"column":5}},"54":{"start":{"line":119,"column":6},"end":{"line":119,"column":102}},"55":{"start":{"line":123,"column":24},"end":{"line":123,"column":89}},"56":{"start":{"line":125,"column":4},"end":{"line":176,"column":5}},"57":{"start":{"line":127,"column":25},"end":{"line":127,"column":56}},"58":{"start":{"line":130,"column":35},"end":{"line":138,"column":8}},"59":{"start":{"line":140,"column":6},"end":{"line":144,"column":7}},"60":{"start":{"line":141,"column":8},"end":{"line":143,"column":11}},"61":{"start":{"line":146,"column":6},"end":{"line":151,"column":9}},"62":{"start":{"line":149,"column":51},"end":{"line":149,"column":56}},"63":{"start":{"line":154,"column":25},"end":{"line":154,"column":56}},"64":{"start":{"line":155,"column":34},"end":{"line":163,"column":8}},"65":{"start":{"line":166,"column":35},"end":{"line":166,"column":92}},"66":{"start":{"line":166,"column":70},"end":{"line":166,"column":91}},"67":{"start":{"line":167,"column":36},"end":{"line":167,"column":82}},"68":{"start":{"line":167,"column":65},"end":{"line":167,"column":81}},"69":{"start":{"line":168,"column":32},"end":{"line":170,"column":7}},"70":{"start":{"line":169,"column":8},"end":{"line":169,"column":41}},"71":{"start":{"line":172,"column":6},"end":{"line":175,"column":7}},"72":{"start":{"line":173,"column":8},"end":{"line":173,"column":72}},"73":{"start":{"line":173,"column":65},"end":{"line":173,"column":70}},"74":{"start":{"line":174,"column":8},"end":{"line":174,"column":35}},"75":{"start":{"line":179,"column":21},"end":{"line":179,"column":50}},"76":{"start":{"line":182,"column":4},"end":{"line":195,"column":5}},"77":{"start":{"line":183,"column":6},"end":{"line":183,"column":53}},"78":{"start":{"line":184,"column":6},"end":{"line":186,"column":7}},"79":{"start":{"line":185,"column":8},"end":{"line":185,"column":78}},"80":{"start":{"line":189,"column":6},"end":{"line":189,"column":93}},"81":{"start":{"line":190,"column":6},"end":{"line":194,"column":7}},"82":{"start":{"line":191,"column":8},"end":{"line":193,"column":11}},"83":{"start":{"line":198,"column":17},"end":{"line":205,"column":6}},"84":{"start":{"line":208,"column":17},"end":{"line":218,"column":6}},"85":{"start":{"line":221,"column":4},"end":{"line":221,"column":25}},"86":{"start":{"line":222,"column":4},"end":{"line":222,"column":22}},"87":{"start":{"line":225,"column":29},"end":{"line":225,"column":66}},"88":{"start":{"line":226,"column":25},"end":{"line":226,"column":58}},"89":{"start":{"line":227,"column":29},"end":{"line":227,"column":66}},"90":{"start":{"line":229,"column":29},"end":{"line":229,"column":80}},"91":{"start":{"line":230,"column":4},"end":{"line":232,"column":5}},"92":{"start":{"line":231,"column":6},"end":{"line":231,"column":97}},"93":{"start":{"line":234,"column":25},"end":{"line":234,"column":68}},"94":{"start":{"line":235,"column":4},"end":{"line":237,"column":5}},"95":{"start":{"line":236,"column":6},"end":{"line":236,"column":93}},"96":{"start":{"line":240,"column":22},"end":{"line":240,"column":32}},"97":{"start":{"line":241,"column":20},"end":{"line":241,"column":39}},"98":{"start":{"line":242,"column":4},"end":{"line":242,"column":69}},"99":{"start":{"line":245,"column":4},"end":{"line":253,"column":7}},"100":{"start":{"line":255,"column":4},"end":{"line":259,"column":7}},"101":{"start":{"line":261,"column":4},"end":{"line":261,"column":56}},"102":{"start":{"line":262,"column":4},"end":{"line":262,"column":53}},"103":{"start":{"line":267,"column":0},"end":{"line":310,"column":2}},"104":{"start":{"line":268,"column":2},"end":{"line":309,"column":3}},"105":{"start":{"line":269,"column":27},"end":{"line":269,"column":35}},"106":{"start":{"line":271,"column":17},"end":{"line":271,"column":46}},"107":{"start":{"line":272,"column":4},"end":{"line":274,"column":5}},"108":{"start":{"line":273,"column":6},"end":{"line":273,"column":65}},"109":{"start":{"line":276,"column":4},"end":{"line":278,"column":5}},"110":{"start":{"line":277,"column":6},"end":{"line":277,"column":73}},"111":{"start":{"line":280,"column":4},"end":{"line":282,"column":5}},"112":{"start":{"line":281,"column":6},"end":{"line":281,"column":62}},"113":{"start":{"line":284,"column":4},"end":{"line":286,"column":5}},"114":{"start":{"line":285,"column":6},"end":{"line":285,"column":62}},"115":{"start":{"line":288,"column":4},"end":{"line":288,"column":32}},"116":{"start":{"line":289,"column":4},"end":{"line":289,"column":37}},"117":{"start":{"line":290,"column":4},"end":{"line":290,"column":43}},"118":{"start":{"line":291,"column":4},"end":{"line":291,"column":22}},"119":{"start":{"line":293,"column":4},"end":{"line":293,"column":32}},"120":{"start":{"line":295,"column":18},"end":{"line":295,"column":41}},"121":{"start":{"line":297,"column":4},"end":{"line":306,"column":7}},"122":{"start":{"line":308,"column":4},"end":{"line":308,"column":53}},"123":{"start":{"line":313,"column":0},"end":{"line":337,"column":2}},"124":{"start":{"line":314,"column":2},"end":{"line":336,"column":3}},"125":{"start":{"line":315,"column":22},"end":{"line":315,"column":30}},"126":{"start":{"line":317,"column":17},"end":{"line":317,"column":46}},"127":{"start":{"line":318,"column":4},"end":{"line":320,"column":5}},"128":{"start":{"line":319,"column":6},"end":{"line":319,"column":65}},"129":{"start":{"line":322,"column":4},"end":{"line":324,"column":5}},"130":{"start":{"line":323,"column":6},"end":{"line":323,"column":73}},"131":{"start":{"line":326,"column":16},"end":{"line":326,"column":70}},"132":{"start":{"line":327,"column":4},"end":{"line":327,"column":36}},"133":{"start":{"line":328,"column":4},"end":{"line":328,"column":66}},"134":{"start":{"line":329,"column":4},"end":{"line":329,"column":22}},"135":{"start":{"line":331,"column":4},"end":{"line":331,"column":35}},"136":{"start":{"line":333,"column":4},"end":{"line":333,"column":51}},"137":{"start":{"line":335,"column":4},"end":{"line":335,"column":53}},"138":{"start":{"line":340,"column":0},"end":{"line":493,"column":2}},"139":{"start":{"line":341,"column":20},"end":{"line":341,"column":30}},"140":{"start":{"line":342,"column":37},"end":{"line":342,"column":45}},"141":{"start":{"line":344,"column":2},"end":{"line":344,"column":41}},"142":{"start":{"line":345,"column":2},"end":{"line":345,"column":51}},"143":{"start":{"line":346,"column":2},"end":{"line":346,"column":63}},"144":{"start":{"line":347,"column":2},"end":{"line":347,"column":51}},"145":{"start":{"line":348,"column":2},"end":{"line":348,"column":51}},"146":{"start":{"line":349,"column":2},"end":{"line":349,"column":97}},"147":{"start":{"line":351,"column":2},"end":{"line":492,"column":3}},"148":{"start":{"line":353,"column":4},"end":{"line":359,"column":5}},"149":{"start":{"line":354,"column":6},"end":{"line":354,"column":68}},"150":{"start":{"line":355,"column":6},"end":{"line":355,"column":51}},"151":{"start":{"line":356,"column":6},"end":{"line":356,"column":51}},"152":{"start":{"line":357,"column":6},"end":{"line":357,"column":57}},"153":{"start":{"line":358,"column":6},"end":{"line":358,"column":98}},"154":{"start":{"line":365,"column":4},"end":{"line":393,"column":5}},"155":{"start":{"line":367,"column":6},"end":{"line":367,"column":26}},"156":{"start":{"line":368,"column":30},"end":{"line":368,"column":56}},"157":{"start":{"line":369,"column":6},"end":{"line":369,"column":59}},"158":{"start":{"line":371,"column":6},"end":{"line":371,"column":64}},"159":{"start":{"line":372,"column":6},"end":{"line":372,"column":77}},"160":{"start":{"line":374,"column":6},"end":{"line":378,"column":7}},"161":{"start":{"line":375,"column":8},"end":{"line":375,"column":84}},"162":{"start":{"line":376,"column":8},"end":{"line":376,"column":80}},"163":{"start":{"line":377,"column":8},"end":{"line":377,"column":72}},"164":{"start":{"line":379,"column":11},"end":{"line":393,"column":5}},"165":{"start":{"line":381,"column":6},"end":{"line":381,"column":26}},"166":{"start":{"line":382,"column":30},"end":{"line":382,"column":42}},"167":{"start":{"line":383,"column":6},"end":{"line":383,"column":59}},"168":{"start":{"line":385,"column":6},"end":{"line":385,"column":64}},"169":{"start":{"line":386,"column":6},"end":{"line":386,"column":77}},"170":{"start":{"line":388,"column":6},"end":{"line":392,"column":7}},"171":{"start":{"line":389,"column":8},"end":{"line":389,"column":84}},"172":{"start":{"line":390,"column":8},"end":{"line":390,"column":80}},"173":{"start":{"line":391,"column":8},"end":{"line":391,"column":72}},"174":{"start":{"line":395,"column":4},"end":{"line":395,"column":62}},"175":{"start":{"line":396,"column":4},"end":{"line":396,"column":45}},"176":{"start":{"line":397,"column":4},"end":{"line":397,"column":45}},"177":{"start":{"line":398,"column":4},"end":{"line":398,"column":58}},"178":{"start":{"line":399,"column":4},"end":{"line":399,"column":93}},"179":{"start":{"line":400,"column":4},"end":{"line":400,"column":70}},"180":{"start":{"line":401,"column":4},"end":{"line":401,"column":52}},"181":{"start":{"line":402,"column":4},"end":{"line":402,"column":67}},"182":{"start":{"line":403,"column":4},"end":{"line":403,"column":70}},"183":{"start":{"line":404,"column":4},"end":{"line":404,"column":96}},"184":{"start":{"line":407,"column":4},"end":{"line":411,"column":5}},"185":{"start":{"line":408,"column":6},"end":{"line":408,"column":60}},"186":{"start":{"line":409,"column":6},"end":{"line":409,"column":45}},"187":{"start":{"line":410,"column":6},"end":{"line":410,"column":73}},"188":{"start":{"line":414,"column":4},"end":{"line":419,"column":5}},"189":{"start":{"line":415,"column":6},"end":{"line":415,"column":75}},"190":{"start":{"line":416,"column":6},"end":{"line":416,"column":83}},"191":{"start":{"line":422,"column":4},"end":{"line":422,"column":44}},"192":{"start":{"line":423,"column":4},"end":{"line":423,"column":64}},"193":{"start":{"line":424,"column":4},"end":{"line":424,"column":95}},"194":{"start":{"line":426,"column":18},"end":{"line":426,"column":23}},"195":{"start":{"line":427,"column":4},"end":{"line":434,"column":5}},"196":{"start":{"line":428,"column":6},"end":{"line":428,"column":53}},"197":{"start":{"line":429,"column":6},"end":{"line":429,"column":90}},"198":{"start":{"line":431,"column":6},"end":{"line":431,"column":79}},"199":{"start":{"line":432,"column":6},"end":{"line":432,"column":55}},"200":{"start":{"line":433,"column":6},"end":{"line":433,"column":25}},"201":{"start":{"line":436,"column":4},"end":{"line":441,"column":5}},"202":{"start":{"line":437,"column":6},"end":{"line":437,"column":54}},"203":{"start":{"line":438,"column":6},"end":{"line":438,"column":45}},"204":{"start":{"line":439,"column":6},"end":{"line":439,"column":45}},"205":{"start":{"line":440,"column":6},"end":{"line":440,"column":70}},"206":{"start":{"line":443,"column":4},"end":{"line":443,"column":47}},"207":{"start":{"line":446,"column":4},"end":{"line":446,"column":46}},"208":{"start":{"line":448,"column":4},"end":{"line":455,"column":5}},"209":{"start":{"line":449,"column":6},"end":{"line":449,"column":38}},"210":{"start":{"line":450,"column":6},"end":{"line":450,"column":52}},"211":{"start":{"line":451,"column":6},"end":{"line":451,"column":65}},"212":{"start":{"line":453,"column":6},"end":{"line":453,"column":71}},"213":{"start":{"line":454,"column":6},"end":{"line":454,"column":23}},"214":{"start":{"line":457,"column":25},"end":{"line":457,"column":47}},"215":{"start":{"line":458,"column":4},"end":{"line":458,"column":39}},"216":{"start":{"line":459,"column":4},"end":{"line":459,"column":43}},"217":{"start":{"line":460,"column":4},"end":{"line":460,"column":43}},"218":{"start":{"line":461,"column":4},"end":{"line":461,"column":66}},"219":{"start":{"line":462,"column":4},"end":{"line":462,"column":55}},"220":{"start":{"line":463,"column":4},"end":{"line":463,"column":44}},"221":{"start":{"line":465,"column":4},"end":{"line":473,"column":7}},"222":{"start":{"line":475,"column":25},"end":{"line":475,"column":47}},"223":{"start":{"line":476,"column":4},"end":{"line":476,"column":46}},"224":{"start":{"line":477,"column":4},"end":{"line":477,"column":58}},"225":{"start":{"line":478,"column":4},"end":{"line":478,"column":59}},"226":{"start":{"line":479,"column":4},"end":{"line":479,"column":62}},"227":{"start":{"line":480,"column":4},"end":{"line":480,"column":56}},"228":{"start":{"line":481,"column":4},"end":{"line":481,"column":37}},"229":{"start":{"line":482,"column":4},"end":{"line":482,"column":31}},"230":{"start":{"line":483,"column":4},"end":{"line":483,"column":57}},"231":{"start":{"line":484,"column":4},"end":{"line":484,"column":47}},"232":{"start":{"line":487,"column":25},"end":{"line":489,"column":40}},"233":{"start":{"line":491,"column":4},"end":{"line":491,"column":52}},"234":{"start":{"line":496,"column":0},"end":{"line":507,"column":2}},"235":{"start":{"line":497,"column":2},"end":{"line":506,"column":3}},"236":{"start":{"line":498,"column":17},"end":{"line":501,"column":26}},"237":{"start":{"line":503,"column":4},"end":{"line":503,"column":19}},"238":{"start":{"line":505,"column":4},"end":{"line":505,"column":53}}},"fnMap":{"0":{"name":"(anonymous_0)","decl":{"start":{"line":7,"column":22},"end":{"line":7,"column":23}},"loc":{"start":{"line":7,"column":30},"end":{"line":11,"column":1}},"line":7},"1":{"name":"(anonymous_1)","decl":{"start":{"line":14,"column":19},"end":{"line":14,"column":20}},"loc":{"start":{"line":14,"column":39},"end":{"line":92,"column":1}},"line":14},"2":{"name":"(anonymous_2)","decl":{"start":{"line":55,"column":41},"end":{"line":55,"column":42}},"loc":{"start":{"line":55,"column":46},"end":{"line":55,"column":51}},"line":55},"3":{"name":"(anonymous_3)","decl":{"start":{"line":95,"column":26},"end":{"line":95,"column":27}},"loc":{"start":{"line":95,"column":46},"end":{"line":264,"column":1}},"line":95},"4":{"name":"(anonymous_4)","decl":{"start":{"line":149,"column":46},"end":{"line":149,"column":47}},"loc":{"start":{"line":149,"column":51},"end":{"line":149,"column":56}},"line":149},"5":{"name":"(anonymous_5)","decl":{"start":{"line":166,"column":65},"end":{"line":166,"column":66}},"loc":{"start":{"line":166,"column":70},"end":{"line":166,"column":91}},"line":166},"6":{"name":"(anonymous_6)","decl":{"start":{"line":167,"column":60},"end":{"line":167,"column":61}},"loc":{"start":{"line":167,"column":65},"end":{"line":167,"column":81}},"line":167},"7":{"name":"(anonymous_7)","decl":{"start":{"line":168,"column":60},"end":{"line":168,"column":61}},"loc":{"start":{"line":169,"column":8},"end":{"line":169,"column":41}},"line":169},"8":{"name":"(anonymous_8)","decl":{"start":{"line":173,"column":60},"end":{"line":173,"column":61}},"loc":{"start":{"line":173,"column":65},"end":{"line":173,"column":70}},"line":173},"9":{"name":"(anonymous_9)","decl":{"start":{"line":267,"column":20},"end":{"line":267,"column":21}},"loc":{"start":{"line":267,"column":40},"end":{"line":310,"column":1}},"line":267},"10":{"name":"(anonymous_10)","decl":{"start":{"line":313,"column":20},"end":{"line":313,"column":21}},"loc":{"start":{"line":313,"column":40},"end":{"line":337,"column":1}},"line":313},"11":{"name":"(anonymous_11)","decl":{"start":{"line":340,"column":16},"end":{"line":340,"column":17}},"loc":{"start":{"line":340,"column":36},"end":{"line":493,"column":1}},"line":340},"12":{"name":"(anonymous_12)","decl":{"start":{"line":496,"column":16},"end":{"line":496,"column":17}},"loc":{"start":{"line":496,"column":36},"end":{"line":507,"column":1}},"line":496}},"branchMap":{"0":{"loc":{"start":{"line":8,"column":26},"end":{"line":8,"column":60}},"type":"binary-expr","locations":[{"start":{"line":8,"column":26},"end":{"line":8,"column":48}},{"start":{"line":8,"column":52},"end":{"line":8,"column":60}}],"line":8},"1":{"loc":{"start":{"line":9,"column":15},"end":{"line":9,"column":45}},"type":"binary-expr","locations":[{"start":{"line":9,"column":15},"end":{"line":9,"column":37}},{"start":{"line":9,"column":41},"end":{"line":9,"column":45}}],"line":9},"2":{"loc":{"start":{"line":20,"column":26},"end":{"line":20,"column":49}},"type":"binary-expr","locations":[{"start":{"line":20,"column":26},"end":{"line":20,"column":31}},{"start":{"line":20,"column":35},"end":{"line":20,"column":49}}],"line":20},"3":{"loc":{"start":{"line":21,"column":26},"end":{"line":21,"column":49}},"type":"binary-expr","locations":[{"start":{"line":21,"column":26},"end":{"line":21,"column":31}},{"start":{"line":21,"column":35},"end":{"line":21,"column":49}}],"line":21},"4":{"loc":{"start":{"line":22,"column":38},"end":{"line":22,"column":61}},"type":"cond-expr","locations":[{"start":{"line":22,"column":49},"end":{"line":22,"column":54}},{"start":{"line":22,"column":57},"end":{"line":22,"column":61}}],"line":22},"5":{"loc":{"start":{"line":25,"column":4},"end":{"line":28,"column":5}},"type":"if","locations":[{"start":{"line":25,"column":4},"end":{"line":28,"column":5}},{"start":{},"end":{}}],"line":25},"6":{"loc":{"start":{"line":25,"column":8},"end":{"line":25,"column":37}},"type":"binary-expr","locations":[{"start":{"line":25,"column":8},"end":{"line":25,"column":14}},{"start":{"line":25,"column":18},"end":{"line":25,"column":24}},{"start":{"line":25,"column":28},"end":{"line":25,"column":37}}],"line":25},"7":{"loc":{"start":{"line":33,"column":4},"end":{"line":36,"column":5}},"type":"if","locations":[{"start":{"line":33,"column":4},"end":{"line":36,"column":5}},{"start":{},"end":{}}],"line":33},"8":{"loc":{"start":{"line":41,"column":4},"end":{"line":59,"column":5}},"type":"if","locations":[{"start":{"line":41,"column":4},"end":{"line":59,"column":5}},{"start":{},"end":{}}],"line":41},"9":{"loc":{"start":{"line":62,"column":4},"end":{"line":64,"column":5}},"type":"if","locations":[{"start":{"line":62,"column":4},"end":{"line":64,"column":5}},{"start":{},"end":{}}],"line":62},"10":{"loc":{"start":{"line":99,"column":4},"end":{"line":101,"column":5}},"type":"if","locations":[{"start":{"line":99,"column":4},"end":{"line":101,"column":5}},{"start":{},"end":{}}],"line":99},"11":{"loc":{"start":{"line":99,"column":8},"end":{"line":99,"column":58}},"type":"binary-expr","locations":[{"start":{"line":99,"column":8},"end":{"line":99,"column":13}},{"start":{"line":99,"column":17},"end":{"line":99,"column":23}},{"start":{"line":99,"column":27},"end":{"line":99,"column":33}},{"start":{"line":99,"column":37},"end":{"line":99,"column":46}},{"start":{"line":99,"column":50},"end":{"line":99,"column":58}}],"line":99},"12":{"loc":{"start":{"line":104,"column":4},"end":{"line":106,"column":5}},"type":"if","locations":[{"start":{"line":104,"column":4},"end":{"line":106,"column":5}},{"start":{},"end":{}}],"line":104},"13":{"loc":{"start":{"line":104,"column":8},"end":{"line":104,"column":46}},"type":"binary-expr","locations":[{"start":{"line":104,"column":8},"end":{"line":104,"column":27}},{"start":{"line":104,"column":31},"end":{"line":104,"column":46}}],"line":104},"14":{"loc":{"start":{"line":110,"column":4},"end":{"line":112,"column":5}},"type":"if","locations":[{"start":{"line":110,"column":4},"end":{"line":112,"column":5}},{"start":{},"end":{}}],"line":110},"15":{"loc":{"start":{"line":118,"column":4},"end":{"line":120,"column":5}},"type":"if","locations":[{"start":{"line":118,"column":4},"end":{"line":120,"column":5}},{"start":{},"end":{}}],"line":118},"16":{"loc":{"start":{"line":125,"column":4},"end":{"line":176,"column":5}},"type":"if","locations":[{"start":{"line":125,"column":4},"end":{"line":176,"column":5}},{"start":{"line":152,"column":11},"end":{"line":176,"column":5}}],"line":125},"17":{"loc":{"start":{"line":140,"column":6},"end":{"line":144,"column":7}},"type":"if","locations":[{"start":{"line":140,"column":6},"end":{"line":144,"column":7}},{"start":{},"end":{}}],"line":140},"18":{"loc":{"start":{"line":166,"column":70},"end":{"line":166,"column":91}},"type":"binary-expr","locations":[{"start":{"line":166,"column":70},"end":{"line":166,"column":75}},{"start":{"line":166,"column":79},"end":{"line":166,"column":91}}],"line":166},"19":{"loc":{"start":{"line":172,"column":6},"end":{"line":175,"column":7}},"type":"if","locations":[{"start":{"line":172,"column":6},"end":{"line":175,"column":7}},{"start":{},"end":{}}],"line":172},"20":{"loc":{"start":{"line":182,"column":4},"end":{"line":195,"column":5}},"type":"if","locations":[{"start":{"line":182,"column":4},"end":{"line":195,"column":5}},{"start":{"line":187,"column":11},"end":{"line":195,"column":5}}],"line":182},"21":{"loc":{"start":{"line":184,"column":6},"end":{"line":186,"column":7}},"type":"if","locations":[{"start":{"line":184,"column":6},"end":{"line":186,"column":7}},{"start":{},"end":{}}],"line":184},"22":{"loc":{"start":{"line":190,"column":6},"end":{"line":194,"column":7}},"type":"if","locations":[{"start":{"line":190,"column":6},"end":{"line":194,"column":7}},{"start":{},"end":{}}],"line":190},"23":{"loc":{"start":{"line":212,"column":16},"end":{"line":212,"column":33}},"type":"binary-expr","locations":[{"start":{"line":212,"column":16},"end":{"line":212,"column":24}},{"start":{"line":212,"column":28},"end":{"line":212,"column":33}}],"line":212},"24":{"loc":{"start":{"line":230,"column":4},"end":{"line":232,"column":5}},"type":"if","locations":[{"start":{"line":230,"column":4},"end":{"line":232,"column":5}},{"start":{},"end":{}}],"line":230},"25":{"loc":{"start":{"line":230,"column":8},"end":{"line":230,"column":55}},"type":"binary-expr","locations":[{"start":{"line":230,"column":8},"end":{"line":230,"column":25}},{"start":{"line":230,"column":29},"end":{"line":230,"column":55}}],"line":230},"26":{"loc":{"start":{"line":235,"column":4},"end":{"line":237,"column":5}},"type":"if","locations":[{"start":{"line":235,"column":4},"end":{"line":237,"column":5}},{"start":{},"end":{}}],"line":235},"27":{"loc":{"start":{"line":235,"column":8},"end":{"line":235,"column":47}},"type":"binary-expr","locations":[{"start":{"line":235,"column":8},"end":{"line":235,"column":21}},{"start":{"line":235,"column":25},"end":{"line":235,"column":47}}],"line":235},"28":{"loc":{"start":{"line":272,"column":4},"end":{"line":274,"column":5}},"type":"if","locations":[{"start":{"line":272,"column":4},"end":{"line":274,"column":5}},{"start":{},"end":{}}],"line":272},"29":{"loc":{"start":{"line":276,"column":4},"end":{"line":278,"column":5}},"type":"if","locations":[{"start":{"line":276,"column":4},"end":{"line":278,"column":5}},{"start":{},"end":{}}],"line":276},"30":{"loc":{"start":{"line":280,"column":4},"end":{"line":282,"column":5}},"type":"if","locations":[{"start":{"line":280,"column":4},"end":{"line":282,"column":5}},{"start":{},"end":{}}],"line":280},"31":{"loc":{"start":{"line":284,"column":4},"end":{"line":286,"column":5}},"type":"if","locations":[{"start":{"line":284,"column":4},"end":{"line":286,"column":5}},{"start":{},"end":{}}],"line":284},"32":{"loc":{"start":{"line":318,"column":4},"end":{"line":320,"column":5}},"type":"if","locations":[{"start":{"line":318,"column":4},"end":{"line":320,"column":5}},{"start":{},"end":{}}],"line":318},"33":{"loc":{"start":{"line":322,"column":4},"end":{"line":324,"column":5}},"type":"if","locations":[{"start":{"line":322,"column":4},"end":{"line":324,"column":5}},{"start":{},"end":{}}],"line":322},"34":{"loc":{"start":{"line":346,"column":21},"end":{"line":346,"column":59}},"type":"binary-expr","locations":[{"start":{"line":346,"column":21},"end":{"line":346,"column":27}},{"start":{"line":346,"column":31},"end":{"line":346,"column":59}}],"line":346},"35":{"loc":{"start":{"line":347,"column":24},"end":{"line":347,"column":47}},"type":"binary-expr","locations":[{"start":{"line":347,"column":24},"end":{"line":347,"column":29}},{"start":{"line":347,"column":33},"end":{"line":347,"column":47}}],"line":347},"36":{"loc":{"start":{"line":348,"column":24},"end":{"line":348,"column":47}},"type":"binary-expr","locations":[{"start":{"line":348,"column":24},"end":{"line":348,"column":29}},{"start":{"line":348,"column":33},"end":{"line":348,"column":47}}],"line":348},"37":{"loc":{"start":{"line":349,"column":36},"end":{"line":349,"column":93}},"type":"cond-expr","locations":[{"start":{"line":349,"column":47},"end":{"line":349,"column":86}},{"start":{"line":349,"column":89},"end":{"line":349,"column":93}}],"line":349},"38":{"loc":{"start":{"line":353,"column":4},"end":{"line":359,"column":5}},"type":"if","locations":[{"start":{"line":353,"column":4},"end":{"line":359,"column":5}},{"start":{},"end":{}}],"line":353},"39":{"loc":{"start":{"line":353,"column":8},"end":{"line":353,"column":39}},"type":"binary-expr","locations":[{"start":{"line":353,"column":9},"end":{"line":353,"column":15}},{"start":{"line":353,"column":19},"end":{"line":353,"column":25}},{"start":{"line":353,"column":30},"end":{"line":353,"column":39}}],"line":353},"40":{"loc":{"start":{"line":365,"column":4},"end":{"line":393,"column":5}},"type":"if","locations":[{"start":{"line":365,"column":4},"end":{"line":393,"column":5}},{"start":{"line":379,"column":11},"end":{"line":393,"column":5}}],"line":365},"41":{"loc":{"start":{"line":374,"column":6},"end":{"line":378,"column":7}},"type":"if","locations":[{"start":{"line":374,"column":6},"end":{"line":378,"column":7}},{"start":{},"end":{}}],"line":374},"42":{"loc":{"start":{"line":379,"column":11},"end":{"line":393,"column":5}},"type":"if","locations":[{"start":{"line":379,"column":11},"end":{"line":393,"column":5}},{"start":{},"end":{}}],"line":379},"43":{"loc":{"start":{"line":388,"column":6},"end":{"line":392,"column":7}},"type":"if","locations":[{"start":{"line":388,"column":6},"end":{"line":392,"column":7}},{"start":{},"end":{}}],"line":388},"44":{"loc":{"start":{"line":398,"column":31},"end":{"line":398,"column":54}},"type":"binary-expr","locations":[{"start":{"line":398,"column":31},"end":{"line":398,"column":41}},{"start":{"line":398,"column":45},"end":{"line":398,"column":54}}],"line":398},"45":{"loc":{"start":{"line":399,"column":30},"end":{"line":399,"column":89}},"type":"cond-expr","locations":[{"start":{"line":399,"column":43},"end":{"line":399,"column":70}},{"start":{"line":399,"column":74},"end":{"line":399,"column":89}}],"line":399},"46":{"loc":{"start":{"line":399,"column":43},"end":{"line":399,"column":70}},"type":"binary-expr","locations":[{"start":{"line":399,"column":43},"end":{"line":399,"column":57}},{"start":{"line":399,"column":61},"end":{"line":399,"column":70}}],"line":399},"47":{"loc":{"start":{"line":400,"column":33},"end":{"line":400,"column":66}},"type":"cond-expr","locations":[{"start":{"line":400,"column":45},"end":{"line":400,"column":58}},{"start":{"line":400,"column":61},"end":{"line":400,"column":66}}],"line":400},"48":{"loc":{"start":{"line":403,"column":38},"end":{"line":403,"column":66}},"type":"cond-expr","locations":[{"start":{"line":403,"column":54},"end":{"line":403,"column":59}},{"start":{"line":403,"column":62},"end":{"line":403,"column":66}}],"line":403},"49":{"loc":{"start":{"line":404,"column":41},"end":{"line":404,"column":81}},"type":"cond-expr","locations":[{"start":{"line":404,"column":57},"end":{"line":404,"column":77}},{"start":{"line":404,"column":80},"end":{"line":404,"column":81}}],"line":404},"50":{"loc":{"start":{"line":407,"column":4},"end":{"line":411,"column":5}},"type":"if","locations":[{"start":{"line":407,"column":4},"end":{"line":411,"column":5}},{"start":{},"end":{}}],"line":407},"51":{"loc":{"start":{"line":414,"column":4},"end":{"line":419,"column":5}},"type":"if","locations":[{"start":{"line":414,"column":4},"end":{"line":419,"column":5}},{"start":{},"end":{}}],"line":414},"52":{"loc":{"start":{"line":424,"column":51},"end":{"line":424,"column":91}},"type":"cond-expr","locations":[{"start":{"line":424,"column":67},"end":{"line":424,"column":87}},{"start":{"line":424,"column":90},"end":{"line":424,"column":91}}],"line":424},"53":{"loc":{"start":{"line":429,"column":52},"end":{"line":429,"column":86}},"type":"cond-expr","locations":[{"start":{"line":429,"column":62},"end":{"line":429,"column":71}},{"start":{"line":429,"column":74},"end":{"line":429,"column":86}}],"line":429},"54":{"loc":{"start":{"line":436,"column":4},"end":{"line":441,"column":5}},"type":"if","locations":[{"start":{"line":436,"column":4},"end":{"line":441,"column":5}},{"start":{},"end":{}}],"line":436},"55":{"loc":{"start":{"line":461,"column":28},"end":{"line":461,"column":62}},"type":"cond-expr","locations":[{"start":{"line":461,"column":40},"end":{"line":461,"column":54}},{"start":{"line":461,"column":57},"end":{"line":461,"column":62}}],"line":461},"56":{"loc":{"start":{"line":470,"column":14},"end":{"line":470,"column":47}},"type":"cond-expr","locations":[{"start":{"line":470,"column":26},"end":{"line":470,"column":40}},{"start":{"line":470,"column":43},"end":{"line":470,"column":47}}],"line":470},"57":{"loc":{"start":{"line":478,"column":41},"end":{"line":478,"column":55}},"type":"binary-expr","locations":[{"start":{"line":478,"column":41},"end":{"line":478,"column":46}},{"start":{"line":478,"column":50},"end":{"line":478,"column":55}}],"line":478},"58":{"loc":{"start":{"line":487,"column":25},"end":{"line":489,"column":40}},"type":"cond-expr","locations":[{"start":{"line":488,"column":8},"end":{"line":488,"column":21}},{"start":{"line":489,"column":8},"end":{"line":489,"column":40}}],"line":487}},"s":{"0":4,"1":4,"2":4,"3":4,"4":4,"5":4,"6":2,"7":4,"8":3,"9":3,"10":3,"11":3,"12":3,"13":3,"14":3,"15":3,"16":1,"17":1,"18":2,"19":2,"20":2,"21":1,"22":1,"23":1,"24":1,"25":1,"26":0,"27":0,"28":0,"29":0,"30":0,"31":1,"32":0,"33":1,"34":1,"35":1,"36":1,"37":1,"38":1,"39":1,"40":0,"41":0,"42":4,"43":0,"44":0,"45":0,"46":0,"47":0,"48":0,"49":0,"50":0,"51":0,"52":0,"53":0,"54":0,"55":0,"56":0,"57":0,"58":0,"59":0,"60":0,"61":0,"62":0,"63":0,"64":0,"65":0,"66":0,"67":0,"68":0,"69":0,"70":0,"71":0,"72":0,"73":0,"74":0,"75":0,"76":0,"77":0,"78":0,"79":0,"80":0,"81":0,"82":0,"83":0,"84":0,"85":0,"86":0,"87":0,"88":0,"89":0,"90":0,"91":0,"92":0,"93":0,"94":0,"95":0,"96":0,"97":0,"98":0,"99":0,"100":0,"101":0,"102":0,"103":4,"104":0,"105":0,"106":0,"107":0,"108":0,"109":0,"110":0,"111":0,"112":0,"113":0,"114":0,"115":0,"116":0,"117":0,"118":0,"119":0,"120":0,"121":0,"122":0,"123":4,"124":0,"125":0,"126":0,"127":0,"128":0,"129":0,"130":0,"131":0,"132":0,"133":0,"134":0,"135":0,"136":0,"137":0,"138":4,"139":5,"140":5,"141":5,"142":5,"143":5,"144":5,"145":5,"146":5,"147":5,"148":5,"149":1,"150":1,"151":1,"152":1,"153":1,"154":4,"155":3,"156":3,"157":3,"158":3,"159":3,"160":3,"161":1,"162":1,"163":1,"164":1,"165":1,"166":1,"167":1,"168":1,"169":1,"170":1,"171":0,"172":0,"173":0,"174":3,"175":3,"176":3,"177":3,"178":3,"179":3,"180":3,"181":3,"182":3,"183":3,"184":3,"185":0,"186":0,"187":0,"188":3,"189":0,"190":0,"191":3,"192":3,"193":3,"194":3,"195":3,"196":3,"197":3,"198":0,"199":0,"200":0,"201":3,"202":1,"203":1,"204":1,"205":1,"206":2,"207":2,"208":2,"209":2,"210":2,"211":2,"212":0,"213":0,"214":2,"215":2,"216":2,"217":2,"218":2,"219":2,"220":2,"221":2,"222":0,"223":0,"224":0,"225":0,"226":0,"227":0,"228":0,"229":0,"230":0,"231":0,"232":0,"233":0,"234":4,"235":1,"236":1,"237":1,"238":0},"f":{"0":2,"1":3,"2":0,"3":0,"4":0,"5":0,"6":0,"7":0,"8":0,"9":0,"10":0,"11":5,"12":1},"b":{"0":[2,0],"1":[2,0],"2":[3,0],"3":[3,1],"4":[2,1],"5":[1,2],"6":[3,3,2],"7":[1,1],"8":[0,1],"9":[0,1],"10":[0,0],"11":[0,0,0,0,0],"12":[0,0],"13":[0,0],"14":[0,0],"15":[0,0],"16":[0,0],"17":[0,0],"18":[0,0],"19":[0,0],"20":[0,0],"21":[0,0],"22":[0,0],"23":[0,0],"24":[0,0],"25":[0,0],"26":[0,0],"27":[0,0],"28":[0,0],"29":[0,0],"30":[0,0],"31":[0,0],"32":[0,0],"33":[0,0],"34":[5,0],"35":[5,1],"36":[5,4],"37":[4,1],"38":[1,4],"39":[5,1,5],"40":[3,1],"41":[1,2],"42":[1,0],"43":[0,1],"44":[3,0],"45":[3,0],"46":[3,0],"47":[3,0],"48":[3,0],"49":[3,0],"50":[0,3],"51":[0,3],"52":[3,0],"53":[2,1],"54":[1,2],"55":[2,0],"56":[2,0],"57":[0,0],"58":[0,0]},"_coverageSchema":"1a1c01bbd47fc00a2c39e90264f33305004495a9","hash":"19346b49ef2a9b36181c5f2382b60ad340654777"}
,"D:\\MyRepo\\Idream2\\backend\\controllers\\billingCycleController.js": {"path":"D:\\MyRepo\\Idream2\\backend\\controllers\\billingCycleController.js","statementMap":{"0":{"start":{"line":1,"column":21},"end":{"line":1,"column":54}},"1":{"start":{"line":4,"column":0},"end":{"line":20,"column":2}},"2":{"start":{"line":5,"column":2},"end":{"line":19,"column":3}},"3":{"start":{"line":6,"column":25},"end":{"line":6,"column":34}},"4":{"start":{"line":7,"column":19},"end":{"line":7,"column":21}},"5":{"start":{"line":9,"column":4},"end":{"line":9,"column":70}},"6":{"start":{"line":9,"column":32},"end":{"line":9,"column":70}},"7":{"start":{"line":11,"column":26},"end":{"line":14,"column":24}},"8":{"start":{"line":16,"column":4},"end":{"line":16,"column":28}},"9":{"start":{"line":18,"column":4},"end":{"line":18,"column":53}},"10":{"start":{"line":23,"column":0},"end":{"line":37,"column":2}},"11":{"start":{"line":24,"column":2},"end":{"line":36,"column":3}},"12":{"start":{"line":25,"column":25},"end":{"line":27,"column":37}},"13":{"start":{"line":29,"column":4},"end":{"line":31,"column":5}},"14":{"start":{"line":30,"column":6},"end":{"line":30,"column":74}},"15":{"start":{"line":33,"column":4},"end":{"line":33,"column":27}},"16":{"start":{"line":35,"column":4},"end":{"line":35,"column":53}},"17":{"start":{"line":40,"column":0},"end":{"line":55,"column":2}},"18":{"start":{"line":41,"column":2},"end":{"line":54,"column":3}},"19":{"start":{"line":42,"column":29},"end":{"line":45,"column":5}},"20":{"start":{"line":47,"column":25},"end":{"line":47,"column":68}},"21":{"start":{"line":48,"column":4},"end":{"line":48,"column":54}},"22":{"start":{"line":49,"column":4},"end":{"line":49,"column":54}},"23":{"start":{"line":51,"column":4},"end":{"line":51,"column":39}},"24":{"start":{"line":53,"column":4},"end":{"line":53,"column":53}},"25":{"start":{"line":58,"column":0},"end":{"line":81,"column":2}},"26":{"start":{"line":59,"column":2},"end":{"line":80,"column":3}},"27":{"start":{"line":60,"column":23},"end":{"line":63,"column":5}},"28":{"start":{"line":65,"column":25},"end":{"line":71,"column":37}},"29":{"start":{"line":73,"column":4},"end":{"line":75,"column":5}},"30":{"start":{"line":74,"column":6},"end":{"line":74,"column":74}},"31":{"start":{"line":77,"column":4},"end":{"line":77,"column":27}},"32":{"start":{"line":79,"column":4},"end":{"line":79,"column":53}},"33":{"start":{"line":84,"column":0},"end":{"line":95,"column":2}},"34":{"start":{"line":85,"column":2},"end":{"line":94,"column":3}},"35":{"start":{"line":86,"column":25},"end":{"line":86,"column":76}},"36":{"start":{"line":87,"column":4},"end":{"line":89,"column":5}},"37":{"start":{"line":88,"column":6},"end":{"line":88,"column":74}},"38":{"start":{"line":91,"column":4},"end":{"line":91,"column":64}},"39":{"start":{"line":93,"column":4},"end":{"line":93,"column":53}},"40":{"start":{"line":98,"column":0},"end":{"line":116,"column":2}},"41":{"start":{"line":99,"column":2},"end":{"line":115,"column":3}},"42":{"start":{"line":100,"column":25},"end":{"line":100,"column":67}},"43":{"start":{"line":101,"column":4},"end":{"line":103,"column":5}},"44":{"start":{"line":102,"column":6},"end":{"line":102,"column":74}},"45":{"start":{"line":105,"column":4},"end":{"line":105,"column":51}},"46":{"start":{"line":106,"column":4},"end":{"line":106,"column":42}},"47":{"start":{"line":107,"column":4},"end":{"line":107,"column":30}},"48":{"start":{"line":109,"column":4},"end":{"line":109,"column":54}},"49":{"start":{"line":110,"column":4},"end":{"line":110,"column":54}},"50":{"start":{"line":112,"column":4},"end":{"line":112,"column":27}},"51":{"start":{"line":114,"column":4},"end":{"line":114,"column":53}}},"fnMap":{"0":{"name":"(anonymous_0)","decl":{"start":{"line":4,"column":30},"end":{"line":4,"column":31}},"loc":{"start":{"line":4,"column":50},"end":{"line":20,"column":1}},"line":4},"1":{"name":"(anonymous_1)","decl":{"start":{"line":23,"column":30},"end":{"line":23,"column":31}},"loc":{"start":{"line":23,"column":50},"end":{"line":37,"column":1}},"line":23},"2":{"name":"(anonymous_2)","decl":{"start":{"line":40,"column":29},"end":{"line":40,"column":30}},"loc":{"start":{"line":40,"column":49},"end":{"line":55,"column":1}},"line":40},"3":{"name":"(anonymous_3)","decl":{"start":{"line":58,"column":29},"end":{"line":58,"column":30}},"loc":{"start":{"line":58,"column":49},"end":{"line":81,"column":1}},"line":58},"4":{"name":"(anonymous_4)","decl":{"start":{"line":84,"column":29},"end":{"line":84,"column":30}},"loc":{"start":{"line":84,"column":49},"end":{"line":95,"column":1}},"line":84},"5":{"name":"(anonymous_5)","decl":{"start":{"line":98,"column":29},"end":{"line":98,"column":30}},"loc":{"start":{"line":98,"column":49},"end":{"line":116,"column":1}},"line":98}},"branchMap":{"0":{"loc":{"start":{"line":9,"column":4},"end":{"line":9,"column":70}},"type":"if","locations":[{"start":{"line":9,"column":4},"end":{"line":9,"column":70}},{"start":{},"end":{}}],"line":9},"1":{"loc":{"start":{"line":29,"column":4},"end":{"line":31,"column":5}},"type":"if","locations":[{"start":{"line":29,"column":4},"end":{"line":31,"column":5}},{"start":{},"end":{}}],"line":29},"2":{"loc":{"start":{"line":73,"column":4},"end":{"line":75,"column":5}},"type":"if","locations":[{"start":{"line":73,"column":4},"end":{"line":75,"column":5}},{"start":{},"end":{}}],"line":73},"3":{"loc":{"start":{"line":87,"column":4},"end":{"line":89,"column":5}},"type":"if","locations":[{"start":{"line":87,"column":4},"end":{"line":89,"column":5}},{"start":{},"end":{}}],"line":87},"4":{"loc":{"start":{"line":101,"column":4},"end":{"line":103,"column":5}},"type":"if","locations":[{"start":{"line":101,"column":4},"end":{"line":103,"column":5}},{"start":{},"end":{}}],"line":101}},"s":{"0":4,"1":4,"2":0,"3":0,"4":0,"5":0,"6":0,"7":0,"8":0,"9":0,"10":4,"11":0,"12":0,"13":0,"14":0,"15":0,"16":0,"17":4,"18":0,"19":0,"20":0,"21":0,"22":0,"23":0,"24":0,"25":4,"26":0,"27":0,"28":0,"29":0,"30":0,"31":0,"32":0,"33":4,"34":0,"35":0,"36":0,"37":0,"38":0,"39":0,"40":4,"41":0,"42":0,"43":0,"44":0,"45":0,"46":0,"47":0,"48":0,"49":0,"50":0,"51":0},"f":{"0":0,"1":0,"2":0,"3":0,"4":0,"5":0},"b":{"0":[0,0],"1":[0,0],"2":[0,0],"3":[0,0],"4":[0,0]},"_coverageSchema":"1a1c01bbd47fc00a2c39e90264f33305004495a9","hash":"2746f8b2a38d560112b89d7c60f0bb63908443c4"}
,"D:\\MyRepo\\Idream2\\backend\\controllers\\cartController.js": {"path":"D:\\MyRepo\\Idream2\\backend\\controllers\\cartController.js","statementMap":{"0":{"start":{"line":1,"column":13},"end":{"line":1,"column":38}},"1":{"start":{"line":2,"column":16},"end":{"line":2,"column":44}},"2":{"start":{"line":6,"column":29},"end":{"line":43,"column":1}},"3":{"start":{"line":7,"column":2},"end":{"line":7,"column":34}},"4":{"start":{"line":7,"column":13},"end":{"line":7,"column":34}},"5":{"start":{"line":8,"column":2},"end":{"line":42,"column":3}},"6":{"start":{"line":9,"column":4},"end":{"line":16,"column":7}},"7":{"start":{"line":19,"column":21},"end":{"line":19,"column":23}},"8":{"start":{"line":20,"column":4},"end":{"line":24,"column":5}},"9":{"start":{"line":21,"column":6},"end":{"line":23,"column":9}},"10":{"start":{"line":22,"column":8},"end":{"line":22,"column":67}},"11":{"start":{"line":27,"column":20},"end":{"line":27,"column":65}},"12":{"start":{"line":28,"column":4},"end":{"line":28,"column":31}},"13":{"start":{"line":29,"column":4},"end":{"line":29,"column":19}},"14":{"start":{"line":31,"column":4},"end":{"line":31,"column":60}},"15":{"start":{"line":33,"column":21},"end":{"line":33,"column":23}},"16":{"start":{"line":34,"column":4},"end":{"line":38,"column":5}},"17":{"start":{"line":35,"column":6},"end":{"line":37,"column":9}},"18":{"start":{"line":36,"column":8},"end":{"line":36,"column":67}},"19":{"start":{"line":39,"column":20},"end":{"line":39,"column":65}},"20":{"start":{"line":40,"column":4},"end":{"line":40,"column":31}},"21":{"start":{"line":41,"column":4},"end":{"line":41,"column":19}},"22":{"start":{"line":46,"column":0},"end":{"line":63,"column":2}},"23":{"start":{"line":47,"column":2},"end":{"line":62,"column":3}},"24":{"start":{"line":48,"column":15},"end":{"line":48,"column":57}},"25":{"start":{"line":50,"column":4},"end":{"line":52,"column":5}},"26":{"start":{"line":51,"column":6},"end":{"line":51,"column":66}},"27":{"start":{"line":54,"column":26},"end":{"line":54,"column":58}},"28":{"start":{"line":57,"column":4},"end":{"line":57,"column":100}},"29":{"start":{"line":57,"column":61},"end":{"line":57,"column":98}},"30":{"start":{"line":59,"column":4},"end":{"line":59,"column":28}},"31":{"start":{"line":61,"column":4},"end":{"line":61,"column":53}},"32":{"start":{"line":66,"column":0},"end":{"line":98,"column":2}},"33":{"start":{"line":67,"column":2},"end":{"line":97,"column":3}},"34":{"start":{"line":68,"column":40},"end":{"line":68,"column":48}},"35":{"start":{"line":70,"column":20},"end":{"line":70,"column":53}},"36":{"start":{"line":71,"column":4},"end":{"line":73,"column":5}},"37":{"start":{"line":72,"column":6},"end":{"line":72,"column":80}},"38":{"start":{"line":75,"column":15},"end":{"line":75,"column":57}},"39":{"start":{"line":77,"column":4},"end":{"line":79,"column":5}},"40":{"start":{"line":78,"column":6},"end":{"line":78,"column":66}},"41":{"start":{"line":81,"column":25},"end":{"line":83,"column":5}},"42":{"start":{"line":82,"column":14},"end":{"line":82,"column":51}},"43":{"start":{"line":85,"column":4},"end":{"line":89,"column":5}},"44":{"start":{"line":86,"column":6},"end":{"line":86,"column":50}},"45":{"start":{"line":88,"column":6},"end":{"line":88,"column":76}},"46":{"start":{"line":91,"column":4},"end":{"line":91,"column":22}},"47":{"start":{"line":92,"column":26},"end":{"line":92,"column":58}},"48":{"start":{"line":94,"column":4},"end":{"line":94,"column":28}},"49":{"start":{"line":96,"column":4},"end":{"line":96,"column":53}},"50":{"start":{"line":101,"column":0},"end":{"line":135,"column":2}},"51":{"start":{"line":102,"column":2},"end":{"line":134,"column":3}},"52":{"start":{"line":103,"column":23},"end":{"line":103,"column":33}},"53":{"start":{"line":104,"column":25},"end":{"line":104,"column":33}},"54":{"start":{"line":106,"column":17},"end":{"line":106,"column":59}},"55":{"start":{"line":107,"column":4},"end":{"line":109,"column":5}},"56":{"start":{"line":108,"column":6},"end":{"line":108,"column":65}},"57":{"start":{"line":112,"column":22},"end":{"line":114,"column":5}},"58":{"start":{"line":113,"column":16},"end":{"line":113,"column":58}},"59":{"start":{"line":116,"column":4},"end":{"line":118,"column":5}},"60":{"start":{"line":117,"column":6},"end":{"line":117,"column":73}},"61":{"start":{"line":120,"column":17},"end":{"line":120,"column":38}},"62":{"start":{"line":122,"column":4},"end":{"line":126,"column":5}},"63":{"start":{"line":123,"column":6},"end":{"line":123,"column":20}},"64":{"start":{"line":125,"column":6},"end":{"line":125,"column":41}},"65":{"start":{"line":128,"column":4},"end":{"line":128,"column":22}},"66":{"start":{"line":129,"column":26},"end":{"line":129,"column":58}},"67":{"start":{"line":131,"column":4},"end":{"line":131,"column":28}},"68":{"start":{"line":133,"column":4},"end":{"line":133,"column":53}},"69":{"start":{"line":138,"column":0},"end":{"line":243,"column":2}},"70":{"start":{"line":139,"column":2},"end":{"line":242,"column":3}},"71":{"start":{"line":140,"column":23},"end":{"line":140,"column":33}},"72":{"start":{"line":141,"column":4},"end":{"line":141,"column":54}},"73":{"start":{"line":142,"column":4},"end":{"line":142,"column":59}},"74":{"start":{"line":144,"column":4},"end":{"line":146,"column":5}},"75":{"start":{"line":145,"column":6},"end":{"line":145,"column":70}},"76":{"start":{"line":148,"column":4},"end":{"line":150,"column":5}},"77":{"start":{"line":149,"column":6},"end":{"line":149,"column":73}},"78":{"start":{"line":152,"column":17},"end":{"line":152,"column":59}},"79":{"start":{"line":154,"column":4},"end":{"line":157,"column":5}},"80":{"start":{"line":155,"column":6},"end":{"line":155,"column":44}},"81":{"start":{"line":156,"column":6},"end":{"line":156,"column":57}},"82":{"start":{"line":159,"column":4},"end":{"line":159,"column":69}},"83":{"start":{"line":162,"column":22},"end":{"line":174,"column":5}},"84":{"start":{"line":164,"column":8},"end":{"line":167,"column":9}},"85":{"start":{"line":165,"column":10},"end":{"line":165,"column":49}},"86":{"start":{"line":166,"column":10},"end":{"line":166,"column":23}},"87":{"start":{"line":168,"column":24},"end":{"line":168,"column":65}},"88":{"start":{"line":169,"column":8},"end":{"line":171,"column":9}},"89":{"start":{"line":170,"column":10},"end":{"line":170,"column":81}},"90":{"start":{"line":172,"column":8},"end":{"line":172,"column":23}},"91":{"start":{"line":176,"column":4},"end":{"line":176,"column":48}},"92":{"start":{"line":179,"column":4},"end":{"line":183,"column":5}},"93":{"start":{"line":180,"column":6},"end":{"line":180,"column":68}},"94":{"start":{"line":181,"column":6},"end":{"line":181,"column":39}},"95":{"start":{"line":182,"column":6},"end":{"line":182,"column":28}},"96":{"start":{"line":187,"column":4},"end":{"line":187,"column":36}},"97":{"start":{"line":189,"column":4},"end":{"line":189,"column":48}},"98":{"start":{"line":191,"column":4},"end":{"line":201,"column":5}},"99":{"start":{"line":192,"column":6},"end":{"line":192,"column":24}},"100":{"start":{"line":193,"column":6},"end":{"line":193,"column":45}},"101":{"start":{"line":195,"column":6},"end":{"line":195,"column":67}},"102":{"start":{"line":196,"column":6},"end":{"line":196,"column":58}},"103":{"start":{"line":197,"column":6},"end":{"line":200,"column":9}},"104":{"start":{"line":205,"column":4},"end":{"line":216,"column":5}},"105":{"start":{"line":206,"column":6},"end":{"line":206,"column":50}},"106":{"start":{"line":207,"column":6},"end":{"line":209,"column":7}},"107":{"start":{"line":208,"column":8},"end":{"line":208,"column":59}},"108":{"start":{"line":211,"column":6},"end":{"line":211,"column":65}},"109":{"start":{"line":212,"column":6},"end":{"line":215,"column":9}},"110":{"start":{"line":219,"column":4},"end":{"line":234,"column":5}},"111":{"start":{"line":220,"column":6},"end":{"line":220,"column":49}},"112":{"start":{"line":221,"column":28},"end":{"line":221,"column":67}},"113":{"start":{"line":222,"column":6},"end":{"line":222,"column":58}},"114":{"start":{"line":223,"column":6},"end":{"line":223,"column":92}},"115":{"start":{"line":224,"column":6},"end":{"line":224,"column":37}},"116":{"start":{"line":226,"column":6},"end":{"line":226,"column":75}},"117":{"start":{"line":227,"column":6},"end":{"line":227,"column":66}},"118":{"start":{"line":229,"column":22},"end":{"line":229,"column":81}},"119":{"start":{"line":230,"column":6},"end":{"line":232,"column":7}},"120":{"start":{"line":231,"column":8},"end":{"line":231,"column":27}},"121":{"start":{"line":233,"column":6},"end":{"line":233,"column":31}},"122":{"start":{"line":236,"column":4},"end":{"line":236,"column":59}},"123":{"start":{"line":237,"column":4},"end":{"line":237,"column":47}},"124":{"start":{"line":238,"column":4},"end":{"line":241,"column":7}},"125":{"start":{"line":246,"column":0},"end":{"line":262,"column":2}},"126":{"start":{"line":247,"column":2},"end":{"line":261,"column":3}},"127":{"start":{"line":248,"column":17},"end":{"line":248,"column":59}},"128":{"start":{"line":250,"column":4},"end":{"line":252,"column":5}},"129":{"start":{"line":251,"column":6},"end":{"line":251,"column":105}},"130":{"start":{"line":254,"column":4},"end":{"line":254,"column":20}},"131":{"start":{"line":255,"column":4},"end":{"line":255,"column":22}},"132":{"start":{"line":256,"column":4},"end":{"line":256,"column":37}},"133":{"start":{"line":258,"column":4},"end":{"line":258,"column":61}},"134":{"start":{"line":260,"column":4},"end":{"line":260,"column":53}}},"fnMap":{"0":{"name":"(anonymous_0)","decl":{"start":{"line":6,"column":29},"end":{"line":6,"column":30}},"loc":{"start":{"line":6,"column":45},"end":{"line":43,"column":1}},"line":6},"1":{"name":"(anonymous_1)","decl":{"start":{"line":21,"column":37},"end":{"line":21,"column":38}},"loc":{"start":{"line":21,"column":45},"end":{"line":23,"column":7}},"line":21},"2":{"name":"(anonymous_2)","decl":{"start":{"line":35,"column":37},"end":{"line":35,"column":38}},"loc":{"start":{"line":35,"column":45},"end":{"line":37,"column":7}},"line":35},"3":{"name":"(anonymous_3)","decl":{"start":{"line":46,"column":18},"end":{"line":46,"column":19}},"loc":{"start":{"line":46,"column":38},"end":{"line":63,"column":1}},"line":46},"4":{"name":"(anonymous_4)","decl":{"start":{"line":57,"column":53},"end":{"line":57,"column":54}},"loc":{"start":{"line":57,"column":61},"end":{"line":57,"column":98}},"line":57},"5":{"name":"(anonymous_5)","decl":{"start":{"line":66,"column":20},"end":{"line":66,"column":21}},"loc":{"start":{"line":66,"column":40},"end":{"line":98,"column":1}},"line":66},"6":{"name":"(anonymous_6)","decl":{"start":{"line":82,"column":6},"end":{"line":82,"column":7}},"loc":{"start":{"line":82,"column":14},"end":{"line":82,"column":51}},"line":82},"7":{"name":"(anonymous_7)","decl":{"start":{"line":101,"column":25},"end":{"line":101,"column":26}},"loc":{"start":{"line":101,"column":45},"end":{"line":135,"column":1}},"line":101},"8":{"name":"(anonymous_8)","decl":{"start":{"line":113,"column":6},"end":{"line":113,"column":7}},"loc":{"start":{"line":113,"column":16},"end":{"line":113,"column":58}},"line":113},"9":{"name":"(anonymous_9)","decl":{"start":{"line":138,"column":25},"end":{"line":138,"column":26}},"loc":{"start":{"line":138,"column":45},"end":{"line":243,"column":1}},"line":138},"10":{"name":"(anonymous_10)","decl":{"start":{"line":163,"column":6},"end":{"line":163,"column":7}},"loc":{"start":{"line":163,"column":16},"end":{"line":173,"column":7}},"line":163},"11":{"name":"(anonymous_11)","decl":{"start":{"line":246,"column":20},"end":{"line":246,"column":21}},"loc":{"start":{"line":246,"column":40},"end":{"line":262,"column":1}},"line":246}},"branchMap":{"0":{"loc":{"start":{"line":7,"column":2},"end":{"line":7,"column":34}},"type":"if","locations":[{"start":{"line":7,"column":2},"end":{"line":7,"column":34}},{"start":{},"end":{}}],"line":7},"1":{"loc":{"start":{"line":20,"column":4},"end":{"line":24,"column":5}},"type":"if","locations":[{"start":{"line":20,"column":4},"end":{"line":24,"column":5}},{"start":{},"end":{}}],"line":20},"2":{"loc":{"start":{"line":20,"column":8},"end":{"line":20,"column":47}},"type":"binary-expr","locations":[{"start":{"line":20,"column":8},"end":{"line":20,"column":18}},{"start":{"line":20,"column":22},"end":{"line":20,"column":47}}],"line":20},"3":{"loc":{"start":{"line":22,"column":15},"end":{"line":22,"column":66}},"type":"binary-expr","locations":[{"start":{"line":22,"column":15},"end":{"line":22,"column":36}},{"start":{"line":22,"column":40},"end":{"line":22,"column":66}}],"line":22},"4":{"loc":{"start":{"line":27,"column":20},"end":{"line":27,"column":65}},"type":"cond-expr","locations":[{"start":{"line":27,"column":36},"end":{"line":27,"column":51}},{"start":{"line":27,"column":54},"end":{"line":27,"column":65}}],"line":27},"5":{"loc":{"start":{"line":34,"column":4},"end":{"line":38,"column":5}},"type":"if","locations":[{"start":{"line":34,"column":4},"end":{"line":38,"column":5}},{"start":{},"end":{}}],"line":34},"6":{"loc":{"start":{"line":34,"column":8},"end":{"line":34,"column":47}},"type":"binary-expr","locations":[{"start":{"line":34,"column":8},"end":{"line":34,"column":18}},{"start":{"line":34,"column":22},"end":{"line":34,"column":47}}],"line":34},"7":{"loc":{"start":{"line":36,"column":15},"end":{"line":36,"column":66}},"type":"binary-expr","locations":[{"start":{"line":36,"column":15},"end":{"line":36,"column":36}},{"start":{"line":36,"column":40},"end":{"line":36,"column":66}}],"line":36},"8":{"loc":{"start":{"line":39,"column":20},"end":{"line":39,"column":65}},"type":"cond-expr","locations":[{"start":{"line":39,"column":36},"end":{"line":39,"column":51}},{"start":{"line":39,"column":54},"end":{"line":39,"column":65}}],"line":39},"9":{"loc":{"start":{"line":50,"column":4},"end":{"line":52,"column":5}},"type":"if","locations":[{"start":{"line":50,"column":4},"end":{"line":52,"column":5}},{"start":{},"end":{}}],"line":50},"10":{"loc":{"start":{"line":57,"column":61},"end":{"line":57,"column":98}},"type":"binary-expr","locations":[{"start":{"line":57,"column":61},"end":{"line":57,"column":73}},{"start":{"line":57,"column":77},"end":{"line":57,"column":98}}],"line":57},"11":{"loc":{"start":{"line":68,"column":23},"end":{"line":68,"column":35}},"type":"default-arg","locations":[{"start":{"line":68,"column":34},"end":{"line":68,"column":35}}],"line":68},"12":{"loc":{"start":{"line":71,"column":4},"end":{"line":73,"column":5}},"type":"if","locations":[{"start":{"line":71,"column":4},"end":{"line":73,"column":5}},{"start":{},"end":{}}],"line":71},"13":{"loc":{"start":{"line":71,"column":8},"end":{"line":71,"column":37}},"type":"binary-expr","locations":[{"start":{"line":71,"column":8},"end":{"line":71,"column":16}},{"start":{"line":71,"column":20},"end":{"line":71,"column":37}}],"line":71},"14":{"loc":{"start":{"line":77,"column":4},"end":{"line":79,"column":5}},"type":"if","locations":[{"start":{"line":77,"column":4},"end":{"line":79,"column":5}},{"start":{},"end":{}}],"line":77},"15":{"loc":{"start":{"line":85,"column":4},"end":{"line":89,"column":5}},"type":"if","locations":[{"start":{"line":85,"column":4},"end":{"line":89,"column":5}},{"start":{"line":87,"column":11},"end":{"line":89,"column":5}}],"line":85},"16":{"loc":{"start":{"line":107,"column":4},"end":{"line":109,"column":5}},"type":"if","locations":[{"start":{"line":107,"column":4},"end":{"line":109,"column":5}},{"start":{},"end":{}}],"line":107},"17":{"loc":{"start":{"line":113,"column":16},"end":{"line":113,"column":58}},"type":"binary-expr","locations":[{"start":{"line":113,"column":16},"end":{"line":113,"column":24}},{"start":{"line":113,"column":28},"end":{"line":113,"column":58}}],"line":113},"18":{"loc":{"start":{"line":116,"column":4},"end":{"line":118,"column":5}},"type":"if","locations":[{"start":{"line":116,"column":4},"end":{"line":118,"column":5}},{"start":{},"end":{}}],"line":116},"19":{"loc":{"start":{"line":122,"column":4},"end":{"line":126,"column":5}},"type":"if","locations":[{"start":{"line":122,"column":4},"end":{"line":126,"column":5}},{"start":{"line":124,"column":11},"end":{"line":126,"column":5}}],"line":122},"20":{"loc":{"start":{"line":144,"column":4},"end":{"line":146,"column":5}},"type":"if","locations":[{"start":{"line":144,"column":4},"end":{"line":146,"column":5}},{"start":{},"end":{}}],"line":144},"21":{"loc":{"start":{"line":148,"column":4},"end":{"line":150,"column":5}},"type":"if","locations":[{"start":{"line":148,"column":4},"end":{"line":150,"column":5}},{"start":{},"end":{}}],"line":148},"22":{"loc":{"start":{"line":148,"column":8},"end":{"line":148,"column":34}},"type":"binary-expr","locations":[{"start":{"line":148,"column":8},"end":{"line":148,"column":17}},{"start":{"line":148,"column":21},"end":{"line":148,"column":34}}],"line":148},"23":{"loc":{"start":{"line":154,"column":4},"end":{"line":157,"column":5}},"type":"if","locations":[{"start":{"line":154,"column":4},"end":{"line":157,"column":5}},{"start":{},"end":{}}],"line":154},"24":{"loc":{"start":{"line":159,"column":35},"end":{"line":159,"column":58}},"type":"binary-expr","locations":[{"start":{"line":159,"column":35},"end":{"line":159,"column":53}},{"start":{"line":159,"column":57},"end":{"line":159,"column":58}}],"line":159},"25":{"loc":{"start":{"line":164,"column":8},"end":{"line":167,"column":9}},"type":"if","locations":[{"start":{"line":164,"column":8},"end":{"line":167,"column":9}},{"start":{},"end":{}}],"line":164},"26":{"loc":{"start":{"line":164,"column":12},"end":{"line":164,"column":30}},"type":"binary-expr","locations":[{"start":{"line":164,"column":12},"end":{"line":164,"column":17}},{"start":{"line":164,"column":21},"end":{"line":164,"column":30}}],"line":164},"27":{"loc":{"start":{"line":169,"column":8},"end":{"line":171,"column":9}},"type":"if","locations":[{"start":{"line":169,"column":8},"end":{"line":171,"column":9}},{"start":{},"end":{}}],"line":169},"28":{"loc":{"start":{"line":179,"column":4},"end":{"line":183,"column":5}},"type":"if","locations":[{"start":{"line":179,"column":4},"end":{"line":183,"column":5}},{"start":{},"end":{}}],"line":179},"29":{"loc":{"start":{"line":207,"column":6},"end":{"line":209,"column":7}},"type":"if","locations":[{"start":{"line":207,"column":6},"end":{"line":209,"column":7}},{"start":{},"end":{}}],"line":207},"30":{"loc":{"start":{"line":223,"column":49},"end":{"line":223,"column":81}},"type":"binary-expr","locations":[{"start":{"line":223,"column":49},"end":{"line":223,"column":76}},{"start":{"line":223,"column":80},"end":{"line":223,"column":81}}],"line":223},"31":{"loc":{"start":{"line":229,"column":22},"end":{"line":229,"column":81}},"type":"cond-expr","locations":[{"start":{"line":229,"column":45},"end":{"line":229,"column":67}},{"start":{"line":229,"column":70},"end":{"line":229,"column":81}}],"line":229},"32":{"loc":{"start":{"line":230,"column":6},"end":{"line":232,"column":7}},"type":"if","locations":[{"start":{"line":230,"column":6},"end":{"line":232,"column":7}},{"start":{},"end":{}}],"line":230},"33":{"loc":{"start":{"line":239,"column":15},"end":{"line":239,"column":65}},"type":"binary-expr","locations":[{"start":{"line":239,"column":15},"end":{"line":239,"column":28}},{"start":{"line":239,"column":32},"end":{"line":239,"column":65}}],"line":239},"34":{"loc":{"start":{"line":240,"column":13},"end":{"line":240,"column":77}},"type":"cond-expr","locations":[{"start":{"line":240,"column":54},"end":{"line":240,"column":65}},{"start":{"line":240,"column":68},"end":{"line":240,"column":77}}],"line":240},"35":{"loc":{"start":{"line":250,"column":4},"end":{"line":252,"column":5}},"type":"if","locations":[{"start":{"line":250,"column":4},"end":{"line":252,"column":5}},{"start":{},"end":{}}],"line":250}},"s":{"0":4,"1":4,"2":4,"3":0,"4":0,"5":0,"6":0,"7":0,"8":0,"9":0,"10":0,"11":0,"12":0,"13":0,"14":0,"15":0,"16":0,"17":0,"18":0,"19":0,"20":0,"21":0,"22":4,"23":0,"24":0,"25":0,"26":0,"27":0,"28":0,"29":0,"30":0,"31":0,"32":4,"33":0,"34":0,"35":0,"36":0,"37":0,"38":0,"39":0,"40":0,"41":0,"42":0,"43":0,"44":0,"45":0,"46":0,"47":0,"48":0,"49":0,"50":4,"51":0,"52":0,"53":0,"54":0,"55":0,"56":0,"57":0,"58":0,"59":0,"60":0,"61":0,"62":0,"63":0,"64":0,"65":0,"66":0,"67":0,"68":0,"69":4,"70":0,"71":0,"72":0,"73":0,"74":0,"75":0,"76":0,"77":0,"78":0,"79":0,"80":0,"81":0,"82":0,"83":0,"84":0,"85":0,"86":0,"87":0,"88":0,"89":0,"90":0,"91":0,"92":0,"93":0,"94":0,"95":0,"96":0,"97":0,"98":0,"99":0,"100":0,"101":0,"102":0,"103":0,"104":0,"105":0,"106":0,"107":0,"108":0,"109":0,"110":0,"111":0,"112":0,"113":0,"114":0,"115":0,"116":0,"117":0,"118":0,"119":0,"120":0,"121":0,"122":0,"123":0,"124":0,"125":4,"126":0,"127":0,"128":0,"129":0,"130":0,"131":0,"132":0,"133":0,"134":0},"f":{"0":0,"1":0,"2":0,"3":0,"4":0,"5":0,"6":0,"7":0,"8":0,"9":0,"10":0,"11":0},"b":{"0":[0,0],"1":[0,0],"2":[0,0],"3":[0,0],"4":[0,0],"5":[0,0],"6":[0,0],"7":[0,0],"8":[0,0],"9":[0,0],"10":[0,0],"11":[0],"12":[0,0],"13":[0,0],"14":[0,0],"15":[0,0],"16":[0,0],"17":[0,0],"18":[0,0],"19":[0,0],"20":[0,0],"21":[0,0],"22":[0,0],"23":[0,0],"24":[0,0],"25":[0,0],"26":[0,0],"27":[0,0],"28":[0,0],"29":[0,0],"30":[0,0],"31":[0,0],"32":[0,0],"33":[0,0],"34":[0,0],"35":[0,0]},"_coverageSchema":"1a1c01bbd47fc00a2c39e90264f33305004495a9","hash":"5e2b8c04070e5a2e25e68c3a3b1af97d1d8909cd"}
[...]
,"D:\\MyRepo\\Idream2\\backend\\models\\SubscriptionPricing.js": {"path":"D:\\MyRepo\\Idream2\\backend\\models\\SubscriptionPricing.js","statementMap":{"0":{"start":{"line":1,"column":17},"end":{"line":1,"column":36}},"1":{"start":{"line":3,"column":34},"end":{"line":48,"column":2}},"2":{"start":{"line":50,"column":0},"end":{"line":50,"column":92}},"3":{"start":{"line":51,"column":0},"end":{"line":51,"column":49}},"4":{"start":{"line":53,"column":0},"end":{"line":53,"column":82}}},"fnMap":{},"branchMap":{},"s":{"0":4,"1":4,"2":4,"3":4,"4":4},"f":{},"b":{},"_coverageSchema":"1a1c01bbd47fc00a2c39e90264f33305004495a9","hash":"62cc876764e2b443650b1fbee973cabbc27c118a"}
,"D:\\MyRepo\\Idream2\\backend\\models\\SubscriptionUsage.js": {"path":"D:\\MyRepo\\Idream2\\backend\\models\\SubscriptionUsage.js","statementMap":{"0":{"start":{"line":1,"column":17},"end":{"line":1,"column":36}},"1":{"start":{"line":3,"column":32},"end":{"line":26,"column":2}},"2":{"start":{"line":28,"column":0},"end":{"line":28,"column":74}},"3":{"start":{"line":29,"column":0},"end":{"line":29,"column":43}},"4":{"start":{"line":31,"column":0},"end":{"line":31,"column":78}}},"fnMap":{},"branchMap":{},"s":{"0":4,"1":4,"2":4,"3":4,"4":4},"f":{},"b":{},"_coverageSchema":"1a1c01bbd47fc00a2c39e90264f33305004495a9","hash":"e66c8e2e3a27814c212fe3f13d7b9c07a9848074"}
,"D:\\MyRepo\\Idream2\\backend\\models\\User.js": {"path":"D:\\MyRepo\\Idream2\\backend\\models\\User.js","statementMap":{"0":{"start":{"line":1,"column":17},"end":{"line":1,"column":36}},"1":{"start":{"line":2,"column":15},"end":{"line":2,"column":34}},"2":{"start":{"line":4,"column":19},"end":{"line":59,"column":2}},"3":{"start":{"line":63,"column":0},"end":{"line":70,"column":3}},"4":{"start":{"line":65,"column":2},"end":{"line":67,"column":3}},"5":{"start":{"line":66,"column":4},"end":{"line":66,"column":11}},"6":{"start":{"line":69,"column":2},"end":{"line":69,"column":55}},"7":{"start":{"line":73,"column":0},"end":{"line":75,"column":2}},"8":{"start":{"line":74,"column":2},"end":{"line":74,"column":64}},"9":{"start":{"line":77,"column":0},"end":{"line":77,"column":52}}},"fnMap":{"0":{"name":"(anonymous_0)","decl":{"start":{"line":63,"column":23},"end":{"line":63,"column":24}},"loc":{"start":{"line":63,"column":40},"end":{"line":70,"column":1}},"line":63},"1":{"name":"(anonymous_1)","decl":{"start":{"line":73,"column":37},"end":{"line":73,"column":38}},"loc":{"start":{"line":73,"column":71},"end":{"line":75,"column":1}},"line":73}},"branchMap":{"0":{"loc":{"start":{"line":65,"column":2},"end":{"line":67,"column":3}},"type":"if","locations":[{"start":{"line":65,"column":2},"end":{"line":67,"column":3}},{"start":{},"end":{}}],"line":65}},"s":{"0":7,"1":7,"2":7,"3":7,"4":76,"5":2,"6":74,"7":7,"8":5,"9":7},"f":{"0":76,"1":5},"b":{"0":[2,74]},"_coverageSchema":"1a1c01bbd47fc00a2c39e90264f33305004495a9","hash":"26215d95fe34e775ea42741cc6318af70393eb55"}
,"D:\\MyRepo\\Idream2\\backend\\routes\\auth.js": {"path":"D:\\MyRepo\\Idream2\\backend\\routes\\auth.js","statementMap":{"0":{"start":{"line":1,"column":16},"end":{"line":1,"column":34}},"1":{"start":{"line":2,"column":15},"end":{"line":2,"column":31}},"2":{"start":{"line":3,"column":23},"end":{"line":3,"column":63}},"3":{"start":{"line":4,"column":17},"end":{"line":4,"column":46}},"4":{"start":{"line":44,"column":0},"end":{"line":44,"column":50}},"5":{"start":{"line":45,"column":0},"end":{"line":45,"column":65}},"6":{"start":{"line":90,"column":0},"end":{"line":90,"column":53}},"7":{"start":{"line":126,"column":0},"end":{"line":126,"column":53}},"8":{"start":{"line":171,"column":0},"end":{"line":171,"column":44}},"9":{"start":{"line":195,"column":0},"end":{"line":195,"column":46}},"10":{"start":{"line":197,"column":0},"end":{"line":197,"column":24}}},"fnMap":{},"branchMap":{},"s":{"0":4,"1":4,"2":4,"3":4,"4":4,"5":4,"6":4,"7":4,"8":4,"9":4,"10":4},"f":{},"b":{},"_coverageSchema":"1a1c01bbd47fc00a2c39e90264f33305004495a9","hash":"0ccb12cc3fc179901f700403404f3d7e3a100acd"}
,"D:\\MyRepo\\Idream2\\backend\\routes\\billingCycles.js": {"path":"D:\\MyRepo\\Idream2\\backend\\routes\\billingCycles.js","statementMap":{"0":{"start":{"line":1,"column":16},"end":{"line":1,"column":34}},"1":{"start":{"line":2,"column":15},"end":{"line":2,"column":31}},"2":{"start":{"line":3,"column":31},"end":{"line":3,"column":79}},"3":{"start":{"line":4,"column":28},"end":{"line":4,"column":57}},"4":{"start":{"line":6,"column":0},"end":{"line":6,"column":17}},"5":{"start":{"line":32,"column":0},"end":{"line":32,"column":85}},"6":{"start":{"line":54,"column":0},"end":{"line":54,"column":88}},"7":{"start":{"line":91,"column":0},"end":{"line":91,"column":85}},"8":{"start":{"line":130,"column":0},"end":{"line":130,"column":87}},"9":{"start":{"line":152,"column":0},"end":{"line":152,"column":90}},"10":{"start":{"line":174,"column":0},"end":{"line":174,"column":96}},"11":{"start":{"line":176,"column":0},"end":{"line":176,"column":24}}},"fnMap":{},"branchMap":{},"s":{"0":4,"1":4,"2":4,"3":4,"4":4,"5":4,"6":4,"7":4,"8":4,"9":4,"10":4,"11":4},"f":{},"b":{},"_coverageSchema":"1a1c01bbd47fc00a2c39e90264f33305004495a9","hash":"902d82a6603a4f28f1a88df1384d452dfb7f4007"}
,"D:\\MyRepo\\Idream2\\backend\\routes\\cart.js": {"path":"D:\\MyRepo\\Idream2\\backend\\routes\\cart.js","statementMap":{"0":{"start":{"line":1,"column":16},"end":{"line":1,"column":34}},"1":{"start":{"line":2,"column":15},"end":{"line":2,"column":31}},"2":{"start":{"line":3,"column":23},"end":{"line":3,"column":63}},"3":{"start":{"line":4,"column":17},"end":{"line":4,"column":46}},"4":{"start":{"line":6,"column":0},"end":{"line":6,"column":17}},"5":{"start":{"line":31,"column":0},"end":{"line":31,"column":40}},"6":{"start":{"line":64,"column":0},"end":{"line":64,"column":46}},"7":{"start":{"line":97,"column":0},"end":{"line":97,"column":59}},"8":{"start":{"line":118,"column":0},"end":{"line":118,"column":62}},"9":{"start":{"line":132,"column":0},"end":{"line":132,"column":50}},"10":{"start":{"line":134,"column":0},"end":{"line":134,"column":24}}},"fnMap":{},"branchMap":{},"s":{"0":4,"1":4,"2":4,"3":4,"4":4,"5":4,"6":4,"7":4,"8":4,"9":4,"10":4},"f":{},"b":{},"_coverageSchema":"1a1c01bbd47fc00a2c39e90264f33305004495a9","hash":"448cf514ea17427a0f2e0c4ddac1222240c71107"}
,"D:\\MyRepo\\Idream2\\backend\\routes\\categories.js": {"path":"D:\\MyRepo\\Idream2\\backend\\routes\\categories.js","statementMap":{"0":{"start":{"line":1,"column":16},"end":{"line":1,"column":34}},"1":{"start":{"line":2,"column":15},"end":{"line":2,"column":31}},"2":{"start":{"line":3,"column":27},"end":{"line":3,"column":71}},"3":{"start":{"line":4,"column":28},"end":{"line":4,"column":57}},"4":{"start":{"line":5,"column":15},"end":{"line":5,"column":46}},"5":{"start":{"line":29,"column":0},"end":{"line":29,"column":53}},"6":{"start":{"line":49,"column":0},"end":{"line":49,"column":55}},"7":{"start":{"line":85,"column":0},"end":{"line":85,"column":107}},"8":{"start":{"line":121,"column":0},"end":{"line":121,"column":109}},"9":{"start":{"line":141,"column":0},"end":{"line":141,"column":88}},"10":{"start":{"line":161,"column":0},"end":{"line":161,"column":94}},"11":{"start":{"line":191,"column":0},"end":{"line":191,"column":93}},"12":{"start":{"line":193,"column":0},"end":{"line":193,"column":24}}},"fnMap":{},"branchMap":{},"s":{"0":4,"1":4,"2":4,"3":4,"4":4,"5":4,"6":4,"7":4,"8":4,"9":4,"10":4,"11":4,"12":4},"f":{},"b":{},"_coverageSchema":"1a1c01bbd47fc00a2c39e90264f33305004495a9","hash":"9e27e5c89dbd23d3c98d359c4b4a6d79744c02ce"}
,"D:\\MyRepo\\Idream2\\backend\\routes\\orders.js": {"path":"D:\\MyRepo\\Idream2\\backend\\routes\\orders.js","statementMap":{"0":{"start":{"line":1,"column":16},"end":{"line":1,"column":34}},"1":{"start":{"line":2,"column":15},"end":{"line":2,"column":31}},"2":{"start":{"line":3,"column":24},"end":{"line":3,"column":65}},"3":{"start":{"line":4,"column":17},"end":{"line":4,"column":46}},"4":{"start":{"line":52,"column":0},"end":{"line":52,"column":52}},"5":{"start":{"line":54,"column":0},"end":{"line":54,"column":24}}},"fnMap":{},"branchMap":{},"s":{"0":4,"1":4,"2":4,"3":4,"4":4,"5":4},"f":{},"b":{},"_coverageSchema":"1a1c01bbd47fc00a2c39e90264f33305004495a9","hash":"7de766b6bb5619b886436b1fb9ec2c7bf9ecfa04"}
,"D:\\MyRepo\\Idream2\\backend\\routes\\permissions.js": {"path":"D:\\MyRepo\\Idream2\\backend\\routes\\permissions.js","statementMap":{"0":{"start":{"line":1,"column":16},"end":{"line":1,"column":34}},"1":{"start":{"line":2,"column":15},"end":{"line":2,"column":31}},"2":{"start":{"line":3,"column":29},"end":{"line":3,"column":75}},"3":{"start":{"line":4,"column":28},"end":{"line":4,"column":57}},"4":{"start":{"line":6,"column":0},"end":{"line":6,"column":17}},"5":{"start":{"line":8,"column":0},"end":{"line":8,"column":81}},"6":{"start":{"line":9,"column":0},"end":{"line":9,"column":84}},"7":{"start":{"line":10,"column":0},"end":{"line":10,"column":81}},"8":{"start":{"line":11,"column":0},"end":{"line":11,"column":83}},"9":{"start":{"line":12,"column":0},"end":{"line":12,"column":86}},"10":{"start":{"line":13,"column":0},"end":{"line":13,"column":92}},"11":{"start":{"line":15,"column":0},"end":{"line":15,"column":24}}},"fnMap":{},"branchMap":{},"s":{"0":4,"1":4,"2":4,"3":4,"4":4,"5":4,"6":4,"7":4,"8":4,"9":4,"10":4,"11":4},"f":{},"b":{},"_coverageSchema":"1a1c01bbd47fc00a2c39e90264f33305004495a9","hash":"1508ca2151d216161aeb82610d88632f55b3364b"}
,"D:\\MyRepo\\Idream2\\backend\\routes\\products.js": {"path":"D:\\MyRepo\\Idream2\\backend\\routes\\products.js","statementMap":{"0":{"start":{"line":1,"column":16},"end":{"line":1,"column":34}},"1":{"start":{"line":2,"column":15},"end":{"line":2,"column":31}},"2":{"start":{"line":3,"column":26},"end":{"line":3,"column":69}},"3":{"start":{"line":4,"column":59},"end":{"line":4,"column":88}},"4":{"start":{"line":5,"column":15},"end":{"line":5,"column":46}},"5":{"start":{"line":35,"column":0},"end":{"line":35,"column":58}},"6":{"start":{"line":74,"column":0},"end":{"line":74,"column":77}},"7":{"start":{"line":95,"column":0},"end":{"line":95,"column":53}},"8":{"start":{"line":135,"column":0},"end":{"line":135,"column":64}},"9":{"start":{"line":179,"column":0},"end":{"line":179,"column":125}},"10":{"start":{"line":217,"column":0},"end":{"line":217,"column":89}},"11":{"start":{"line":239,"column":0},"end":{"line":239,"column":112}},"12":{"start":{"line":259,"column":0},"end":{"line":259,"column":111}},"13":{"start":{"line":280,"column":0},"end":{"line":280,"column":115}},"14":{"start":{"line":282,"column":0},"end":{"line":282,"column":24}}},"fnMap":{},"branchMap":{},"s":{"0":4,"1":4,"2":4,"3":4,"4":4,"5":4,"6":4,"7":4,"8":4,"9":4,"10":4,"11":4,"12":4,"13":4,"14":4},"f":{},"b":{},"_coverageSchema":"1a1c01bbd47fc00a2c39e90264f33305004495a9","hash":"799e73659a333cc6345ae977874d22d906f93da6"}
,"D:\\MyRepo\\Idream2\\backend\\routes\\reports.js": {"path":"D:\\MyRepo\\Idream2\\backend\\routes\\reports.js","statementMap":{"0":{"start":{"line":1,"column":16},"end":{"line":1,"column":34}},"1":{"start":{"line":2,"column":15},"end":{"line":2,"column":31}},"2":{"start":{"line":3,"column":25},"end":{"line":3,"column":67}},"3":{"start":{"line":4,"column":45},"end":{"line":4,"column":74}},"4":{"start":{"line":6,"column":0},"end":{"line":6,"column":17}},"5":{"start":{"line":9,"column":0},"end":{"line":9,"column":94}},"6":{"start":{"line":10,"column":0},"end":{"line":10,"column":100}},"7":{"start":{"line":11,"column":0},"end":{"line":11,"column":95}},"8":{"start":{"line":12,"column":0},"end":{"line":12,"column":95}},"9":{"start":{"line":13,"column":0},"end":{"line":13,"column":117}},"10":{"start":{"line":15,"column":0},"end":{"line":15,"column":24}}},"fnMap":{},"branchMap":{},"s":{"0":4,"1":4,"2":4,"3":4,"4":4,"5":4,"6":4,"7":4,"8":4,"9":4,"10":4},"f":{},"b":{},"_coverageSchema":"1a1c01bbd47fc00a2c39e90264f33305004495a9","hash":"ff7145c2022b9d493c9f9a8924bcba8bebd8f831"}
,"D:\\MyRepo\\Idream2\\backend\\routes\\reviews.js": {"path":"D:\\MyRepo\\Idream2\\backend\\routes\\reviews.js","statementMap":{"0":{"start":{"line":1,"column":16},"end":{"line":1,"column":34}},"1":{"start":{"line":2,"column":15},"end":{"line":2,"column":31}},"2":{"start":{"line":3,"column":25},"end":{"line":3,"column":67}},"3":{"start":{"line":4,"column":31},"end":{"line":4,"column":60}},"4":{"start":{"line":7,"column":0},"end":{"line":7,"column":70}},"5":{"start":{"line":10,"column":0},"end":{"line":10,"column":80}},"6":{"start":{"line":11,"column":0},"end":{"line":11,"column":56}},"7":{"start":{"line":12,"column":0},"end":{"line":12,"column":59}},"8":{"start":{"line":14,"column":0},"end":{"line":14,"column":24}}},"fnMap":{},"branchMap":{},"s":{"0":4,"1":4,"2":4,"3":4,"4":4,"5":4,"6":4,"7":4,"8":4},"f":{},"b":{},"_coverageSchema":"1a1c01bbd47fc00a2c39e90264f33305004495a9","hash":"40b887ff426ec7d3188d26bea7e3a939c0a7d3c3"}
,"D:\\MyRepo\\Idream2\\backend\\routes\\roles.js": {"path":"D:\\MyRepo\\Idream2\\backend\\routes\\roles.js","statementMap":{"0":{"start":{"line":1,"column":16},"end":{"line":1,"column":34}},"1":{"start":{"line":2,"column":15},"end":{"line":2,"column":31}},"2":{"start":{"line":3,"column":23},"end":{"line":3,"column":63}},"3":{"start":{"line":4,"column":28},"end":{"line":4,"column":57}},"4":{"start":{"line":6,"column":0},"end":{"line":6,"column":17}},"5":{"start":{"line":8,"column":0},"end":{"line":8,"column":69}},"6":{"start":{"line":9,"column":0},"end":{"line":9,"column":72}},"7":{"start":{"line":10,"column":0},"end":{"line":10,"column":69}},"8":{"start":{"line":11,"column":0},"end":{"line":11,"column":71}},"9":{"start":{"line":12,"column":0},"end":{"line":12,"column":74}},"10":{"start":{"line":13,"column":0},"end":{"line":13,"column":80}},"11":{"start":{"line":15,"column":0},"end":{"line":15,"column":24}}},"fnMap":{},"branchMap":{},"s":{"0":4,"1":4,"2":4,"3":4,"4":4,"5":4,"6":4,"7":4,"8":4,"9":4,"10":4,"11":4},"f":{},"b":{},"_coverageSchema":"1a1c01bbd47fc00a2c39e90264f33305004495a9","hash":"aa66a270aff406502541c3d0512be82ee11b2057"}
,"D:\\MyRepo\\Idream2\\backend\\routes\\shares.js": {"path":"D:\\MyRepo\\Idream2\\backend\\routes\\shares.js","statementMap":{"0":{"start":{"line":1,"column":16},"end":{"line":1,"column":34}},"1":{"start":{"line":2,"column":15},"end":{"line":2,"column":31}},"2":{"start":{"line":3,"column":24},"end":{"line":3,"column":65}},"3":{"start":{"line":4,"column":17},"end":{"line":4,"column":46}},"4":{"start":{"line":50,"column":0},"end":{"line":50,"column":43}},"5":{"start":{"line":52,"column":0},"end":{"line":52,"column":24}}},"fnMap":{},"branchMap":{},"s":{"0":4,"1":4,"2":4,"3":4,"4":4,"5":4},"f":{},"b":{},"_coverageSchema":"1a1c01bbd47fc00a2c39e90264f33305004495a9","hash":"25d662a575cca2fb508eb14a135c23dcbec6c37a"}
,"D:\\MyRepo\\Idream2\\backend\\routes\\shops.js": {"path":"D:\\MyRepo\\Idream2\\backend\\routes\\shops.js","statementMap":{"0":{"start":{"line":1,"column":16},"end":{"line":1,"column":34}},"1":{"start":{"line":2,"column":15},"end":{"line":2,"column":31}},"2":{"start":{"line":3,"column":23},"end":{"line":3,"column":63}},"3":{"start":{"line":4,"column":59},"end":{"line":4,"column":88}},"4":{"start":{"line":5,"column":15},"end":{"line":5,"column":46}},"5":{"start":{"line":48,"column":0},"end":{"line":48,"column":67}},"6":{"start":{"line":77,"column":0},"end":{"line":77,"column":47}},"7":{"start":{"line":119,"column":0},"end":{"line":119,"column":58}},"8":{"start":{"line":161,"column":0},"end":{"line":161,"column":113}},"9":{"start":{"line":216,"column":0},"end":{"line":216,"column":115}},"10":{"start":{"line":269,"column":0},"end":{"line":269,"column":90}},"11":{"start":{"line":318,"column":0},"end":{"line":318,"column":102}},"12":{"start":{"line":368,"column":0},"end":{"line":368,"column":106}},"13":{"start":{"line":370,"column":0},"end":{"line":370,"column":24}}},"fnMap":{},"branchMap":{},"s":{"0":4,"1":4,"2":4,"3":4,"4":4,"5":4,"6":4,"7":4,"8":4,"9":4,"10":4,"11":4,"12":4,"13":4},"f":{},"b":{},"_coverageSchema":"1a1c01bbd47fc00a2c39e90264f33305004495a9","hash":"795f116554840aab865b14c9988f87f1e8f1aec4"}
,"D:\\MyRepo\\Idream2\\backend\\routes\\subscriptions.js": {"path":"D:\\MyRepo\\Idream2\\backend\\routes\\subscriptions.js","statementMap":{"0":{"start":{"line":1,"column":16},"end":{"line":1,"column":34}},"1":{"start":{"line":2,"column":15},"end":{"line":2,"column":31}},"2":{"start":{"line":3,"column":31},"end":{"line":3,"column":79}},"3":{"start":{"line":4,"column":42},"end":{"line":4,"column":71}},"4":{"start":{"line":36,"column":0},"end":{"line":36,"column":68}},"5":{"start":{"line":52,"column":0},"end":{"line":52,"column":70}},"6":{"start":{"line":55,"column":0},"end":{"line":55,"column":17}},"7":{"start":{"line":56,"column":0},"end":{"line":56,"column":49}},"8":{"start":{"line":70,"column":0},"end":{"line":70,"column":63}},"9":{"start":{"line":99,"column":0},"end":{"line":99,"column":63}},"10":{"start":{"line":133,"column":0},"end":{"line":133,"column":66}},"11":{"start":{"line":153,"column":0},"end":{"line":153,"column":69}},"12":{"start":{"line":169,"column":0},"end":{"line":169,"column":84}},"13":{"start":{"line":170,"column":0},"end":{"line":170,"column":84}},"14":{"start":{"line":186,"column":0},"end":{"line":186,"column":83}},"15":{"start":{"line":187,"column":0},"end":{"line":187,"column":86}},"16":{"start":{"line":203,"column":0},"end":{"line":203,"column":80}},"17":{"start":{"line":204,"column":0},"end":{"line":204,"column":80}},"18":{"start":{"line":215,"column":0},"end":{"line":215,"column":80}},"19":{"start":{"line":231,"column":0},"end":{"line":231,"column":77}},"20":{"start":{"line":232,"column":0},"end":{"line":232,"column":80}},"21":{"start":{"line":243,"column":0},"end":{"line":243,"column":83}},"22":{"start":{"line":259,"column":0},"end":{"line":259,"column":82}},"23":{"start":{"line":260,"column":0},"end":{"line":260,"column":83}},"24":{"start":{"line":271,"column":0},"end":{"line":271,"column":82}},"25":{"start":{"line":287,"column":0},"end":{"line":287,"column":85}},"26":{"start":{"line":288,"column":0},"end":{"line":288,"column":85}},"27":{"start":{"line":326,"column":0},"end":{"line":326,"column":86}},"28":{"start":{"line":367,"column":0},"end":{"line":367,"column":100}},"29":{"start":{"line":369,"column":0},"end":{"line":369,"column":24}}},"fnMap":{},"branchMap":{},"s":{"0":4,"1":4,"2":4,"3":4,"4":4,"5":4,"6":4,"7":4,"8":4,"9":4,"10":4,"11":4,"12":4,"13":4,"14":4,"15":4,"16":4,"17":4,"18":4,"19":4,"20":4,"21":4,"22":4,"23":4,"24":4,"25":4,"26":4,"27":4,"28":4,"29":4},"f":{},"b":{},"_coverageSchema":"1a1c01bbd47fc00a2c39e90264f33305004495a9","hash":"aba5582a37de360ebb1ced7a98335762d6c40c5c"}
,"D:\\MyRepo\\Idream2\\backend\\routes\\users.js": {"path":"D:\\MyRepo\\Idream2\\backend\\routes\\users.js","statementMap":{"0":{"start":{"line":1,"column":16},"end":{"line":1,"column":34}},"1":{"start":{"line":2,"column":15},"end":{"line":2,"column":31}},"2":{"start":{"line":3,"column":23},"end":{"line":3,"column":63}},"3":{"start":{"line":4,"column":28},"end":{"line":4,"column":57}},"4":{"start":{"line":6,"column":0},"end":{"line":6,"column":17}},"5":{"start":{"line":46,"column":0},"end":{"line":46,"column":69}},"6":{"start":{"line":73,"column":0},"end":{"line":73,"column":72}},"7":{"start":{"line":95,"column":0},"end":{"line":95,"column":69}},"8":{"start":{"line":134,"column":0},"end":{"line":134,"column":71}},"9":{"start":{"line":156,"column":0},"end":{"line":156,"column":74}},"10":{"start":{"line":178,"column":0},"end":{"line":178,"column":80}},"11":{"start":{"line":180,"column":0},"end":{"line":180,"column":24}}},"fnMap":{},"branchMap":{},"s":{"0":4,"1":4,"2":4,"3":4,"4":4,"5":4,"6":4,"7":4,"8":4,"9":4,"10":4,"11":4},"f":{},"b":{},"_coverageSchema":"1a1c01bbd47fc00a2c39e90264f33305004495a9","hash":"716f1b05b4b73d55fe22d60e378d28e5bc54ef7d"}
}
