TN:
SF:__tests__\app.js
FN:32,(anonymous_0)
FNF:1
FNH:0
FNDA:0,(anonymous_0)
DA:2,4
DA:3,4
DA:4,4
DA:5,4
DA:7,4
DA:10,4
DA:11,4
DA:12,4
DA:13,4
DA:16,4
DA:17,4
DA:18,4
DA:19,4
DA:20,4
DA:21,4
DA:22,4
DA:23,4
DA:24,4
DA:25,4
DA:26,4
DA:27,4
DA:28,4
DA:29,4
DA:32,4
DA:33,0
DA:34,0
DA:41,4
LF:27
LH:25
BRDA:33,0,0,0
BRDA:33,0,1,0
BRF:2
BRH:0
end_of_record
TN:
SF:__tests__\helpers\testHelpers.js
FN:12,(anonymous_0)
FN:74,(anonymous_1)
FN:84,(anonymous_2)
FN:95,(anonymous_3)
FN:118,(anonymous_4)
FN:129,(anonymous_5)
FN:139,(anonymous_6)
FN:167,(anonymous_7)
FN:181,(anonymous_8)
FN:199,(anonymous_9)
FNF:10
FNH:7
FNDA:41,(anonymous_0)
FNDA:0,(anonymous_1)
FNDA:0,(anonymous_2)
FNDA:50,(anonymous_3)
FNDA:58,(anonymous_4)
FNDA:0,(anonymous_5)
FNDA:26,(anonymous_6)
FNDA:17,(anonymous_7)
FNDA:24,(anonymous_8)
FNDA:552,(anonymous_9)
DA:1,5
DA:2,5
DA:3,5
DA:4,5
DA:5,5
DA:6,5
DA:7,5
DA:12,5
DA:13,41
DA:14,41
DA:16,15
DA:22,26
DA:24,26
DA:26,0
DA:29,26
DA:36,0
DA:38,0
DA:47,41
DA:50,41
DA:62,41
DA:63,0
DA:66,41
DA:68,41
DA:74,5
DA:75,0
DA:82,0
DA:83,0
DA:84,0
DA:85,0
DA:86,0
DA:89,0
DA:95,5
DA:96,50
DA:97,50
DA:98,629
DA:100,629
DA:110,629
DA:112,50
DA:118,5
DA:119,58
DA:129,5
DA:130,0
DA:139,5
DA:140,26
DA:141,26
DA:142,7
DA:149,26
DA:161,26
DA:167,5
DA:168,17
DA:175,17
DA:181,5
DA:183,24
DA:193,24
DA:196,24
DA:199,552
DA:204,24
DA:205,0
DA:209,24
DA:210,24
DA:212,24
DA:223,0
DA:234,24
DA:237,5
LF:64
LH:50
BRDA:12,0,0,6
BRDA:14,1,0,15
BRDA:14,1,1,26
BRDA:22,2,0,26
BRDA:22,2,1,0
BRDA:24,3,0,0
BRDA:24,3,1,26
BRDA:30,4,0,26
BRDA:30,4,1,0
BRDA:31,5,0,26
BRDA:31,5,1,26
BRDA:32,6,0,26
BRDA:32,6,1,0
BRDA:33,7,0,26
BRDA:33,7,1,0
BRDA:36,8,0,0
BRDA:36,8,1,0
BRDA:38,9,0,0
BRDA:38,9,1,0
BRDA:52,10,0,41
BRDA:52,10,1,36
BRDA:62,11,0,0
BRDA:62,11,1,41
BRDA:74,12,0,0
BRDA:74,13,0,0
BRDA:76,14,0,0
BRDA:76,14,1,0
BRDA:77,15,0,0
BRDA:77,15,1,0
BRDA:78,16,0,0
BRDA:78,16,1,0
BRDA:82,17,0,0
BRDA:82,17,1,0
BRDA:95,18,0,0
BRDA:121,19,0,58
BRDA:121,19,1,0
BRDA:122,20,0,58
BRDA:122,20,1,0
BRDA:139,21,0,0
BRDA:141,22,0,7
BRDA:141,22,1,19
BRDA:167,23,0,17
BRDA:204,24,0,0
BRDA:204,24,1,24
BRDA:204,25,0,24
BRDA:204,25,1,24
BRDA:210,26,0,24
BRDA:210,26,1,0
BRF:48
BRH:22
end_of_record
TN:
SF:controllers\authController.js
FN:7,(anonymous_0)
FN:14,(anonymous_1)
FN:55,(anonymous_2)
FN:95,(anonymous_3)
FN:149,(anonymous_4)
FN:166,(anonymous_5)
FN:167,(anonymous_6)
FN:168,(anonymous_7)
FN:173,(anonymous_8)
FN:267,(anonymous_9)
FN:313,(anonymous_10)
FN:340,(anonymous_11)
FN:496,(anonymous_12)
FNF:13
FNH:4
FNDA:2,(anonymous_0)
FNDA:3,(anonymous_1)
FNDA:0,(anonymous_2)
FNDA:0,(anonymous_3)
FNDA:0,(anonymous_4)
FNDA:0,(anonymous_5)
FNDA:0,(anonymous_6)
FNDA:0,(anonymous_7)
FNDA:0,(anonymous_8)
FNDA:0,(anonymous_9)
FNDA:0,(anonymous_10)
FNDA:5,(anonymous_11)
FNDA:1,(anonymous_12)
DA:1,4
DA:2,4
DA:3,4
DA:4,4
DA:5,4
DA:7,4
DA:8,2
DA:14,4
DA:15,3
DA:16,3
DA:18,3
DA:19,3
DA:20,3
DA:21,3
DA:22,3
DA:25,3
DA:26,1
DA:27,1
DA:31,2
DA:32,2
DA:33,2
DA:34,1
DA:35,1
DA:37,1
DA:40,1
DA:41,1
DA:43,0
DA:44,0
DA:52,0
DA:55,0
DA:58,0
DA:62,1
DA:63,0
DA:67,1
DA:77,1
DA:78,1
DA:79,1
DA:80,1
DA:82,1
DA:84,1
DA:89,0
DA:90,0
DA:95,4
DA:96,0
DA:97,0
DA:99,0
DA:100,0
DA:104,0
DA:105,0
DA:109,0
DA:110,0
DA:111,0
DA:115,0
DA:118,0
DA:119,0
DA:123,0
DA:125,0
DA:127,0
DA:130,0
DA:140,0
DA:141,0
DA:146,0
DA:149,0
DA:154,0
DA:155,0
DA:166,0
DA:167,0
DA:168,0
DA:169,0
DA:172,0
DA:173,0
DA:174,0
DA:179,0
DA:182,0
DA:183,0
DA:184,0
DA:185,0
DA:189,0
DA:190,0
DA:191,0
DA:198,0
DA:208,0
DA:221,0
DA:222,0
DA:225,0
DA:226,0
DA:227,0
DA:229,0
DA:230,0
DA:231,0
DA:234,0
DA:235,0
DA:236,0
DA:240,0
DA:241,0
DA:242,0
DA:245,0
DA:255,0
DA:261,0
DA:262,0
DA:267,4
DA:268,0
DA:269,0
DA:271,0
DA:272,0
DA:273,0
DA:276,0
DA:277,0
DA:280,0
DA:281,0
DA:284,0
DA:285,0
DA:288,0
DA:289,0
DA:290,0
DA:291,0
DA:293,0
DA:295,0
DA:297,0
DA:308,0
DA:313,4
DA:314,0
DA:315,0
DA:317,0
DA:318,0
DA:319,0
DA:322,0
DA:323,0
DA:326,0
DA:327,0
DA:328,0
DA:329,0
DA:331,0
DA:333,0
DA:335,0
DA:340,4
DA:341,5
DA:342,5
DA:344,5
DA:345,5
DA:346,5
DA:347,5
DA:348,5
DA:349,5
DA:351,5
DA:353,5
DA:354,1
DA:355,1
DA:356,1
DA:357,1
DA:358,1
DA:365,4
DA:367,3
DA:368,3
DA:369,3
DA:371,3
DA:372,3
DA:374,3
DA:375,1
DA:376,1
DA:377,1
DA:379,1
DA:381,1
DA:382,1
DA:383,1
DA:385,1
DA:386,1
DA:388,1
DA:389,0
DA:390,0
DA:391,0
DA:395,3
DA:396,3
DA:397,3
DA:398,3
DA:399,3
DA:400,3
DA:401,3
DA:402,3
DA:403,3
DA:404,3
DA:407,3
DA:408,0
DA:409,0
DA:410,0
DA:414,3
DA:415,0
DA:416,0
DA:422,3
DA:423,3
DA:424,3
DA:426,3
DA:427,3
DA:428,3
DA:429,3
DA:431,0
DA:432,0
DA:433,0
DA:436,3
DA:437,1
DA:438,1
DA:439,1
DA:440,1
DA:443,2
DA:446,2
DA:448,2
DA:449,2
DA:450,2
DA:451,2
DA:453,0
DA:454,0
DA:457,2
DA:458,2
DA:459,2
DA:460,2
DA:461,2
DA:462,2
DA:463,2
DA:465,2
DA:475,0
DA:476,0
DA:477,0
DA:478,0
DA:479,0
DA:480,0
DA:481,0
DA:482,0
DA:483,0
DA:484,0
DA:487,0
DA:491,0
DA:496,4
DA:497,1
DA:498,1
DA:503,1
DA:505,0
LF:236
LH:112
BRDA:8,0,0,2
BRDA:8,0,1,0
BRDA:9,1,0,2
BRDA:9,1,1,0
BRDA:20,2,0,3
BRDA:20,2,1,0
BRDA:21,3,0,3
BRDA:21,3,1,1
BRDA:22,4,0,2
BRDA:22,4,1,1
BRDA:25,5,0,1
BRDA:25,5,1,2
BRDA:25,6,0,3
BRDA:25,6,1,3
BRDA:25,6,2,2
BRDA:33,7,0,1
BRDA:33,7,1,1
BRDA:41,8,0,0
BRDA:41,8,1,1
BRDA:62,9,0,0
BRDA:62,9,1,1
BRDA:99,10,0,0
BRDA:99,10,1,0
BRDA:99,11,0,0
BRDA:99,11,1,0
BRDA:99,11,2,0
BRDA:99,11,3,0
BRDA:99,11,4,0
BRDA:104,12,0,0
BRDA:104,12,1,0
BRDA:104,13,0,0
BRDA:104,13,1,0
BRDA:110,14,0,0
BRDA:110,14,1,0
BRDA:118,15,0,0
BRDA:118,15,1,0
BRDA:125,16,0,0
BRDA:125,16,1,0
BRDA:140,17,0,0
BRDA:140,17,1,0
BRDA:166,18,0,0
BRDA:166,18,1,0
BRDA:172,19,0,0
BRDA:172,19,1,0
BRDA:182,20,0,0
BRDA:182,20,1,0
BRDA:184,21,0,0
BRDA:184,21,1,0
BRDA:190,22,0,0
BRDA:190,22,1,0
BRDA:212,23,0,0
BRDA:212,23,1,0
BRDA:230,24,0,0
BRDA:230,24,1,0
BRDA:230,25,0,0
BRDA:230,25,1,0
BRDA:235,26,0,0
BRDA:235,26,1,0
BRDA:235,27,0,0
BRDA:235,27,1,0
BRDA:272,28,0,0
BRDA:272,28,1,0
BRDA:276,29,0,0
BRDA:276,29,1,0
BRDA:280,30,0,0
BRDA:280,30,1,0
BRDA:284,31,0,0
BRDA:284,31,1,0
BRDA:318,32,0,0
BRDA:318,32,1,0
BRDA:322,33,0,0
BRDA:322,33,1,0
BRDA:346,34,0,5
BRDA:346,34,1,0
BRDA:347,35,0,5
BRDA:347,35,1,1
BRDA:348,36,0,5
BRDA:348,36,1,4
BRDA:349,37,0,4
BRDA:349,37,1,1
BRDA:353,38,0,1
BRDA:353,38,1,4
BRDA:353,39,0,5
BRDA:353,39,1,1
BRDA:353,39,2,5
BRDA:365,40,0,3
BRDA:365,40,1,1
BRDA:374,41,0,1
BRDA:374,41,1,2
BRDA:379,42,0,1
BRDA:379,42,1,0
BRDA:388,43,0,0
BRDA:388,43,1,1
BRDA:398,44,0,3
BRDA:398,44,1,0
BRDA:399,45,0,3
BRDA:399,45,1,0
BRDA:399,46,0,3
BRDA:399,46,1,0
BRDA:400,47,0,3
BRDA:400,47,1,0
BRDA:403,48,0,3
BRDA:403,48,1,0
BRDA:404,49,0,3
BRDA:404,49,1,0
BRDA:407,50,0,0
BRDA:407,50,1,3
BRDA:414,51,0,0
BRDA:414,51,1,3
BRDA:424,52,0,3
BRDA:424,52,1,0
BRDA:429,53,0,2
BRDA:429,53,1,1
BRDA:436,54,0,1
BRDA:436,54,1,2
BRDA:461,55,0,2
BRDA:461,55,1,0
BRDA:470,56,0,2
BRDA:470,56,1,0
BRDA:478,57,0,0
BRDA:478,57,1,0
BRDA:487,58,0,0
BRDA:487,58,1,0
BRF:123
BRH:49
end_of_record
TN:
SF:controllers\billingCycleController.js
FN:4,(anonymous_0)
FN:23,(anonymous_1)
FN:40,(anonymous_2)
FN:58,(anonymous_3)
FN:84,(anonymous_4)
FN:98,(anonymous_5)
FNF:6
FNH:0
FNDA:0,(anonymous_0)
FNDA:0,(anonymous_1)
FNDA:0,(anonymous_2)
FNDA:0,(anonymous_3)
FNDA:0,(anonymous_4)
FNDA:0,(anonymous_5)
DA:1,4
DA:4,4
DA:5,0
DA:6,0
DA:7,0
DA:9,0
DA:11,0
DA:16,0
DA:18,0
DA:23,4
DA:24,0
DA:25,0
DA:29,0
DA:30,0
DA:33,0
DA:35,0
DA:40,4
DA:41,0
DA:42,0
DA:47,0
DA:48,0
DA:49,0
DA:51,0
DA:53,0
DA:58,4
DA:59,0
DA:60,0
DA:65,0
DA:73,0
DA:74,0
DA:77,0
DA:79,0
DA:84,4
DA:85,0
DA:86,0
DA:87,0
DA:88,0
DA:91,0
DA:93,0
DA:98,4
DA:99,0
DA:100,0
DA:101,0
DA:102,0
DA:105,0
DA:106,0
DA:107,0
DA:109,0
DA:110,0
DA:112,0
DA:114,0
LF:51
LH:7
BRDA:9,0,0,0
BRDA:9,0,1,0
BRDA:29,1,0,0
BRDA:29,1,1,0
BRDA:73,2,0,0
BRDA:73,2,1,0
BRDA:87,3,0,0
BRDA:87,3,1,0
BRDA:101,4,0,0
BRDA:101,4,1,0
BRF:10
BRH:0
end_of_record
TN:
SF:controllers\cartController.js
FN:6,(anonymous_0)
FN:21,(anonymous_1)
FN:35,(anonymous_2)
FN:46,(anonymous_3)
FN:57,(anonymous_4)
FN:66,(anonymous_5)
FN:82,(anonymous_6)
FN:101,(anonymous_7)
FN:113,(anonymous_8)
FN:138,(anonymous_9)
FN:163,(anonymous_10)
FN:246,(anonymous_11)
FNF:12
FNH:0
FNDA:0,(anonymous_0)
FNDA:0,(anonymous_1)
FNDA:0,(anonymous_2)
FNDA:0,(anonymous_3)
FNDA:0,(anonymous_4)
FNDA:0,(anonymous_5)
FNDA:0,(anonymous_6)
FNDA:0,(anonymous_7)
FNDA:0,(anonymous_8)
FNDA:0,(anonymous_9)
FNDA:0,(anonymous_10)
FNDA:0,(anonymous_11)
DA:1,4
DA:2,4
DA:6,4
DA:7,0
DA:8,0
DA:9,0
DA:19,0
DA:20,0
DA:21,0
DA:22,0
DA:27,0
DA:28,0
DA:29,0
DA:31,0
DA:33,0
DA:34,0
DA:35,0
DA:36,0
DA:39,0
DA:40,0
DA:41,0
DA:46,4
DA:47,0
DA:48,0
DA:50,0
DA:51,0
DA:54,0
DA:57,0
DA:59,0
DA:61,0
DA:66,4
DA:67,0
DA:68,0
DA:70,0
DA:71,0
DA:72,0
DA:75,0
DA:77,0
DA:78,0
DA:81,0
DA:82,0
DA:85,0
DA:86,0
DA:88,0
DA:91,0
DA:92,0
DA:94,0
DA:96,0
DA:101,4
DA:102,0
DA:103,0
DA:104,0
DA:106,0
DA:107,0
DA:108,0
DA:112,0
DA:113,0
DA:116,0
DA:117,0
DA:120,0
DA:122,0
DA:123,0
DA:125,0
DA:128,0
DA:129,0
DA:131,0
DA:133,0
DA:138,4
DA:139,0
DA:140,0
DA:141,0
DA:142,0
DA:144,0
DA:145,0
DA:148,0
DA:149,0
DA:152,0
DA:154,0
DA:155,0
DA:156,0
DA:159,0
DA:162,0
DA:164,0
DA:165,0
DA:166,0
DA:168,0
DA:169,0
DA:170,0
DA:172,0
DA:176,0
DA:179,0
DA:180,0
DA:181,0
DA:182,0
DA:187,0
DA:189,0
DA:191,0
DA:192,0
DA:193,0
DA:195,0
DA:196,0
DA:197,0
DA:205,0
DA:206,0
DA:207,0
DA:208,0
DA:211,0
DA:212,0
DA:219,0
DA:220,0
DA:221,0
DA:222,0
DA:223,0
DA:224,0
DA:226,0
DA:227,0
DA:229,0
DA:230,0
DA:231,0
DA:233,0
DA:236,0
DA:237,0
DA:238,0
DA:246,4
DA:247,0
DA:248,0
DA:250,0
DA:251,0
DA:254,0
DA:255,0
DA:256,0
DA:258,0
DA:260,0
LF:133
LH:8
BRDA:7,0,0,0
BRDA:7,0,1,0
BRDA:20,1,0,0
BRDA:20,1,1,0
BRDA:20,2,0,0
BRDA:20,2,1,0
BRDA:22,3,0,0
BRDA:22,3,1,0
BRDA:27,4,0,0
BRDA:27,4,1,0
BRDA:34,5,0,0
BRDA:34,5,1,0
BRDA:34,6,0,0
BRDA:34,6,1,0
BRDA:36,7,0,0
BRDA:36,7,1,0
BRDA:39,8,0,0
BRDA:39,8,1,0
BRDA:50,9,0,0
BRDA:50,9,1,0
BRDA:57,10,0,0
BRDA:57,10,1,0
BRDA:68,11,0,0
BRDA:71,12,0,0
BRDA:71,12,1,0
BRDA:71,13,0,0
BRDA:71,13,1,0
BRDA:77,14,0,0
BRDA:77,14,1,0
BRDA:85,15,0,0
BRDA:85,15,1,0
BRDA:107,16,0,0
BRDA:107,16,1,0
BRDA:113,17,0,0
BRDA:113,17,1,0
BRDA:116,18,0,0
BRDA:116,18,1,0
BRDA:122,19,0,0
BRDA:122,19,1,0
BRDA:144,20,0,0
BRDA:144,20,1,0
BRDA:148,21,0,0
BRDA:148,21,1,0
BRDA:148,22,0,0
BRDA:148,22,1,0
BRDA:154,23,0,0
BRDA:154,23,1,0
BRDA:159,24,0,0
BRDA:159,24,1,0
BRDA:164,25,0,0
BRDA:164,25,1,0
BRDA:164,26,0,0
BRDA:164,26,1,0
BRDA:169,27,0,0
BRDA:169,27,1,0
BRDA:179,28,0,0
BRDA:179,28,1,0
BRDA:207,29,0,0
BRDA:207,29,1,0
BRDA:223,30,0,0
BRDA:223,30,1,0
BRDA:229,31,0,0
BRDA:229,31,1,0
BRDA:230,32,0,0
BRDA:230,32,1,0
BRDA:239,33,0,0
BRDA:239,33,1,0
BRDA:240,34,0,0
BRDA:240,34,1,0
BRDA:250,35,0,0
BRDA:250,35,1,0
BRF:71
BRH:0
end_of_record
TN:
SF:controllers\categoryController.js
FN:6,(anonymous_0)
FN:25,(anonymous_1)
FN:57,(anonymous_2)
FN:78,(anonymous_3)
FN:106,(anonymous_4)
FN:120,(anonymous_5)
FN:138,(anonymous_6)
FN:142,(anonymous_7)
FNF:8
FNH:0
FNDA:0,(anonymous_0)
FNDA:0,(anonymous_1)
FNDA:0,(anonymous_2)
FNDA:0,(anonymous_3)
FNDA:0,(anonymous_4)
FNDA:0,(anonymous_5)
FNDA:0,(anonymous_6)
FNDA:0,(anonymous_7)
DA:1,4
DA:2,4
DA:3,4
DA:6,4
DA:7,0
DA:8,0
DA:9,0
DA:11,0
DA:13,0
DA:18,0
DA:20,0
DA:25,4
DA:26,0
DA:27,0
DA:28,0
DA:29,0
DA:33,0
DA:43,0
DA:50,0
DA:52,0
DA:57,4
DA:58,0
DA:60,0
DA:61,0
DA:63,0
DA:70,0
DA:71,0
DA:73,0
DA:78,4
DA:79,0
DA:80,0
DA:85,0
DA:86,0
DA:89,0
DA:95,0
DA:96,0
DA:99,0
DA:101,0
DA:106,4
DA:107,0
DA:108,0
DA:109,0
DA:110,0
DA:113,0
DA:115,0
DA:120,4
DA:121,0
DA:122,0
DA:123,0
DA:124,0
DA:127,0
DA:128,0
DA:129,0
DA:131,0
DA:133,0
DA:138,4
DA:139,0
DA:140,0
DA:142,0
DA:143,0
DA:146,0
DA:148,0
DA:149,0
DA:151,0
LF:64
LH:10
BRDA:11,0,0,0
BRDA:11,0,1,0
BRDA:28,1,0,0
BRDA:28,1,1,0
BRDA:61,2,0,0
BRDA:61,2,1,0
BRDA:65,3,0,0
BRDA:65,3,1,0
BRDA:66,4,0,0
BRDA:66,4,1,0
BRDA:85,5,0,0
BRDA:85,5,1,0
BRDA:95,6,0,0
BRDA:95,6,1,0
BRDA:109,7,0,0
BRDA:109,7,1,0
BRDA:123,8,0,0
BRDA:123,8,1,0
BRF:18
BRH:0
end_of_record
TN:
SF:controllers\orderController.js
FN:7,(anonymous_0)
FN:41,(anonymous_1)
FN:59,(anonymous_2)
FNF:3
FNH:0
FNDA:0,(anonymous_0)
FNDA:0,(anonymous_1)
FNDA:0,(anonymous_2)
DA:1,4
DA:2,4
DA:3,4
DA:4,4
DA:7,4
DA:8,0
DA:15,0
DA:17,0
DA:18,0
DA:22,0
DA:23,0
DA:24,0
DA:25,0
DA:26,0
DA:29,0
DA:30,0
DA:34,0
DA:35,0
DA:36,0
DA:40,0
DA:42,0
DA:43,0
DA:53,0
DA:59,0
DA:65,0
DA:66,0
DA:68,0
DA:69,0
LF:28
LH:5
BRDA:17,0,0,0
BRDA:17,0,1,0
BRDA:17,1,0,0
BRDA:17,1,1,0
BRDA:17,1,2,0
BRDA:17,1,3,0
BRDA:23,2,0,0
BRDA:23,2,1,0
BRDA:23,3,0,0
BRDA:23,3,1,0
BRDA:25,4,0,0
BRDA:25,4,1,0
BRDA:29,5,0,0
BRDA:29,5,1,0
BRDA:35,6,0,0
BRDA:35,6,1,0
BRDA:45,7,0,0
BRDA:45,7,1,0
BRDA:45,8,0,0
BRDA:45,8,1,0
BRDA:47,9,0,0
BRDA:47,9,1,0
BRDA:48,10,0,0
BRDA:48,10,1,0
BRDA:55,11,0,0
BRDA:55,11,1,0
BRDA:55,11,2,0
BRDA:59,12,0,0
BRDA:59,12,1,0
BRDA:61,13,0,0
BRDA:61,13,1,0
BRDA:61,13,2,0
BRDA:62,14,0,0
BRDA:62,14,1,0
BRF:34
BRH:0
end_of_record
TN:
SF:controllers\permissionController.js
FN:4,(anonymous_0)
FN:24,(anonymous_1)
FN:41,(anonymous_2)
FN:56,(anonymous_3)
FN:80,(anonymous_4)
FN:94,(anonymous_5)
FNF:6
FNH:0
FNDA:0,(anonymous_0)
FNDA:0,(anonymous_1)
FNDA:0,(anonymous_2)
FNDA:0,(anonymous_3)
FNDA:0,(anonymous_4)
FNDA:0,(anonymous_5)
DA:1,4
DA:4,4
DA:5,0
DA:6,0
DA:7,0
DA:9,0
DA:10,0
DA:12,0
DA:17,0
DA:19,0
DA:24,4
DA:25,0
DA:26,0
DA:30,0
DA:31,0
DA:34,0
DA:36,0
DA:41,4
DA:42,0
DA:43,0
DA:48,0
DA:49,0
DA:51,0
DA:56,4
DA:57,0
DA:58,0
DA:63,0
DA:69,0
DA:70,0
DA:73,0
DA:75,0
DA:80,4
DA:81,0
DA:82,0
DA:83,0
DA:84,0
DA:87,0
DA:89,0
DA:94,4
DA:95,0
DA:96,0
DA:97,0
DA:98,0
DA:101,0
DA:102,0
DA:103,0
DA:105,0
DA:107,0
LF:48
LH:7
BRDA:9,0,0,0
BRDA:9,0,1,0
BRDA:10,1,0,0
BRDA:10,1,1,0
BRDA:30,2,0,0
BRDA:30,2,1,0
BRDA:69,3,0,0
BRDA:69,3,1,0
BRDA:83,4,0,0
BRDA:83,4,1,0
BRDA:97,5,0,0
BRDA:97,5,1,0
BRF:12
BRH:0
end_of_record
TN:
SF:controllers\productController.js
FN:10,(anonymous_0)
FN:13,(anonymous_1)
FN:39,(anonymous_2)
FN:50,(anonymous_3)
FN:76,(anonymous_4)
FN:88,(anonymous_5)
FN:136,(anonymous_6)
FN:159,(anonymous_7)
FN:191,(anonymous_8)
FN:213,(anonymous_9)
FN:305,(anonymous_10)
FN:424,(anonymous_11)
FN:460,(anonymous_12)
FN:487,(anonymous_13)
FN:505,(anonymous_14)
FNF:15
FNH:3
FNDA:2,(anonymous_0)
FNDA:0,(anonymous_1)
FNDA:0,(anonymous_2)
FNDA:0,(anonymous_3)
FNDA:2,(anonymous_4)
FNDA:0,(anonymous_5)
FNDA:0,(anonymous_6)
FNDA:0,(anonymous_7)
FNDA:0,(anonymous_8)
FNDA:1,(anonymous_9)
FNDA:0,(anonymous_10)
FNDA:0,(anonymous_11)
FNDA:0,(anonymous_12)
FNDA:0,(anonymous_13)
FNDA:0,(anonymous_14)
DA:1,4
DA:2,4
DA:3,4
DA:4,4
DA:5,4
DA:6,4
DA:7,4
DA:10,4
DA:11,2
DA:13,0
DA:14,0
DA:16,0
DA:17,0
DA:19,0
DA:22,0
DA:38,0
DA:39,0
DA:41,0
DA:42,0
DA:50,0
DA:51,0
DA:52,0
DA:53,0
DA:56,0
DA:57,0
DA:58,0
DA:59,0
DA:61,0
DA:62,0
DA:65,0
DA:66,0
DA:69,0
DA:72,0
DA:76,4
DA:77,2
DA:78,2
DA:79,2
DA:82,2
DA:83,0
DA:86,2
DA:87,0
DA:88,0
DA:89,0
DA:90,0
DA:93,0
DA:96,2
DA:97,1
DA:100,2
DA:101,2
DA:102,2
DA:103,2
DA:104,0
DA:110,2
DA:111,2
DA:112,2
DA:113,0
DA:114,0
DA:116,0
DA:119,2
DA:127,2
DA:129,2
DA:131,0
DA:136,4
DA:137,0
DA:138,0
DA:144,0
DA:145,0
DA:150,0
DA:151,0
DA:156,0
DA:157,0
DA:159,0
DA:160,0
DA:161,0
DA:164,0
DA:165,0
DA:171,0
DA:172,0
DA:173,0
DA:177,0
DA:178,0
DA:179,0
DA:180,0
DA:184,0
DA:186,0
DA:191,4
DA:192,0
DA:193,0
DA:194,0
DA:196,0
DA:198,0
DA:204,0
DA:206,0
DA:208,0
DA:213,4
DA:214,1
DA:215,1
DA:223,1
DA:224,0
DA:228,1
DA:229,1
DA:233,1
DA:234,0
DA:238,1
DA:239,0
DA:243,1
DA:248,1
DA:250,0
DA:255,0
DA:256,0
DA:263,0
DA:264,0
DA:271,0
DA:272,0
DA:277,0
DA:278,0
DA:286,0
DA:287,0
DA:295,1
DA:296,1
DA:298,1
DA:300,0
DA:305,4
DA:306,0
DA:308,0
DA:309,0
DA:310,0
DA:311,0
DA:313,0
DA:314,0
DA:317,0
DA:318,0
DA:322,0
DA:323,0
DA:324,0
DA:325,0
DA:327,0
DA:328,0
DA:329,0
DA:332,0
DA:333,0
DA:334,0
DA:335,0
DA:340,0
DA:346,0
DA:347,0
DA:351,0
DA:352,0
DA:356,0
DA:357,0
DA:361,0
DA:362,0
DA:365,0
DA:366,0
DA:370,0
DA:371,0
DA:372,0
DA:376,0
DA:378,0
DA:383,0
DA:384,0
DA:389,0
DA:390,0
DA:398,0
DA:399,0
DA:407,0
DA:413,0
DA:414,0
DA:417,0
DA:419,0
DA:424,4
DA:425,0
DA:427,0
DA:428,0
DA:429,0
DA:430,0
DA:432,0
DA:433,0
DA:437,0
DA:438,0
DA:439,0
DA:440,0
DA:442,0
DA:443,0
DA:444,0
DA:448,0
DA:449,0
DA:450,0
DA:453,0
DA:455,0
DA:460,4
DA:461,0
DA:462,0
DA:463,0
DA:464,0
DA:467,0
DA:468,0
DA:469,0
DA:470,0
DA:471,0
DA:473,0
DA:474,0
DA:477,0
DA:478,0
DA:480,0
DA:482,0
DA:487,4
DA:488,0
DA:489,0
DA:490,0
DA:491,0
DA:494,0
DA:495,0
DA:496,0
DA:498,0
DA:500,0
DA:505,4
DA:506,0
DA:507,0
DA:510,0
DA:511,0
DA:514,0
DA:515,0
DA:519,0
DA:524,0
DA:526,0
DA:537,0
DA:549,0
DA:563,0
DA:564,0
DA:566,0
DA:567,0
DA:569,0
DA:578,0
LF:234
LH:47
BRDA:11,0,0,2
BRDA:11,0,1,0
BRDA:11,1,0,2
BRDA:11,1,1,2
BRDA:14,2,0,0
BRDA:14,2,1,0
BRDA:16,3,0,0
BRDA:16,3,1,0
BRDA:17,4,0,0
BRDA:17,4,1,0
BRDA:43,5,0,0
BRDA:43,5,1,0
BRDA:44,6,0,0
BRDA:44,6,1,0
BRDA:51,7,0,0
BRDA:51,7,1,0
BRDA:56,8,0,0
BRDA:56,8,1,0
BRDA:56,9,0,0
BRDA:56,9,1,0
BRDA:57,10,0,0
BRDA:57,10,1,0
BRDA:58,11,0,0
BRDA:58,11,1,0
BRDA:59,12,0,0
BRDA:59,12,1,0
BRDA:59,13,0,0
BRDA:59,13,1,0
BRDA:59,13,2,0
BRDA:61,14,0,0
BRDA:61,14,1,0
BRDA:62,15,0,0
BRDA:62,15,1,0
BRDA:78,16,0,2
BRDA:82,17,0,0
BRDA:82,17,1,2
BRDA:82,18,0,2
BRDA:82,18,1,0
BRDA:82,18,2,0
BRDA:86,19,0,0
BRDA:86,19,1,2
BRDA:86,20,0,2
BRDA:86,20,1,0
BRDA:89,21,0,0
BRDA:89,21,1,0
BRDA:96,22,0,1
BRDA:96,22,1,1
BRDA:100,23,0,0
BRDA:100,23,1,2
BRDA:101,24,0,0
BRDA:101,24,1,2
BRDA:102,25,0,0
BRDA:102,25,1,2
BRDA:103,26,0,0
BRDA:103,26,1,2
BRDA:111,27,0,2
BRDA:111,27,1,0
BRDA:113,28,0,0
BRDA:113,28,1,0
BRDA:144,29,0,0
BRDA:144,29,1,0
BRDA:150,30,0,0
BRDA:150,30,1,0
BRDA:150,31,0,0
BRDA:150,31,1,0
BRDA:157,32,0,0
BRDA:157,32,1,0
BRDA:171,33,0,0
BRDA:171,33,1,0
BRDA:171,34,0,0
BRDA:171,34,1,0
BRDA:171,34,2,0
BRDA:172,35,0,0
BRDA:172,35,1,0
BRDA:177,36,0,0
BRDA:177,36,1,0
BRDA:177,37,0,0
BRDA:177,37,1,0
BRDA:178,38,0,0
BRDA:178,38,1,0
BRDA:179,39,0,0
BRDA:179,39,1,0
BRDA:179,40,0,0
BRDA:179,40,1,0
BRDA:193,41,0,0
BRDA:196,42,0,0
BRDA:196,42,1,0
BRDA:217,43,0,0
BRDA:217,43,1,1
BRDA:217,44,0,1
BRDA:217,44,1,0
BRDA:218,45,0,1
BRDA:218,45,1,0
BRDA:223,46,0,0
BRDA:223,46,1,1
BRDA:224,47,0,0
BRDA:224,47,1,0
BRDA:228,48,0,1
BRDA:228,48,1,0
BRDA:229,49,0,1
BRDA:229,49,1,0
BRDA:233,50,0,0
BRDA:233,50,1,1
BRDA:234,51,0,0
BRDA:234,51,1,0
BRDA:238,52,0,0
BRDA:238,52,1,1
BRDA:239,53,0,0
BRDA:239,53,1,0
BRDA:248,54,0,0
BRDA:248,54,1,1
BRDA:255,55,0,0
BRDA:255,55,1,0
BRDA:255,56,0,0
BRDA:255,56,1,0
BRDA:263,57,0,0
BRDA:263,57,1,0
BRDA:271,58,0,0
BRDA:271,58,1,0
BRDA:277,59,0,0
BRDA:277,59,1,0
BRDA:277,60,0,0
BRDA:277,60,1,0
BRDA:286,61,0,0
BRDA:286,61,1,0
BRDA:308,62,0,0
BRDA:308,62,1,0
BRDA:308,63,0,0
BRDA:308,63,1,0
BRDA:308,63,2,0
BRDA:310,64,0,0
BRDA:310,64,1,0
BRDA:313,65,0,0
BRDA:313,65,1,0
BRDA:317,66,0,0
BRDA:317,66,1,0
BRDA:317,67,0,0
BRDA:317,67,1,0
BRDA:322,68,0,0
BRDA:322,68,1,0
BRDA:322,69,0,0
BRDA:322,69,1,0
BRDA:324,70,0,0
BRDA:324,70,1,0
BRDA:327,71,0,0
BRDA:327,71,1,0
BRDA:328,72,0,0
BRDA:328,72,1,0
BRDA:328,73,0,0
BRDA:328,73,1,0
BRDA:332,74,0,0
BRDA:332,74,1,0
BRDA:334,75,0,0
BRDA:334,75,1,0
BRDA:334,76,0,0
BRDA:334,76,1,0
BRDA:346,77,0,0
BRDA:346,77,1,0
BRDA:347,78,0,0
BRDA:347,78,1,0
BRDA:351,79,0,0
BRDA:351,79,1,0
BRDA:352,80,0,0
BRDA:352,80,1,0
BRDA:356,81,0,0
BRDA:356,81,1,0
BRDA:357,82,0,0
BRDA:357,82,1,0
BRDA:361,83,0,0
BRDA:361,83,1,0
BRDA:362,84,0,0
BRDA:362,84,1,0
BRDA:365,85,0,0
BRDA:365,85,1,0
BRDA:371,86,0,0
BRDA:371,86,1,0
BRDA:376,87,0,0
BRDA:376,87,1,0
BRDA:376,88,0,0
BRDA:376,88,1,0
BRDA:383,89,0,0
BRDA:383,89,1,0
BRDA:389,90,0,0
BRDA:389,90,1,0
BRDA:389,91,0,0
BRDA:389,91,1,0
BRDA:398,92,0,0
BRDA:398,92,1,0
BRDA:413,93,0,0
BRDA:413,93,1,0
BRDA:427,94,0,0
BRDA:427,94,1,0
BRDA:427,95,0,0
BRDA:427,95,1,0
BRDA:427,95,2,0
BRDA:429,96,0,0
BRDA:429,96,1,0
BRDA:432,97,0,0
BRDA:432,97,1,0
BRDA:437,98,0,0
BRDA:437,98,1,0
BRDA:437,99,0,0
BRDA:437,99,1,0
BRDA:439,100,0,0
BRDA:439,100,1,0
BRDA:443,101,0,0
BRDA:443,101,1,0
BRDA:443,102,0,0
BRDA:443,102,1,0
BRDA:449,103,0,0
BRDA:449,103,1,0
BRDA:463,104,0,0
BRDA:463,104,1,0
BRDA:473,105,0,0
BRDA:473,105,1,0
BRDA:490,106,0,0
BRDA:490,106,1,0
BRDA:510,107,0,0
BRDA:510,107,1,0
BRDA:510,108,0,0
BRDA:510,108,1,0
BRDA:510,108,2,0
BRDA:514,109,0,0
BRDA:514,109,1,0
BRDA:524,110,0,0
BRDA:524,110,1,0
BRDA:563,111,0,0
BRDA:563,111,1,0
BRDA:563,112,0,0
BRDA:563,112,1,0
BRDA:564,113,0,0
BRDA:564,113,1,0
BRDA:564,114,0,0
BRDA:564,114,1,0
BRDA:566,115,0,0
BRDA:566,115,1,0
BRDA:567,116,0,0
BRDA:567,116,1,0
BRF:238
BRH:24
end_of_record
TN:
SF:controllers\reportController.js
FN:9,(anonymous_0)
FN:28,(anonymous_1)
FN:72,(anonymous_2)
FN:73,(anonymous_3)
FN:77,(anonymous_4)
FN:95,(anonymous_5)
FN:109,(anonymous_6)
FN:133,(anonymous_7)
FN:183,(anonymous_8)
FN:184,(anonymous_9)
FN:188,(anonymous_10)
FN:206,(anonymous_11)
FN:224,(anonymous_12)
FN:262,(anonymous_13)
FN:263,(anonymous_14)
FN:267,(anonymous_15)
FN:285,(anonymous_16)
FN:305,(anonymous_17)
FN:306,(anonymous_18)
FN:353,(anonymous_19)
FN:354,(anonymous_20)
FN:358,(anonymous_21)
FN:376,(anonymous_22)
FN:413,(anonymous_23)
FN:455,(anonymous_24)
FN:456,(anonymous_25)
FN:460,(anonymous_26)
FNF:27
FNH:3
FNDA:0,(anonymous_0)
FNDA:0,(anonymous_1)
FNDA:0,(anonymous_2)
FNDA:0,(anonymous_3)
FNDA:0,(anonymous_4)
FNDA:2,(anonymous_5)
FNDA:0,(anonymous_6)
FNDA:0,(anonymous_7)
FNDA:0,(anonymous_8)
FNDA:0,(anonymous_9)
FNDA:0,(anonymous_10)
FNDA:1,(anonymous_11)
FNDA:0,(anonymous_12)
FNDA:0,(anonymous_13)
FNDA:0,(anonymous_14)
FNDA:0,(anonymous_15)
FNDA:2,(anonymous_16)
FNDA:0,(anonymous_17)
FNDA:0,(anonymous_18)
FNDA:0,(anonymous_19)
FNDA:0,(anonymous_20)
FNDA:0,(anonymous_21)
FNDA:0,(anonymous_22)
FNDA:0,(anonymous_23)
FNDA:0,(anonymous_24)
FNDA:0,(anonymous_25)
FNDA:0,(anonymous_26)
DA:1,4
DA:2,4
DA:3,4
DA:4,4
DA:5,4
DA:6,4
DA:9,4
DA:10,0
DA:11,0
DA:13,0
DA:14,0
DA:15,0
DA:16,0
DA:17,0
DA:20,0
DA:27,0
DA:28,0
DA:47,0
DA:48,0
DA:51,0
DA:52,0
DA:53,0
DA:54,0
DA:55,0
DA:56,0
DA:60,0
DA:61,0
DA:64,0
DA:65,0
DA:72,0
DA:73,0
DA:77,0
DA:78,0
DA:81,0
DA:83,0
DA:84,0
DA:85,0
DA:87,0
DA:90,0
DA:95,4
DA:96,2
DA:97,2
DA:99,2
DA:102,2
DA:103,0
DA:106,2
DA:107,0
DA:108,0
DA:109,0
DA:110,0
DA:111,0
DA:114,0
DA:118,2
DA:119,0
DA:120,0
DA:121,0
DA:124,2
DA:132,2
DA:133,0
DA:158,0
DA:159,0
DA:162,0
DA:163,0
DA:164,0
DA:165,0
DA:166,0
DA:167,0
DA:171,0
DA:172,0
DA:175,0
DA:176,0
DA:183,0
DA:184,0
DA:188,0
DA:189,0
DA:192,0
DA:194,0
DA:195,0
DA:196,0
DA:198,2
DA:201,0
DA:206,4
DA:207,1
DA:208,1
DA:210,1
DA:211,1
DA:212,0
DA:213,0
DA:214,0
DA:217,1
DA:223,1
DA:224,0
DA:237,0
DA:238,0
DA:241,0
DA:242,0
DA:243,0
DA:244,0
DA:245,0
DA:246,0
DA:250,0
DA:251,0
DA:254,0
DA:255,0
DA:262,0
DA:263,0
DA:267,0
DA:268,0
DA:271,0
DA:273,0
DA:274,0
DA:275,0
DA:277,1
DA:280,0
DA:285,4
DA:286,2
DA:287,2
DA:289,2
DA:290,2
DA:291,0
DA:292,0
DA:293,0
DA:296,2
DA:302,2
DA:304,0
DA:305,0
DA:306,0
DA:307,0
DA:328,0
DA:329,0
DA:332,0
DA:333,0
DA:334,0
DA:335,0
DA:336,0
DA:337,0
DA:341,0
DA:342,0
DA:345,0
DA:346,0
DA:353,0
DA:354,0
DA:358,0
DA:359,0
DA:362,0
DA:364,0
DA:365,0
DA:366,0
DA:368,2
DA:371,0
DA:376,4
DA:377,0
DA:378,0
DA:380,0
DA:383,0
DA:384,0
DA:385,0
DA:386,0
DA:387,0
DA:388,0
DA:389,0
DA:394,0
DA:395,0
DA:399,0
DA:400,0
DA:403,0
DA:412,0
DA:413,0
DA:430,0
DA:431,0
DA:434,0
DA:435,0
DA:436,0
DA:437,0
DA:438,0
DA:439,0
DA:443,0
DA:444,0
DA:447,0
DA:448,0
DA:455,0
DA:456,0
DA:460,0
DA:461,0
DA:464,0
DA:466,0
DA:467,0
DA:468,0
DA:470,0
DA:473,0
LF:190
LH:34
BRDA:11,0,0,0
BRDA:14,1,0,0
BRDA:14,1,1,0
BRDA:14,2,0,0
BRDA:14,2,1,0
BRDA:16,3,0,0
BRDA:16,3,1,0
BRDA:17,4,0,0
BRDA:17,4,1,0
BRDA:27,5,0,0
BRDA:27,5,1,0
BRDA:33,6,0,0
BRDA:33,6,1,0
BRDA:34,7,0,0
BRDA:34,7,1,0
BRDA:36,8,0,0
BRDA:36,8,1,0
BRDA:37,9,0,0
BRDA:37,9,1,0
BRDA:38,10,0,0
BRDA:38,10,1,0
BRDA:39,11,0,0
BRDA:39,11,1,0
BRDA:40,12,0,0
BRDA:40,12,1,0
BRDA:41,13,0,0
BRDA:41,13,1,0
BRDA:43,14,0,0
BRDA:43,14,1,0
BRDA:51,15,0,0
BRDA:51,15,1,0
BRDA:51,16,0,0
BRDA:51,16,1,0
BRDA:60,17,0,0
BRDA:60,17,1,0
BRDA:73,18,0,0
BRDA:73,18,1,0
BRDA:97,19,0,2
BRDA:102,20,0,0
BRDA:102,20,1,2
BRDA:102,21,0,2
BRDA:102,21,1,2
BRDA:102,21,2,0
BRDA:106,22,0,0
BRDA:106,22,1,2
BRDA:106,23,0,2
BRDA:106,23,1,2
BRDA:110,24,0,0
BRDA:110,24,1,0
BRDA:118,25,0,0
BRDA:118,25,1,2
BRDA:118,26,0,2
BRDA:118,26,1,2
BRDA:120,27,0,0
BRDA:120,27,1,0
BRDA:121,28,0,0
BRDA:121,28,1,0
BRDA:132,29,0,0
BRDA:132,29,1,2
BRDA:137,30,0,0
BRDA:137,30,1,0
BRDA:138,31,0,0
BRDA:138,31,1,0
BRDA:140,32,0,0
BRDA:140,32,1,0
BRDA:141,33,0,0
BRDA:141,33,1,0
BRDA:142,34,0,0
BRDA:142,34,1,0
BRDA:143,35,0,0
BRDA:143,35,1,0
BRDA:144,36,0,0
BRDA:144,36,1,0
BRDA:145,37,0,0
BRDA:145,37,1,0
BRDA:146,38,0,0
BRDA:146,38,1,0
BRDA:147,39,0,0
BRDA:147,39,1,0
BRDA:148,40,0,0
BRDA:148,40,1,0
BRDA:149,41,0,0
BRDA:149,41,1,0
BRDA:150,42,0,0
BRDA:150,42,1,0
BRDA:151,43,0,0
BRDA:151,43,1,0
BRDA:152,44,0,0
BRDA:152,44,1,0
BRDA:154,45,0,0
BRDA:154,45,1,0
BRDA:162,46,0,0
BRDA:162,46,1,0
BRDA:162,47,0,0
BRDA:162,47,1,0
BRDA:171,48,0,0
BRDA:171,48,1,0
BRDA:184,49,0,0
BRDA:184,49,1,0
BRDA:208,50,0,1
BRDA:211,51,0,0
BRDA:211,51,1,1
BRDA:211,52,0,1
BRDA:211,52,1,1
BRDA:213,53,0,0
BRDA:213,53,1,0
BRDA:214,54,0,0
BRDA:214,54,1,0
BRDA:223,55,0,0
BRDA:223,55,1,1
BRDA:226,56,0,0
BRDA:226,56,1,0
BRDA:227,57,0,0
BRDA:227,57,1,0
BRDA:228,58,0,0
BRDA:228,58,1,0
BRDA:229,59,0,0
BRDA:229,59,1,0
BRDA:230,60,0,0
BRDA:230,60,1,0
BRDA:230,60,2,0
BRDA:231,61,0,0
BRDA:231,61,1,0
BRDA:232,62,0,0
BRDA:232,62,1,0
BRDA:233,63,0,0
BRDA:233,63,1,0
BRDA:241,64,0,0
BRDA:241,64,1,0
BRDA:241,65,0,0
BRDA:241,65,1,0
BRDA:250,66,0,0
BRDA:250,66,1,0
BRDA:263,67,0,0
BRDA:263,67,1,0
BRDA:287,68,0,2
BRDA:290,69,0,0
BRDA:290,69,1,2
BRDA:290,70,0,2
BRDA:290,70,1,2
BRDA:292,71,0,0
BRDA:292,71,1,0
BRDA:293,72,0,0
BRDA:293,72,1,0
BRDA:302,73,0,0
BRDA:302,73,1,2
BRDA:310,74,0,0
BRDA:310,74,1,0
BRDA:310,74,2,0
BRDA:311,75,0,0
BRDA:311,75,1,0
BRDA:312,76,0,0
BRDA:312,76,1,0
BRDA:312,76,2,0
BRDA:313,77,0,0
BRDA:313,77,1,0
BRDA:314,78,0,0
BRDA:314,78,1,0
BRDA:315,79,0,0
BRDA:315,79,1,0
BRDA:315,79,2,0
BRDA:321,80,0,0
BRDA:321,80,1,0
BRDA:322,81,0,0
BRDA:322,81,1,0
BRDA:323,82,0,0
BRDA:323,82,1,0
BRDA:332,83,0,0
BRDA:332,83,1,0
BRDA:332,84,0,0
BRDA:332,84,1,0
BRDA:341,85,0,0
BRDA:341,85,1,0
BRDA:354,86,0,0
BRDA:354,86,1,0
BRDA:378,87,0,0
BRDA:383,88,0,0
BRDA:383,88,1,0
BRDA:383,89,0,0
BRDA:383,89,1,0
BRDA:385,90,0,0
BRDA:385,90,1,0
BRDA:386,91,0,0
BRDA:386,91,1,0
BRDA:394,92,0,0
BRDA:394,92,1,0
BRDA:399,93,0,0
BRDA:399,93,1,0
BRDA:412,94,0,0
BRDA:412,94,1,0
BRDA:416,95,0,0
BRDA:416,95,1,0
BRDA:416,95,2,0
BRDA:417,96,0,0
BRDA:417,96,1,0
BRDA:418,97,0,0
BRDA:418,97,1,0
BRDA:418,97,2,0
BRDA:419,98,0,0
BRDA:419,98,1,0
BRDA:419,98,2,0
BRDA:419,98,3,0
BRDA:420,99,0,0
BRDA:420,99,1,0
BRDA:424,100,0,0
BRDA:424,100,1,0
BRDA:424,100,2,0
BRDA:425,101,0,0
BRDA:425,101,1,0
BRDA:425,101,2,0
BRDA:425,101,3,0
BRDA:426,102,0,0
BRDA:426,102,1,0
BRDA:426,102,2,0
BRDA:427,103,0,0
BRDA:427,103,1,0
BRDA:434,104,0,0
BRDA:434,104,1,0
BRDA:434,105,0,0
BRDA:434,105,1,0
BRDA:443,106,0,0
BRDA:443,106,1,0
BRDA:456,107,0,0
BRDA:456,107,1,0
BRF:224
BRH:21
end_of_record
TN:
SF:controllers\reviewController.js
FN:5,(anonymous_0)
FN:16,(anonymous_1)
FN:29,(anonymous_2)
FN:41,(anonymous_3)
FN:51,(anonymous_4)
FN:106,(anonymous_5)
FN:133,(anonymous_6)
FNF:7
FNH:0
FNDA:0,(anonymous_0)
FNDA:0,(anonymous_1)
FNDA:0,(anonymous_2)
FNDA:0,(anonymous_3)
FNDA:0,(anonymous_4)
FNDA:0,(anonymous_5)
FNDA:0,(anonymous_6)
DA:1,4
DA:2,4
DA:5,4
DA:6,0
DA:11,0
DA:15,0
DA:16,0
DA:20,0
DA:25,0
DA:29,4
DA:30,0
DA:31,0
DA:40,0
DA:41,0
DA:44,0
DA:46,0
DA:51,4
DA:52,0
DA:53,0
DA:54,0
DA:57,0
DA:58,0
DA:62,0
DA:63,0
DA:64,0
DA:69,0
DA:70,0
DA:71,0
DA:75,0
DA:80,0
DA:82,0
DA:87,0
DA:94,0
DA:97,0
DA:99,0
DA:101,0
DA:106,4
DA:107,0
DA:108,0
DA:113,0
DA:114,0
DA:117,0
DA:118,0
DA:119,0
DA:121,0
DA:124,0
DA:126,0
DA:128,0
DA:133,4
DA:134,0
DA:135,0
DA:140,0
DA:141,0
DA:144,0
DA:145,0
DA:148,0
DA:150,0
DA:152,0
LF:58
LH:7
BRDA:15,0,0,0
BRDA:15,0,1,0
BRDA:40,1,0,0
BRDA:40,1,1,0
BRDA:57,2,0,0
BRDA:57,2,1,0
BRDA:62,3,0,0
BRDA:62,3,1,0
BRDA:63,4,0,0
BRDA:63,4,1,0
BRDA:63,5,0,0
BRDA:63,5,1,0
BRDA:70,6,0,0
BRDA:70,6,1,0
BRDA:70,7,0,0
BRDA:70,7,1,0
BRDA:80,8,0,0
BRDA:80,8,1,0
BRDA:91,9,0,0
BRDA:91,9,1,0
BRDA:113,10,0,0
BRDA:113,10,1,0
BRDA:117,11,0,0
BRDA:117,11,1,0
BRDA:118,12,0,0
BRDA:118,12,1,0
BRDA:140,13,0,0
BRDA:140,13,1,0
BRF:28
BRH:0
end_of_record
TN:
SF:controllers\roleController.js
FN:6,(anonymous_0)
FN:21,(anonymous_1)
FN:39,(anonymous_2)
FN:56,(anonymous_3)
FN:80,(anonymous_4)
FN:103,(anonymous_5)
FNF:6
FNH:0
FNDA:0,(anonymous_0)
FNDA:0,(anonymous_1)
FNDA:0,(anonymous_2)
FNDA:0,(anonymous_3)
FNDA:0,(anonymous_4)
FNDA:0,(anonymous_5)
DA:1,4
DA:2,4
DA:3,4
DA:6,4
DA:7,0
DA:8,0
DA:14,0
DA:16,0
DA:21,4
DA:22,0
DA:23,0
DA:28,0
DA:29,0
DA:32,0
DA:34,0
DA:39,4
DA:40,0
DA:41,0
DA:46,0
DA:47,0
DA:49,0
DA:51,0
DA:56,4
DA:57,0
DA:58,0
DA:63,0
DA:69,0
DA:70,0
DA:73,0
DA:75,0
DA:80,4
DA:81,0
DA:82,0
DA:83,0
DA:84,0
DA:88,0
DA:89,0
DA:90,0
DA:95,0
DA:96,0
DA:98,0
DA:103,4
DA:104,0
DA:105,0
DA:106,0
DA:107,0
DA:110,0
DA:111,0
DA:112,0
DA:114,0
DA:115,0
DA:117,0
LF:52
LH:9
BRDA:28,0,0,0
BRDA:28,0,1,0
BRDA:69,1,0,0
BRDA:69,1,1,0
BRDA:83,2,0,0
BRDA:83,2,1,0
BRDA:89,3,0,0
BRDA:89,3,1,0
BRDA:106,4,0,0
BRDA:106,4,1,0
BRF:10
BRH:0
end_of_record
TN:
SF:controllers\shareController.js
FN:7,(anonymous_0)
FNF:1
FNH:0
FNDA:0,(anonymous_0)
DA:1,4
DA:2,4
DA:3,4
DA:4,4
DA:7,4
DA:8,0
DA:16,0
DA:18,0
DA:19,0
DA:22,0
DA:30,0
DA:31,0
DA:32,0
DA:33,0
DA:34,0
DA:36,0
DA:38,0
DA:39,0
DA:40,0
DA:41,0
DA:42,0
DA:44,0
DA:49,0
DA:50,0
DA:51,0
DA:52,0
DA:56,0
DA:57,0
DA:59,0
DA:60,0
DA:64,0
DA:65,0
DA:67,0
DA:68,0
LF:34
LH:5
BRDA:18,0,0,0
BRDA:18,0,1,0
BRDA:18,1,0,0
BRDA:18,1,1,0
BRDA:24,2,0,0
BRDA:24,2,1,0
BRDA:25,3,0,0
BRDA:25,3,1,0
BRDA:25,3,2,0
BRDA:26,4,0,0
BRDA:26,4,1,0
BRDA:30,5,0,0
BRDA:30,5,1,0
BRDA:32,6,0,0
BRDA:32,6,1,0
BRDA:34,7,0,0
BRDA:34,7,1,0
BRDA:38,8,0,0
BRDA:38,8,1,0
BRDA:40,9,0,0
BRDA:40,9,1,0
BRDA:42,10,0,0
BRDA:42,10,1,0
BRDA:49,11,0,0
BRDA:49,11,1,0
BRDA:49,12,0,0
BRDA:49,12,1,0
BRDA:51,13,0,0
BRDA:51,13,1,0
BRDA:56,14,0,0
BRDA:56,14,1,0
BRDA:59,15,0,0
BRDA:59,15,1,0
BRF:33
BRH:0
end_of_record
TN:
SF:controllers\shopController.js
FN:8,(anonymous_0)
FN:44,(anonymous_1)
FN:73,(anonymous_2)
FN:96,(anonymous_3)
FN:116,(anonymous_4)
FN:116,(anonymous_5)
FN:137,(anonymous_6)
FN:170,(anonymous_7)
FN:170,(anonymous_8)
FN:196,(anonymous_9)
FN:227,(anonymous_10)
FN:278,(anonymous_11)
FNF:12
FNH:6
FNDA:3,(anonymous_0)
FNDA:2,(anonymous_1)
FNDA:0,(anonymous_2)
FNDA:1,(anonymous_3)
FNDA:0,(anonymous_4)
FNDA:0,(anonymous_5)
FNDA:1,(anonymous_6)
FNDA:0,(anonymous_7)
FNDA:0,(anonymous_8)
FNDA:1,(anonymous_9)
FNDA:1,(anonymous_10)
FNDA:0,(anonymous_11)
DA:1,4
DA:2,4
DA:3,4
DA:4,4
DA:5,4
DA:8,4
DA:9,3
DA:10,3
DA:11,3
DA:14,3
DA:15,0
DA:16,0
DA:17,0
DA:21,3
DA:22,3
DA:23,3
DA:24,0
DA:30,3
DA:37,3
DA:39,0
DA:44,4
DA:45,2
DA:46,2
DA:52,2
DA:53,1
DA:57,1
DA:58,0
DA:59,0
DA:60,0
DA:61,0
DA:66,1
DA:68,0
DA:73,4
DA:74,0
DA:75,0
DA:78,0
DA:79,0
DA:82,0
DA:87,0
DA:89,0
DA:91,0
DA:96,4
DA:97,1
DA:98,1
DA:105,1
DA:106,0
DA:110,1
DA:111,0
DA:112,0
DA:113,0
DA:116,0
DA:120,1
DA:123,1
DA:126,1
DA:127,1
DA:130,1
DA:132,0
DA:137,4
DA:138,1
DA:140,1
DA:141,1
DA:142,1
DA:143,0
DA:144,0
DA:145,0
DA:147,0
DA:148,0
DA:153,1
DA:159,1
DA:160,0
DA:164,1
DA:165,0
DA:166,0
DA:167,0
DA:170,0
DA:175,1
DA:176,0
DA:179,1
DA:185,1
DA:186,0
DA:189,1
DA:191,0
DA:196,4
DA:197,1
DA:199,1
DA:200,1
DA:201,1
DA:202,0
DA:203,0
DA:204,0
DA:206,0
DA:207,0
DA:212,1
DA:213,1
DA:214,0
DA:218,1
DA:220,1
DA:222,0
DA:227,4
DA:228,1
DA:229,1
DA:230,1
DA:231,0
DA:235,1
DA:236,1
DA:237,1
DA:238,1
DA:239,1
DA:240,1
DA:243,1
DA:244,1
DA:245,1
DA:246,1
DA:247,1
DA:252,1
DA:253,1
DA:254,1
DA:256,0
DA:257,0
DA:258,0
DA:259,0
DA:260,0
DA:261,0
DA:263,0
DA:264,0
DA:265,0
DA:266,0
DA:267,0
DA:271,1
DA:273,0
DA:278,4
DA:279,0
DA:280,0
DA:281,0
DA:282,0
DA:285,0
DA:286,0
DA:287,0
DA:289,0
DA:291,0
LF:140
LH:74
BRDA:14,0,0,0
BRDA:14,0,1,3
BRDA:14,1,0,3
BRDA:14,1,1,0
BRDA:15,2,0,0
BRDA:15,2,1,0
BRDA:16,3,0,0
BRDA:16,3,1,0
BRDA:16,4,0,0
BRDA:16,4,1,0
BRDA:21,5,0,1
BRDA:21,5,1,2
BRDA:22,6,0,1
BRDA:22,6,1,2
BRDA:23,7,0,0
BRDA:23,7,1,3
BRDA:52,8,0,1
BRDA:52,8,1,1
BRDA:57,9,0,0
BRDA:57,9,1,1
BRDA:57,10,0,1
BRDA:57,10,1,0
BRDA:58,11,0,0
BRDA:58,11,1,0
BRDA:59,12,0,0
BRDA:59,12,1,0
BRDA:59,13,0,0
BRDA:59,13,1,0
BRDA:60,14,0,0
BRDA:60,14,1,0
BRDA:78,15,0,0
BRDA:78,15,1,0
BRDA:100,16,0,0
BRDA:100,16,1,1
BRDA:105,17,0,0
BRDA:105,17,1,1
BRDA:106,18,0,0
BRDA:106,18,1,0
BRDA:110,19,0,0
BRDA:110,19,1,1
BRDA:111,20,0,0
BRDA:111,20,1,0
BRDA:126,21,0,1
BRDA:126,21,1,0
BRDA:140,22,0,1
BRDA:140,22,1,0
BRDA:140,23,0,1
BRDA:140,23,1,1
BRDA:141,24,0,1
BRDA:141,24,1,0
BRDA:142,25,0,0
BRDA:142,25,1,1
BRDA:142,26,0,1
BRDA:142,26,1,1
BRDA:144,27,0,0
BRDA:144,27,1,0
BRDA:147,28,0,0
BRDA:147,28,1,0
BRDA:159,29,0,0
BRDA:159,29,1,1
BRDA:160,30,0,0
BRDA:160,30,1,0
BRDA:164,31,0,0
BRDA:164,31,1,1
BRDA:165,32,0,0
BRDA:165,32,1,0
BRDA:175,33,0,0
BRDA:175,33,1,1
BRDA:185,34,0,0
BRDA:185,34,1,1
BRDA:199,35,0,1
BRDA:199,35,1,0
BRDA:199,36,0,1
BRDA:199,36,1,1
BRDA:200,37,0,1
BRDA:200,37,1,0
BRDA:201,38,0,0
BRDA:201,38,1,1
BRDA:201,39,0,1
BRDA:201,39,1,1
BRDA:203,40,0,0
BRDA:203,40,1,0
BRDA:206,41,0,0
BRDA:206,41,1,0
BRDA:213,42,0,0
BRDA:213,42,1,1
BRDA:230,43,0,0
BRDA:230,43,1,1
BRDA:243,44,0,1
BRDA:243,44,1,0
BRDA:244,45,0,1
BRDA:244,45,1,0
BRDA:245,46,0,1
BRDA:245,46,1,0
BRDA:254,47,0,0
BRDA:254,47,1,1
BRDA:254,48,0,1
BRDA:254,48,1,0
BRDA:258,49,0,0
BRDA:258,49,1,0
BRDA:281,50,0,0
BRDA:281,50,1,0
BRF:102
BRH:40
end_of_record
TN:
SF:controllers\subscriptionController.js
FN:12,(anonymous_0)
FN:23,(anonymous_1)
FN:39,(anonymous_2)
FN:50,(anonymous_3)
FN:58,(anonymous_4)
FN:64,(anonymous_5)
FN:84,(anonymous_6)
FN:98,(anonymous_7)
FN:122,(anonymous_8)
FN:145,(anonymous_9)
FN:179,(anonymous_10)
FN:195,(anonymous_11)
FN:225,(anonymous_12)
FN:247,(anonymous_13)
FN:262,(anonymous_14)
FN:277,(anonymous_15)
FN:307,(anonymous_16)
FN:322,(anonymous_17)
FN:332,(anonymous_18)
FN:367,(anonymous_19)
FN:389,(anonymous_20)
FN:405,(anonymous_21)
FN:450,(anonymous_22)
FN:473,(anonymous_23)
FN:490,(anonymous_24)
FN:616,(anonymous_25)
FN:640,(anonymous_26)
FN:647,(anonymous_27)
FN:662,(anonymous_28)
FN:705,(anonymous_29)
FN:721,(anonymous_30)
FN:737,(anonymous_31)
FN:792,(anonymous_32)
FNF:33
FNH:0
FNDA:0,(anonymous_0)
FNDA:0,(anonymous_1)
FNDA:0,(anonymous_2)
FNDA:0,(anonymous_3)
FNDA:0,(anonymous_4)
FNDA:0,(anonymous_5)
FNDA:0,(anonymous_6)
FNDA:0,(anonymous_7)
FNDA:0,(anonymous_8)
FNDA:0,(anonymous_9)
FNDA:0,(anonymous_10)
FNDA:0,(anonymous_11)
FNDA:0,(anonymous_12)
FNDA:0,(anonymous_13)
FNDA:0,(anonymous_14)
FNDA:0,(anonymous_15)
FNDA:0,(anonymous_16)
FNDA:0,(anonymous_17)
FNDA:0,(anonymous_18)
FNDA:0,(anonymous_19)
FNDA:0,(anonymous_20)
FNDA:0,(anonymous_21)
FNDA:0,(anonymous_22)
FNDA:0,(anonymous_23)
FNDA:0,(anonymous_24)
FNDA:0,(anonymous_25)
FNDA:0,(anonymous_26)
FNDA:0,(anonymous_27)
FNDA:0,(anonymous_28)
FNDA:0,(anonymous_29)
FNDA:0,(anonymous_30)
FNDA:0,(anonymous_31)
FNDA:0,(anonymous_32)
DA:1,4
DA:2,4
DA:3,4
DA:4,4
DA:5,4
DA:6,4
DA:7,4
DA:8,4
DA:9,4
DA:12,4
DA:13,0
DA:14,0
DA:18,0
DA:22,0
DA:24,0
DA:38,0
DA:39,0
DA:40,0
DA:41,0
DA:49,0
DA:50,0
DA:51,0
DA:54,0
DA:58,0
DA:64,0
DA:74,0
DA:79,0
DA:84,4
DA:85,0
DA:86,0
DA:91,0
DA:93,0
DA:98,4
DA:99,0
DA:100,0
DA:102,0
DA:103,0
DA:106,0
DA:114,0
DA:115,0
DA:117,0
DA:122,4
DA:123,0
DA:124,0
DA:126,0
DA:127,0
DA:128,0
DA:131,0
DA:132,0
DA:133,0
DA:134,0
DA:135,0
DA:137,0
DA:138,0
DA:140,0
DA:145,4
DA:146,0
DA:147,0
DA:148,0
DA:149,0
DA:153,0
DA:158,0
DA:159,0
DA:165,0
DA:171,0
DA:172,0
DA:174,0
DA:179,4
DA:180,0
DA:181,0
DA:188,0
DA:190,0
DA:195,4
DA:196,0
DA:197,0
DA:199,0
DA:200,0
DA:203,0
DA:204,0
DA:205,0
DA:208,0
DA:217,0
DA:218,0
DA:220,0
DA:225,4
DA:226,0
DA:227,0
DA:229,0
DA:230,0
DA:231,0
DA:234,0
DA:235,0
DA:236,0
DA:237,0
DA:239,0
DA:240,0
DA:242,0
DA:247,4
DA:248,0
DA:249,0
DA:250,0
DA:251,0
DA:254,0
DA:255,0
DA:257,0
DA:262,4
DA:263,0
DA:264,0
DA:270,0
DA:272,0
DA:277,4
DA:278,0
DA:279,0
DA:281,0
DA:282,0
DA:285,0
DA:286,0
DA:287,0
DA:290,0
DA:300,0
DA:302,0
DA:307,4
DA:308,0
DA:309,0
DA:310,0
DA:311,0
DA:314,0
DA:315,0
DA:317,0
DA:322,4
DA:323,0
DA:324,0
DA:325,0
DA:327,0
DA:332,4
DA:333,0
DA:334,0
DA:336,0
DA:337,0
DA:342,0
DA:343,0
DA:348,0
DA:356,0
DA:357,0
DA:359,0
DA:360,0
DA:362,0
DA:367,4
DA:368,0
DA:369,0
DA:371,0
DA:372,0
DA:373,0
DA:376,0
DA:377,0
DA:378,0
DA:379,0
DA:381,0
DA:382,0
DA:384,0
DA:389,4
DA:390,0
DA:391,0
DA:398,0
DA:400,0
DA:405,4
DA:406,0
DA:407,0
DA:409,0
DA:410,0
DA:415,0
DA:416,0
DA:417,0
DA:420,0
DA:421,0
DA:422,0
DA:425,0
DA:438,0
DA:440,0
DA:441,0
DA:445,0
DA:450,4
DA:451,0
DA:452,0
DA:454,0
DA:455,0
DA:456,0
DA:459,0
DA:460,0
DA:461,0
DA:462,0
DA:463,0
DA:465,0
DA:466,0
DA:468,0
DA:473,4
DA:474,0
DA:475,0
DA:483,0
DA:485,0
DA:490,4
DA:491,0
DA:492,0
DA:494,0
DA:495,0
DA:500,0
DA:501,0
DA:502,0
DA:505,0
DA:506,0
DA:507,0
DA:510,0
DA:511,0
DA:512,0
DA:516,0
DA:520,0
DA:521,0
DA:522,0
DA:525,0
DA:526,0
DA:527,0
DA:530,0
DA:531,0
DA:564,0
DA:565,0
DA:567,0
DA:584,0
DA:600,0
DA:601,0
DA:602,0
DA:603,0
DA:604,0
DA:607,0
DA:609,0
DA:611,0
DA:616,4
DA:617,0
DA:618,0
DA:620,0
DA:621,0
DA:624,0
DA:630,0
DA:631,0
DA:635,0
DA:639,0
DA:640,0
DA:641,0
DA:645,0
DA:646,0
DA:647,0
DA:648,0
DA:651,0
DA:657,0
DA:662,4
DA:663,0
DA:664,0
DA:669,0
DA:670,0
DA:673,0
DA:678,0
DA:679,0
DA:682,0
DA:683,0
DA:685,0
DA:686,0
DA:689,0
DA:690,0
DA:698,0
DA:700,0
DA:705,4
DA:706,0
DA:707,0
DA:716,0
DA:721,4
DA:722,0
DA:723,0
DA:732,0
DA:737,4
DA:738,0
DA:739,0
DA:740,0
DA:742,0
DA:743,0
DA:747,0
DA:748,0
DA:749,0
DA:752,0
DA:753,0
DA:754,0
DA:758,0
DA:759,0
DA:760,0
DA:761,0
DA:762,0
DA:763,0
DA:764,0
DA:768,0
DA:778,0
DA:780,0
DA:787,0
DA:792,4
DA:793,0
DA:794,0
DA:796,0
DA:797,0
DA:798,0
DA:801,0
DA:802,0
DA:803,0
DA:804,0
DA:805,0
DA:806,0
DA:807,0
DA:811,0
DA:822,0
DA:824,0
DA:831,0
LF:317
LH:35
BRDA:102,0,0,0
BRDA:102,0,1,0
BRDA:108,1,0,0
BRDA:108,1,1,0
BRDA:109,2,0,0
BRDA:109,2,1,0
BRDA:127,3,0,0
BRDA:127,3,1,0
BRDA:131,4,0,0
BRDA:131,4,1,0
BRDA:132,5,0,0
BRDA:132,5,1,0
BRDA:133,6,0,0
BRDA:133,6,1,0
BRDA:134,7,0,0
BRDA:134,7,1,0
BRDA:148,8,0,0
BRDA:148,8,1,0
BRDA:158,9,0,0
BRDA:158,9,1,0
BRDA:199,10,0,0
BRDA:199,10,1,0
BRDA:204,11,0,0
BRDA:204,11,1,0
BRDA:211,12,0,0
BRDA:211,12,1,0
BRDA:212,13,0,0
BRDA:212,13,1,0
BRDA:230,14,0,0
BRDA:230,14,1,0
BRDA:234,15,0,0
BRDA:234,15,1,0
BRDA:235,16,0,0
BRDA:235,16,1,0
BRDA:236,17,0,0
BRDA:236,17,1,0
BRDA:250,18,0,0
BRDA:250,18,1,0
BRDA:281,19,0,0
BRDA:281,19,1,0
BRDA:281,20,0,0
BRDA:281,20,1,0
BRDA:286,21,0,0
BRDA:286,21,1,0
BRDA:310,22,0,0
BRDA:310,22,1,0
BRDA:336,23,0,0
BRDA:336,23,1,0
BRDA:336,24,0,0
BRDA:336,24,1,0
BRDA:336,24,2,0
BRDA:342,25,0,0
BRDA:342,25,1,0
BRDA:359,26,0,0
BRDA:359,26,1,0
BRDA:372,27,0,0
BRDA:372,27,1,0
BRDA:376,28,0,0
BRDA:376,28,1,0
BRDA:377,29,0,0
BRDA:377,29,1,0
BRDA:378,30,0,0
BRDA:378,30,1,0
BRDA:409,31,0,0
BRDA:409,31,1,0
BRDA:409,32,0,0
BRDA:409,32,1,0
BRDA:416,33,0,0
BRDA:416,33,1,0
BRDA:421,34,0,0
BRDA:421,34,1,0
BRDA:429,35,0,0
BRDA:429,35,1,0
BRDA:430,36,0,0
BRDA:430,36,1,0
BRDA:440,37,0,0
BRDA:440,37,1,0
BRDA:455,38,0,0
BRDA:455,38,1,0
BRDA:459,39,0,0
BRDA:459,39,1,0
BRDA:460,40,0,0
BRDA:460,40,1,0
BRDA:461,41,0,0
BRDA:461,41,1,0
BRDA:462,42,0,0
BRDA:462,42,1,0
BRDA:494,43,0,0
BRDA:494,43,1,0
BRDA:494,44,0,0
BRDA:494,44,1,0
BRDA:494,44,2,0
BRDA:501,45,0,0
BRDA:501,45,1,0
BRDA:506,46,0,0
BRDA:506,46,1,0
BRDA:511,47,0,0
BRDA:511,47,1,0
BRDA:520,48,0,0
BRDA:520,48,1,0
BRDA:525,49,0,0
BRDA:525,49,1,0
BRDA:525,50,0,0
BRDA:525,50,1,0
BRDA:525,50,2,0
BRDA:530,51,0,0
BRDA:530,51,1,0
BRDA:530,52,0,0
BRDA:530,52,1,0
BRDA:565,53,0,0
BRDA:565,53,1,0
BRDA:586,54,0,0
BRDA:586,54,1,0
BRDA:589,55,0,0
BRDA:589,55,1,0
BRDA:591,56,0,0
BRDA:591,56,1,0
BRDA:591,56,2,0
BRDA:596,57,0,0
BRDA:596,57,1,0
BRDA:600,58,0,0
BRDA:600,58,1,0
BRDA:602,59,0,0
BRDA:602,59,1,0
BRDA:604,60,0,0
BRDA:604,60,1,0
BRDA:604,60,2,0
BRDA:618,61,0,0
BRDA:618,61,1,0
BRDA:620,62,0,0
BRDA:620,62,1,0
BRDA:630,63,0,0
BRDA:630,63,1,0
BRDA:662,64,0,0
BRDA:669,65,0,0
BRDA:669,65,1,0
BRDA:678,66,0,0
BRDA:678,66,1,0
BRDA:683,67,0,0
BRDA:683,67,1,0
BRDA:685,68,0,0
BRDA:685,68,1,0
BRDA:689,69,0,0
BRDA:689,69,1,0
BRDA:705,70,0,0
BRDA:721,71,0,0
BRDA:740,72,0,0
BRDA:740,73,0,0
BRDA:742,74,0,0
BRDA:742,74,1,0
BRDA:748,75,0,0
BRDA:748,75,1,0
BRDA:753,76,0,0
BRDA:753,76,1,0
BRDA:758,77,0,0
BRDA:758,77,1,0
BRDA:758,78,0,0
BRDA:758,78,1,0
BRDA:760,79,0,0
BRDA:760,79,1,0
BRDA:761,80,0,0
BRDA:761,80,1,0
BRDA:794,81,0,0
BRDA:794,82,0,0
BRDA:797,83,0,0
BRDA:797,83,1,0
BRDA:798,84,0,0
BRDA:798,84,1,0
BRDA:801,85,0,0
BRDA:801,85,1,0
BRDA:801,86,0,0
BRDA:801,86,1,0
BRDA:803,87,0,0
BRDA:803,87,1,0
BRDA:804,88,0,0
BRDA:804,88,1,0
BRF:176
BRH:0
end_of_record
TN:
SF:controllers\userController.js
FN:5,(anonymous_0)
FN:34,(anonymous_1)
FN:54,(anonymous_2)
FN:83,(anonymous_3)
FN:117,(anonymous_4)
FN:131,(anonymous_5)
FNF:6
FNH:0
FNDA:0,(anonymous_0)
FNDA:0,(anonymous_1)
FNDA:0,(anonymous_2)
FNDA:0,(anonymous_3)
FNDA:0,(anonymous_4)
FNDA:0,(anonymous_5)
DA:1,4
DA:2,4
DA:5,4
DA:6,0
DA:7,0
DA:8,0
DA:10,0
DA:11,0
DA:12,0
DA:13,0
DA:19,0
DA:27,0
DA:29,0
DA:34,4
DA:35,0
DA:36,0
DA:43,0
DA:44,0
DA:47,0
DA:49,0
DA:54,4
DA:55,0
DA:56,0
DA:62,0
DA:63,0
DA:66,0
DA:67,0
DA:70,0
DA:71,0
DA:73,0
DA:78,0
DA:83,4
DA:84,0
DA:85,0
DA:91,0
DA:94,0
DA:95,0
DA:98,0
DA:106,0
DA:107,0
DA:110,0
DA:112,0
DA:117,4
DA:118,0
DA:119,0
DA:120,0
DA:121,0
DA:124,0
DA:126,0
DA:131,4
DA:132,0
DA:133,0
DA:134,0
DA:135,0
DA:138,0
DA:139,0
DA:140,0
DA:142,0
DA:143,0
DA:148,0
LF:60
LH:8
BRDA:10,0,0,0
BRDA:10,0,1,0
BRDA:11,1,0,0
BRDA:11,1,1,0
BRDA:12,2,0,0
BRDA:12,2,1,0
BRDA:43,3,0,0
BRDA:43,3,1,0
BRDA:66,4,0,0
BRDA:66,4,1,0
BRDA:66,5,0,0
BRDA:66,5,1,0
BRDA:66,5,2,0
BRDA:94,6,0,0
BRDA:94,6,1,0
BRDA:94,7,0,0
BRDA:94,7,1,0
BRDA:94,7,2,0
BRDA:106,8,0,0
BRDA:106,8,1,0
BRDA:120,9,0,0
BRDA:120,9,1,0
BRDA:134,10,0,0
BRDA:134,10,1,0
BRF:24
BRH:0
end_of_record
TN:
SF:middleware\auth.js
FN:4,(anonymous_0)
FN:34,(anonymous_1)
FN:61,(anonymous_2)
FN:62,(anonymous_3)
FN:77,(anonymous_4)
FN:78,(anonymous_5)
FN:102,(anonymous_6)
FNF:7
FNH:6
FNDA:24,(anonymous_0)
FNDA:5,(anonymous_1)
FNDA:124,(anonymous_2)
FNDA:0,(anonymous_3)
FNDA:55,(anonymous_4)
FNDA:18,(anonymous_5)
FNDA:132,(anonymous_6)
DA:1,5
DA:2,5
DA:4,5
DA:5,24
DA:6,24
DA:8,24
DA:9,4
DA:12,20
DA:14,18
DA:22,18
DA:23,1
DA:26,17
DA:27,17
DA:29,2
DA:34,5
DA:35,5
DA:36,5
DA:38,5
DA:39,0
DA:41,0
DA:49,0
DA:50,0
DA:54,5
DA:57,0
DA:61,5
DA:62,124
DA:63,0
DA:64,0
DA:67,0
DA:68,0
DA:69,0
DA:72,0
DA:77,5
DA:78,55
DA:79,18
DA:80,1
DA:84,17
DA:85,0
DA:89,17
DA:90,5
DA:98,17
DA:99,17
DA:102,17
DA:104,132
DA:107,0
DA:110,132
DA:111,132
DA:112,132
DA:113,132
DA:116,132
DA:117,0
DA:121,132
DA:122,132
DA:123,0
DA:124,0
DA:126,0
DA:129,17
DA:130,6
DA:135,11
DA:139,5
LF:60
LH:43
BRDA:8,0,0,4
BRDA:8,0,1,20
BRDA:12,1,0,20
BRDA:12,1,1,0
BRDA:22,2,0,1
BRDA:22,2,1,17
BRDA:22,3,0,18
BRDA:22,3,1,18
BRDA:38,4,0,0
BRDA:38,4,1,5
BRDA:39,5,0,0
BRDA:39,5,1,0
BRDA:49,6,0,0
BRDA:49,6,1,0
BRDA:49,7,0,0
BRDA:49,7,1,0
BRDA:63,8,0,0
BRDA:63,8,1,0
BRDA:68,9,0,0
BRDA:68,9,1,0
BRDA:79,10,0,1
BRDA:79,10,1,17
BRDA:84,11,0,0
BRDA:84,11,1,17
BRDA:89,12,0,5
BRDA:89,12,1,12
BRDA:89,13,0,17
BRDA:89,13,1,17
BRDA:89,13,2,12
BRDA:99,14,0,17
BRDA:99,14,1,0
BRDA:104,15,0,0
BRDA:104,15,1,132
BRDA:116,16,0,0
BRDA:116,16,1,132
BRDA:121,17,0,132
BRDA:121,17,1,0
BRDA:123,18,0,0
BRDA:123,18,1,0
BRDA:123,19,0,0
BRDA:123,19,1,0
BRDA:124,20,0,0
BRDA:124,20,1,0
BRDA:129,21,0,6
BRDA:129,21,1,11
BRF:45
BRH:22
end_of_record
TN:
SF:middleware\upload.js
FN:12,(anonymous_0)
FN:29,(anonymous_1)
FN:36,(anonymous_2)
FNF:3
FNH:0
FNDA:0,(anonymous_0)
FNDA:0,(anonymous_1)
FNDA:0,(anonymous_2)
DA:1,4
DA:2,4
DA:3,4
DA:6,4
DA:7,4
DA:8,0
DA:11,4
DA:13,0
DA:15,0
DA:16,0
DA:17,0
DA:18,0
DA:19,0
DA:20,0
DA:23,0
DA:24,0
DA:27,0
DA:30,0
DA:31,0
DA:32,0
DA:36,4
DA:37,0
DA:38,0
DA:39,0
DA:41,0
DA:42,0
DA:44,0
DA:48,4
DA:54,4
LF:29
LH:9
BRDA:7,0,0,0
BRDA:7,0,1,4
BRDA:15,1,0,0
BRDA:15,1,1,0
BRDA:17,2,0,0
BRDA:17,2,1,0
BRDA:19,3,0,0
BRDA:19,3,1,0
BRDA:23,4,0,0
BRDA:23,4,1,0
BRDA:31,5,0,0
BRDA:31,5,1,0
BRDA:41,6,0,0
BRDA:41,6,1,0
BRDA:41,7,0,0
BRDA:41,7,1,0
BRF:16
BRH:1
end_of_record
TN:
SF:models\BillingCycle.js
FNF:0
FNH:0
DA:1,4
DA:3,4
DA:38,4
DA:40,4
LF:4
LH:4
BRF:0
BRH:0
end_of_record
TN:
SF:models\Cart.js
FN:33,(anonymous_0)
FNF:1
FNH:0
FNDA:0,(anonymous_0)
DA:1,4
DA:3,4
DA:33,4
DA:34,0
DA:35,0
DA:39,4
LF:6
LH:4
BRDA:34,0,0,0
BRDA:34,0,1,0
BRDA:34,1,0,0
BRDA:34,1,1,0
BRF:4
BRH:0
end_of_record
TN:
SF:models\Category.js
FNF:0
FNH:0
DA:1,6
DA:3,6
DA:44,6
LF:3
LH:3
BRF:0
BRH:0
end_of_record
TN:
SF:models\Config.js
FNF:0
FNH:0
DA:1,4
DA:3,4
DA:21,4
LF:3
LH:3
BRF:0
BRH:0
end_of_record
TN:
SF:models\OrderLog.js
FNF:0
FNH:0
DA:1,4
DA:3,4
DA:67,4
LF:3
LH:3
BRF:0
BRH:0
end_of_record
TN:
SF:models\Permission.js
FNF:0
FNH:0
DA:1,5
DA:3,5
DA:41,5
LF:3
LH:3
BRF:0
BRH:0
end_of_record
TN:
SF:models\Product.js
FNF:0
FNH:0
DA:1,4
DA:3,4
DA:110,4
DA:112,4
LF:4
LH:4
BRF:0
BRH:0
end_of_record
TN:
SF:models\Review.js
FNF:0
FNH:0
DA:1,4
DA:3,4
DA:33,4
DA:35,4
LF:4
LH:4
BRF:0
BRH:0
end_of_record
TN:
SF:models\Role.js
FNF:0
FNH:0
DA:1,7
DA:3,7
DA:36,7
LF:3
LH:3
BRF:0
BRH:0
end_of_record
TN:
SF:models\ShareLog.js
FNF:0
FNH:0
DA:1,4
DA:3,4
DA:48,4
LF:3
LH:3
BRF:0
BRH:0
end_of_record
TN:
SF:models\Shop.js
FN:61,(anonymous_0)
FN:97,(anonymous_1)
FNF:2
FNH:2
FNDA:32,(anonymous_0)
FNDA:30,(anonymous_1)
DA:1,6
DA:3,6
DA:62,32
DA:97,6
DA:98,30
DA:99,0
DA:104,6
DA:106,6
LF:8
LH:7
BRDA:98,0,0,0
BRDA:98,0,1,30
BRF:2
BRH:1
end_of_record
TN:
SF:models\ShopSubscription.js
FNF:0
FNH:0
DA:1,4
DA:3,4
DA:64,4
DA:65,4
DA:67,4
LF:5
LH:5
BRF:0
BRH:0
end_of_record
TN:
SF:models\SubscriptionLog.js
FNF:0
FNH:0
DA:1,4
DA:3,4
DA:84,4
DA:85,4
DA:87,4
LF:5
LH:5
BRF:0
BRH:0
end_of_record
TN:
SF:models\SubscriptionPlan.js
FNF:0
FNH:0
DA:1,4
DA:3,4
DA:35,4
DA:37,4
LF:4
LH:4
BRF:0
BRH:0
end_of_record
TN:
SF:models\SubscriptionPlanFeature.js
FNF:0
FNH:0
DA:1,4
DA:3,4
DA:36,4
DA:38,4
LF:4
LH:4
BRF:0
BRH:0
end_of_record
TN:
SF:models\SubscriptionPlanLimit.js
FNF:0
FNH:0
DA:1,4
DA:3,4
DA:32,4
DA:34,4
LF:4
LH:4
BRF:0
BRH:0
end_of_record
TN:
SF:models\SubscriptionPricing.js
FNF:0
FNH:0
DA:1,4
DA:3,4
DA:50,4
DA:51,4
DA:53,4
LF:5
LH:5
BRF:0
BRH:0
end_of_record
TN:
SF:models\SubscriptionUsage.js
FNF:0
FNH:0
DA:1,4
DA:3,4
DA:28,4
DA:29,4
DA:31,4
LF:5
LH:5
BRF:0
BRH:0
end_of_record
TN:
SF:models\User.js
FN:63,(anonymous_0)
FN:73,(anonymous_1)
FNF:2
FNH:2
FNDA:76,(anonymous_0)
FNDA:5,(anonymous_1)
DA:1,7
DA:2,7
DA:4,7
DA:63,7
DA:65,76
DA:66,2
DA:69,74
DA:73,7
DA:74,5
DA:77,7
LF:10
LH:10
BRDA:65,0,0,2
BRDA:65,0,1,74
BRF:2
BRH:2
end_of_record
TN:
SF:routes\auth.js
FNF:0
FNH:0
DA:1,4
DA:2,4
DA:3,4
DA:4,4
DA:44,4
DA:45,4
DA:90,4
DA:126,4
DA:171,4
DA:195,4
DA:197,4
LF:11
LH:11
BRF:0
BRH:0
end_of_record
TN:
SF:routes\billingCycles.js
FNF:0
FNH:0
DA:1,4
DA:2,4
DA:3,4
DA:4,4
DA:6,4
DA:32,4
DA:54,4
DA:91,4
DA:130,4
DA:152,4
DA:174,4
DA:176,4
LF:12
LH:12
BRF:0
BRH:0
end_of_record
TN:
SF:routes\cart.js
FNF:0
FNH:0
DA:1,4
DA:2,4
DA:3,4
DA:4,4
DA:6,4
DA:31,4
DA:64,4
DA:97,4
DA:118,4
DA:132,4
DA:134,4
LF:11
LH:11
BRF:0
BRH:0
end_of_record
TN:
SF:routes\categories.js
FNF:0
FNH:0
DA:1,4
DA:2,4
DA:3,4
DA:4,4
DA:5,4
DA:29,4
DA:49,4
DA:85,4
DA:121,4
DA:141,4
DA:161,4
DA:191,4
DA:193,4
LF:13
LH:13
BRF:0
BRH:0
end_of_record
TN:
SF:routes\orders.js
FNF:0
FNH:0
DA:1,4
DA:2,4
DA:3,4
DA:4,4
DA:52,4
DA:54,4
LF:6
LH:6
BRF:0
BRH:0
end_of_record
TN:
SF:routes\permissions.js
FNF:0
FNH:0
DA:1,4
DA:2,4
DA:3,4
DA:4,4
DA:6,4
DA:8,4
DA:9,4
DA:10,4
DA:11,4
DA:12,4
DA:13,4
DA:15,4
LF:12
LH:12
BRF:0
BRH:0
end_of_record
TN:
SF:routes\products.js
FNF:0
FNH:0
DA:1,4
DA:2,4
DA:3,4
DA:4,4
DA:5,4
DA:35,4
DA:74,4
DA:95,4
DA:135,4
DA:179,4
DA:217,4
DA:239,4
DA:259,4
DA:280,4
DA:282,4
LF:15
LH:15
BRF:0
BRH:0
end_of_record
TN:
SF:routes\reports.js
FNF:0
FNH:0
DA:1,4
DA:2,4
DA:3,4
DA:4,4
DA:6,4
DA:9,4
DA:10,4
DA:11,4
DA:12,4
DA:13,4
DA:15,4
LF:11
LH:11
BRF:0
BRH:0
end_of_record
TN:
SF:routes\reviews.js
FNF:0
FNH:0
DA:1,4
DA:2,4
DA:3,4
DA:4,4
DA:7,4
DA:10,4
DA:11,4
DA:12,4
DA:14,4
LF:9
LH:9
BRF:0
BRH:0
end_of_record
TN:
SF:routes\roles.js
FNF:0
FNH:0
DA:1,4
DA:2,4
DA:3,4
DA:4,4
DA:6,4
DA:8,4
DA:9,4
DA:10,4
DA:11,4
DA:12,4
DA:13,4
DA:15,4
LF:12
LH:12
BRF:0
BRH:0
end_of_record
TN:
SF:routes\shares.js
FNF:0
FNH:0
DA:1,4
DA:2,4
DA:3,4
DA:4,4
DA:50,4
DA:52,4
LF:6
LH:6
BRF:0
BRH:0
end_of_record
TN:
SF:routes\shops.js
FNF:0
FNH:0
DA:1,4
DA:2,4
DA:3,4
DA:4,4
DA:5,4
DA:48,4
DA:77,4
DA:119,4
DA:161,4
DA:216,4
DA:269,4
DA:318,4
DA:368,4
DA:370,4
LF:14
LH:14
BRF:0
BRH:0
end_of_record
TN:
SF:routes\subscriptions.js
FNF:0
FNH:0
DA:1,4
DA:2,4
DA:3,4
DA:4,4
DA:36,4
DA:52,4
DA:55,4
DA:56,4
DA:70,4
DA:99,4
DA:133,4
DA:153,4
DA:169,4
DA:170,4
DA:186,4
DA:187,4
DA:203,4
DA:204,4
DA:215,4
DA:231,4
DA:232,4
DA:243,4
DA:259,4
DA:260,4
DA:271,4
DA:287,4
DA:288,4
DA:326,4
DA:367,4
DA:369,4
LF:30
LH:30
BRF:0
BRH:0
end_of_record
TN:
SF:routes\users.js
FNF:0
FNH:0
DA:1,4
DA:2,4
DA:3,4
DA:4,4
DA:6,4
DA:46,4
DA:73,4
DA:95,4
DA:134,4
DA:156,4
DA:178,4
DA:180,4
LF:12
LH:12
BRF:0
BRH:0
end_of_record
